<?xml version="1.0" encoding="utf-8"?>
<TestRun id="446ccbe5-8022-4ba7-a868-386d52f95c51" name="472709@HP10864-LT 2025-10-07 15:00:17" runUser="PILOTCORP\472709" xmlns="http://microsoft.com/schemas/VisualStudio/TeamTest/2010">
  <Times creation="2025-10-07T15:00:17.6029172-04:00" queuing="2025-10-07T15:00:17.6029181-04:00" start="2025-10-07T15:00:15.5114799-04:00" finish="2025-10-07T15:00:23.2839341-04:00" />
  <TestSettings name="default" id="c6f8a1b5-b215-4c0c-afcf-b447bf89f65b">
    <Deployment runDeploymentRoot="472709_HP10864-LT_2025-10-07_15_00_17" />
  </TestSettings>
  <Results>
    <UnitTestResult executionId="d98fd61c-48ad-4d5f-8319-4553f4028bbb" testId="d25f0d51-95ce-b0ca-c566-6464207bc324" testName="ExportServiceTests.RunExport_ShouldLogSuccess_WhenSimulationIsSuccessful" computerName="HP10864-LT" duration="00:00:00.0122517" startTime="2025-10-07T15:00:17.6864109-04:00" endTime="2025-10-07T15:00:17.6864118-04:00" testType="13cdc9d9-ddb5-4fa4-a97d-d965ccfc6d4b" outcome="Passed" testListId="8c84fa94-04c1-424b-9868-57a2d4851a1d" relativeResultsDirectory="d98fd61c-48ad-4d5f-8319-4553f4028bbb" />
    <UnitTestResult executionId="8b58954a-d4ad-47e2-bb0d-913adb4e2d69" testId="9d1319bb-7c76-b2a7-7a04-8ffc61d37c9a" testName="FtpClientMockTests.UploadFileAsync_ShouldWriteFileToMockDirectory" computerName="HP10864-LT" duration="00:00:00.0046276" startTime="2025-10-07T15:00:23.1828072-04:00" endTime="2025-10-07T15:00:23.1828077-04:00" testType="13cdc9d9-ddb5-4fa4-a97d-d965ccfc6d4b" outcome="Passed" testListId="8c84fa94-04c1-424b-9868-57a2d4851a1d" relativeResultsDirectory="8b58954a-d4ad-47e2-bb0d-913adb4e2d69" />
    <UnitTestResult executionId="152f1c63-6e47-4ea6-a296-0804f2fb6ec5" testId="e1029a2f-dd08-6044-08b6-6b884db1b807" testName="ProductGroupTests.ProductGroup_ShouldThrowIfNameIsEmpty" computerName="HP10864-LT" duration="00:00:00.0005159" startTime="2025-10-07T15:00:17.5533245-04:00" endTime="2025-10-07T15:00:17.5533246-04:00" testType="13cdc9d9-ddb5-4fa4-a97d-d965ccfc6d4b" outcome="Passed" testListId="8c84fa94-04c1-424b-9868-57a2d4851a1d" relativeResultsDirectory="152f1c63-6e47-4ea6-a296-0804f2fb6ec5" />
    <UnitTestResult executionId="e3069e5a-5ff8-4c58-9fce-e936633cf638" testId="c10c8df3-56e6-79e0-8448-1188e776ba58" testName="JsonGroupRepositoryTests.GetProductGroupAssignments_ShouldReturnAssignments" computerName="HP10864-LT" duration="00:00:00.0655055" startTime="2025-10-07T15:00:17.5569018-04:00" endTime="2025-10-07T15:00:17.5569019-04:00" testType="13cdc9d9-ddb5-4fa4-a97d-d965ccfc6d4b" outcome="Passed" testListId="8c84fa94-04c1-424b-9868-57a2d4851a1d" relativeResultsDirectory="e3069e5a-5ff8-4c58-9fce-e936633cf638" />
    <UnitTestResult executionId="4345dc3a-7b6f-4cf1-b4ba-c6938fe00a4d" testId="1f4c58fd-6160-fecb-f1df-f54c45326b97" testName="FtpClientMockTests.Upload_ShouldLogMessage" computerName="HP10864-LT" duration="00:00:05.1163308" startTime="2025-10-07T15:00:22.8603640-04:00" endTime="2025-10-07T15:00:22.8603644-04:00" testType="13cdc9d9-ddb5-4fa4-a97d-d965ccfc6d4b" outcome="Failed" testListId="8c84fa94-04c1-424b-9868-57a2d4851a1d" relativeResultsDirectory="4345dc3a-7b6f-4cf1-b4ba-c6938fe00a4d">
      <Output>
        <ErrorInfo>
          <Message>System.IO.IOException : The process cannot access the file 'C:\Users\472709\AppData\Local\Temp\test_log_d0589b12-147c-45e9-9255-e19cc9c18d5e.txt' because it is being used by another process.</Message>
          <StackTrace>   at Microsoft.Win32.SafeHandles.SafeFileHandle.CreateFile(String fullPath, FileMode mode, FileAccess access, FileShare share, FileOptions options)&#xD;
   at Microsoft.Win32.SafeHandles.SafeFileHandle.Open(String fullPath, FileMode mode, FileAccess access, FileShare share, FileOptions options, Int64 preallocationSize, Nullable`1 unixCreateMode)&#xD;
   at System.IO.Strategies.OSFileStreamStrategy..ctor(String path, FileMode mode, FileAccess access, FileShare share, FileOptions options, Int64 preallocationSize, Nullable`1 unixCreateMode)&#xD;
   at System.IO.Strategies.AsyncWindowsFileStreamStrategy..ctor(String path, FileMode mode, FileAccess access, FileShare share, FileOptions options, Int64 preallocationSize, Nullable`1 unixCreateMode)&#xD;
   at System.IO.Strategies.FileStreamHelpers.ChooseStrategyCore(String path, FileMode mode, FileAccess access, FileShare share, FileOptions options, Int64 preallocationSize, Nullable`1 unixCreateMode)&#xD;
   at System.IO.FileStream..ctor(String path, FileMode mode, FileAccess access, FileShare share, Int32 bufferSize, FileOptions options, Int64 preallocationSize)&#xD;
   at System.IO.File.AsyncStreamReader(String path, Encoding encoding)&#xD;
   at System.IO.File.InternalReadAllTextAsync(String path, Encoding encoding, CancellationToken cancellationToken)&#xD;
   at FtpClientMockTests.Upload_ShouldLogMessage() in C:\Users\472709\OneDrive - PILOT TRAVEL CENTERS LLC\AdmLodPrototype\AdmLodPrototype.Tests\Services\FtpClientMockTests.cs:line 72&#xD;
--- End of stack trace from previous location ---</StackTrace>
        </ErrorInfo>
      </Output>
    </UnitTestResult>
    <UnitTestResult executionId="9aca2fd5-e787-4e51-9c2b-5121fed1134c" testId="d08793e1-c5b5-985f-2291-994d928fccec" testName="JsonProductRepositoryTests.GetProducts_ShouldReturnParsedProducts" computerName="HP10864-LT" duration="00:00:00.0654016" startTime="2025-10-07T15:00:17.5568142-04:00" endTime="2025-10-07T15:00:17.5568146-04:00" testType="13cdc9d9-ddb5-4fa4-a97d-d965ccfc6d4b" outcome="Passed" testListId="8c84fa94-04c1-424b-9868-57a2d4851a1d" relativeResultsDirectory="9aca2fd5-e787-4e51-9c2b-5121fed1134c" />
    <UnitTestResult executionId="9b1c0007-1f58-41bd-80eb-123432fdd6eb" testId="45396e7d-c1c2-fffc-955a-7eed6f226218" testName="AdmLodFileGeneratorTests.ShouldReportMissingProductFields" computerName="HP10864-LT" duration="00:00:00.0003650" startTime="2025-10-07T15:00:17.5537229-04:00" endTime="2025-10-07T15:00:17.5537230-04:00" testType="13cdc9d9-ddb5-4fa4-a97d-d965ccfc6d4b" outcome="Passed" testListId="8c84fa94-04c1-424b-9868-57a2d4851a1d" relativeResultsDirectory="9b1c0007-1f58-41bd-80eb-123432fdd6eb" />
    <UnitTestResult executionId="c24ab9ee-ef8a-4a54-b2b2-2737d8a1b911" testId="6618aee7-47d4-7edf-2100-f3f46f6942b5" testName="AppSettingsTests.ShouldLoadAppSettingsFromConfiguration" computerName="HP10864-LT" duration="00:00:00.0352687" startTime="2025-10-07T15:00:17.5537913-04:00" endTime="2025-10-07T15:00:17.5537914-04:00" testType="13cdc9d9-ddb5-4fa4-a97d-d965ccfc6d4b" outcome="Passed" testListId="8c84fa94-04c1-424b-9868-57a2d4851a1d" relativeResultsDirectory="c24ab9ee-ef8a-4a54-b2b2-2737d8a1b911" />
    <UnitTestResult executionId="25fb1a93-30be-4f0f-bf74-b709a3d26e7f" testId="43e785b0-c94e-bd5d-2f90-cb6a334e7a64" testName="ProductGroupAssignmentTests.ProductGroupAssignment_ShouldThrowIfInvalid" computerName="HP10864-LT" duration="00:00:00.0068899" startTime="2025-10-07T15:00:17.5162939-04:00" endTime="2025-10-07T15:00:17.5163366-04:00" testType="13cdc9d9-ddb5-4fa4-a97d-d965ccfc6d4b" outcome="Passed" testListId="8c84fa94-04c1-424b-9868-57a2d4851a1d" relativeResultsDirectory="25fb1a93-30be-4f0f-bf74-b709a3d26e7f" />
    <UnitTestResult executionId="20b166bc-e2d1-4fca-a7b7-597da7d0fc3d" testId="9b1a9fc0-9751-1710-ed65-888f7a7925b8" testName="MockResponseGeneratorTests.ShouldReturnSuccessForMergeLines" computerName="HP10864-LT" duration="00:00:00.0001753" startTime="2025-10-07T15:00:17.5534336-04:00" endTime="2025-10-07T15:00:17.5534337-04:00" testType="13cdc9d9-ddb5-4fa4-a97d-d965ccfc6d4b" outcome="Passed" testListId="8c84fa94-04c1-424b-9868-57a2d4851a1d" relativeResultsDirectory="20b166bc-e2d1-4fca-a7b7-597da7d0fc3d" />
    <UnitTestResult executionId="02b8cda4-7910-446a-b748-b1f57425ea3a" testId="c15ee511-f676-b786-d052-eb0b2e15d6f8" testName="FtpClientMockTests.Upload_ShouldLogMessageAsync" computerName="HP10864-LT" duration="00:00:00.1111439" startTime="2025-10-07T15:00:23.0735139-04:00" endTime="2025-10-07T15:00:23.0735140-04:00" testType="13cdc9d9-ddb5-4fa4-a97d-d965ccfc6d4b" outcome="Passed" testListId="8c84fa94-04c1-424b-9868-57a2d4851a1d" relativeResultsDirectory="02b8cda4-7910-446a-b748-b1f57425ea3a" />
    <UnitTestResult executionId="6a78ba4e-f223-41e0-9c36-8dfcfa576cd7" testId="aefc25c3-2bf6-896d-9c70-63f4847ce2fc" testName="ProgramTest.Main_WithValidArgs_ShouldGenerateExpectedFiles(baseArgs: [&quot;export&quot;, &quot;--error&quot;])" computerName="HP10864-LT" duration="00:00:00.0296866" startTime="2025-10-07T15:00:17.6326815-04:00" endTime="2025-10-07T15:00:17.6326817-04:00" testType="13cdc9d9-ddb5-4fa4-a97d-d965ccfc6d4b" outcome="Passed" testListId="8c84fa94-04c1-424b-9868-57a2d4851a1d" relativeResultsDirectory="6a78ba4e-f223-41e0-9c36-8dfcfa576cd7" />
    <UnitTestResult executionId="cf7d1de1-ac3d-436f-b49c-1f90115d9f6b" testId="721cb35b-9369-929c-c3ce-12f36fdaeb7b" testName="FtpClientMockTests.Upload_ShouldCopyFileToMockDirectory" computerName="HP10864-LT" duration="00:00:00.0220985" startTime="2025-10-07T15:00:17.6309670-04:00" endTime="2025-10-07T15:00:17.6309681-04:00" testType="13cdc9d9-ddb5-4fa4-a97d-d965ccfc6d4b" outcome="Passed" testListId="8c84fa94-04c1-424b-9868-57a2d4851a1d" relativeResultsDirectory="cf7d1de1-ac3d-436f-b49c-1f90115d9f6b" />
    <UnitTestResult executionId="3e3dd89b-392f-4e53-b8f5-0b44f84e2b93" testId="dde9be2a-4860-0869-463e-e09eaa4750bf" testName="LoggerTests.Log_ShouldNotFailIfLogFileIsNull" computerName="HP10864-LT" duration="00:00:00.0124441" startTime="2025-10-07T15:00:17.5529280-04:00" endTime="2025-10-07T15:00:17.5529289-04:00" testType="13cdc9d9-ddb5-4fa4-a97d-d965ccfc6d4b" outcome="Passed" testListId="8c84fa94-04c1-424b-9868-57a2d4851a1d" relativeResultsDirectory="3e3dd89b-392f-4e53-b8f5-0b44f84e2b93" />
    <UnitTestResult executionId="916b1ff6-4b60-4b46-a071-ba099b047645" testId="c5efe745-68d3-a58d-5d8e-70d4babe9d13" testName="JsonGroupRepositoryTests.GetProductGroups_ShouldReturnGroupNames" computerName="HP10864-LT" duration="00:00:00.0055618" startTime="2025-10-07T15:00:17.5569852-04:00" endTime="2025-10-07T15:00:17.5569853-04:00" testType="13cdc9d9-ddb5-4fa4-a97d-d965ccfc6d4b" outcome="Passed" testListId="8c84fa94-04c1-424b-9868-57a2d4851a1d" relativeResultsDirectory="916b1ff6-4b60-4b46-a071-ba099b047645" />
    <UnitTestResult executionId="01d88652-9772-4228-acef-49f2a1ac0685" testId="c38470ea-b0ff-6367-f1b4-978310c03bb0" testName="SmokeTests.ShouldPass" computerName="HP10864-LT" duration="00:00:00.0054071" startTime="2025-10-07T15:00:17.5325220-04:00" endTime="2025-10-07T15:00:17.5325221-04:00" testType="13cdc9d9-ddb5-4fa4-a97d-d965ccfc6d4b" outcome="Passed" testListId="8c84fa94-04c1-424b-9868-57a2d4851a1d" relativeResultsDirectory="01d88652-9772-4228-acef-49f2a1ac0685" />
    <UnitTestResult executionId="1e32205c-db71-4d7f-9821-b24d3de6e65c" testId="d427418e-ff77-4a8e-dde5-8eed08b5895b" testName="ProgramTest.Main_WithValidArgs_ShouldGenerateExpectedFiles(baseArgs: [&quot;export&quot;, &quot;--success&quot;, &quot;--logfile&quot;])" computerName="HP10864-LT" duration="00:00:00.0336743" startTime="2025-10-07T15:00:17.6665938-04:00" endTime="2025-10-07T15:00:17.6665948-04:00" testType="13cdc9d9-ddb5-4fa4-a97d-d965ccfc6d4b" outcome="Passed" testListId="8c84fa94-04c1-424b-9868-57a2d4851a1d" relativeResultsDirectory="1e32205c-db71-4d7f-9821-b24d3de6e65c" />
    <UnitTestResult executionId="24b6e36d-bbb8-4d9e-acbc-e4ead642dc2c" testId="9c90d8fc-7408-a914-2f53-f59bfe2d6da7" testName="AdmLodFileGeneratorTests.ShouldGenerateValidMergeLines" computerName="HP10864-LT" duration="00:00:00.0320109" startTime="2025-10-07T15:00:17.5536493-04:00" endTime="2025-10-07T15:00:17.5536494-04:00" testType="13cdc9d9-ddb5-4fa4-a97d-d965ccfc6d4b" outcome="Passed" testListId="8c84fa94-04c1-424b-9868-57a2d4851a1d" relativeResultsDirectory="24b6e36d-bbb8-4d9e-acbc-e4ead642dc2c" />
    <UnitTestResult executionId="c197fac3-d93f-4c53-9792-0fa8a607e204" testId="c77228e2-e714-f75f-b885-6132e3942cab" testName="ExportServiceTests.RunExport_ShouldLogError_WhenSimulationFails" computerName="HP10864-LT" duration="00:00:00.1906752" startTime="2025-10-07T15:00:17.6738870-04:00" endTime="2025-10-07T15:00:17.6738875-04:00" testType="13cdc9d9-ddb5-4fa4-a97d-d965ccfc6d4b" outcome="Passed" testListId="8c84fa94-04c1-424b-9868-57a2d4851a1d" relativeResultsDirectory="c197fac3-d93f-4c53-9792-0fa8a607e204" />
    <UnitTestResult executionId="9a0acbf6-a28c-4cb1-9170-166cd3835229" testId="685b6528-4258-be1b-e11f-899d4eef4a15" testName="ProductTests.Product_ShouldStorePropertiesCorrectly" computerName="HP10864-LT" duration="00:00:00.0001882" startTime="2025-10-07T15:00:17.5532131-04:00" endTime="2025-10-07T15:00:17.5532132-04:00" testType="13cdc9d9-ddb5-4fa4-a97d-d965ccfc6d4b" outcome="Passed" testListId="8c84fa94-04c1-424b-9868-57a2d4851a1d" relativeResultsDirectory="9a0acbf6-a28c-4cb1-9170-166cd3835229" />
    <UnitTestResult executionId="6a48e536-e90e-4f90-986c-74c1168d4bfa" testId="95a872a1-1a02-c0fe-8e60-690b35eebaf9" testName="LoggerTests.Log_ShouldWriteErrorMessageToFile" computerName="HP10864-LT" duration="00:00:05.3455294" startTime="2025-10-07T15:00:22.8577026-04:00" endTime="2025-10-07T15:00:22.8577029-04:00" testType="13cdc9d9-ddb5-4fa4-a97d-d965ccfc6d4b" outcome="Failed" testListId="8c84fa94-04c1-424b-9868-57a2d4851a1d" relativeResultsDirectory="6a48e536-e90e-4f90-986c-74c1168d4bfa">
      <Output>
        <ErrorInfo>
          <Message>Expected error message not found in log file: C:\Users\472709\AppData\Local\Temp\AdmLodLoggerTests\test_log_ad37a4fc-df0e-40ac-8bf4-d2b4e8fd7f15.txt</Message>
          <StackTrace>   at LoggerTests.Log_ShouldWriteErrorMessageToFile() in C:\Users\472709\OneDrive - PILOT TRAVEL CENTERS LLC\AdmLodPrototype\AdmLodPrototype.Tests\Utilities\LoggerTest.cs:line 55&#xD;
--- End of stack trace from previous location ---</StackTrace>
        </ErrorInfo>
      </Output>
    </UnitTestResult>
    <UnitTestResult executionId="6b3b857c-2e17-40dc-b4e8-934007821f9d" testId="0bdcc666-f6cd-653e-32e2-e0a6e4337076" testName="ProductTests.Product_ShouldAllowNullValues" computerName="HP10864-LT" duration="00:00:00.0060298" startTime="2025-10-07T15:00:17.5210415-04:00" endTime="2025-10-07T15:00:17.5210416-04:00" testType="13cdc9d9-ddb5-4fa4-a97d-d965ccfc6d4b" outcome="Passed" testListId="8c84fa94-04c1-424b-9868-57a2d4851a1d" relativeResultsDirectory="6b3b857c-2e17-40dc-b4e8-934007821f9d" />
    <UnitTestResult executionId="b478dd6f-7ac2-4b06-b368-369eac790bc5" testId="a8f27671-537b-52b2-c1a8-ee0fc4977097" testName="MockResponseGeneratorTests.ShouldReturnErrorForErrorLines" computerName="HP10864-LT" duration="00:00:00.0079461" startTime="2025-10-07T15:00:17.5324092-04:00" endTime="2025-10-07T15:00:17.5324093-04:00" testType="13cdc9d9-ddb5-4fa4-a97d-d965ccfc6d4b" outcome="Passed" testListId="8c84fa94-04c1-424b-9868-57a2d4851a1d" relativeResultsDirectory="b478dd6f-7ac2-4b06-b368-369eac790bc5" />
    <UnitTestResult executionId="dee38336-078b-4ca7-93b8-52f576fca214" testId="12b48d8b-3651-4157-4bc2-856a35d8eaf3" testName="AdmLodFileWriterTests.WriteExportFile_ShouldCreateFileWithExpectedContent" computerName="HP10864-LT" duration="00:00:00.0119017" startTime="2025-10-07T15:00:17.5323529-04:00" endTime="2025-10-07T15:00:17.5323529-04:00" testType="13cdc9d9-ddb5-4fa4-a97d-d965ccfc6d4b" outcome="Passed" testListId="8c84fa94-04c1-424b-9868-57a2d4851a1d" relativeResultsDirectory="dee38336-078b-4ca7-93b8-52f576fca214" />
    <UnitTestResult executionId="b5fd40b1-c0fd-49b8-91a0-703509c8b733" testId="641b9667-d560-329a-3ca8-7299a60e4dcc" testName="LoggerTests.Log_ShouldWriteInfoMessageToFile" computerName="HP10864-LT" duration="00:00:00.2196783" startTime="2025-10-07T15:00:23.0731638-04:00" endTime="2025-10-07T15:00:23.0731648-04:00" testType="13cdc9d9-ddb5-4fa4-a97d-d965ccfc6d4b" outcome="Passed" testListId="8c84fa94-04c1-424b-9868-57a2d4851a1d" relativeResultsDirectory="b5fd40b1-c0fd-49b8-91a0-703509c8b733" />
    <UnitTestResult executionId="23903700-a8b6-4810-8a20-c1a14d0fd57f" testId="07fee0d7-34e5-2871-d964-db0fe5d25f92" testName="ResponseParserTests.ShouldCountSuccessAndErrorLines" computerName="HP10864-LT" duration="00:00:00.0158978" startTime="2025-10-07T15:00:17.5532856-04:00" endTime="2025-10-07T15:00:17.5532857-04:00" testType="13cdc9d9-ddb5-4fa4-a97d-d965ccfc6d4b" outcome="Passed" testListId="8c84fa94-04c1-424b-9868-57a2d4851a1d" relativeResultsDirectory="23903700-a8b6-4810-8a20-c1a14d0fd57f" />
    <UnitTestResult executionId="fc06dc45-9720-490a-ad15-c29fe0ddfae0" testId="25f6f985-8768-d5f9-6b76-f8ef7955cac2" testName="AdmLodFileWriterTests.WriteExportFile_ShouldThrowIfPathIsInvalid" computerName="HP10864-LT" duration="00:00:00.0048985" startTime="2025-10-07T15:00:17.5535580-04:00" endTime="2025-10-07T15:00:17.5535581-04:00" testType="13cdc9d9-ddb5-4fa4-a97d-d965ccfc6d4b" outcome="Passed" testListId="8c84fa94-04c1-424b-9868-57a2d4851a1d" relativeResultsDirectory="fc06dc45-9720-490a-ad15-c29fe0ddfae0" />
    <UnitTestResult executionId="40d25836-35e6-4e2f-b604-13596f259063" testId="017552a4-1174-2cc8-24ab-00a2491983b5" testName="ProgramTest.Main_WithValidArgs_ShouldGenerateExpectedFiles(baseArgs: [&quot;export&quot;, &quot;--success&quot;])" computerName="HP10864-LT" duration="00:00:00.1125997" startTime="2025-10-07T15:00:17.6013856-04:00" endTime="2025-10-07T15:00:17.6013863-04:00" testType="13cdc9d9-ddb5-4fa4-a97d-d965ccfc6d4b" outcome="Passed" testListId="8c84fa94-04c1-424b-9868-57a2d4851a1d" relativeResultsDirectory="40d25836-35e6-4e2f-b604-13596f259063" />
    <UnitTestResult executionId="3838cbe8-f644-4de4-886b-24454742858d" testId="e17fcd72-90f2-3bd3-f4c2-cf8f82508923" testName="ProductGroupTests.ProductGroup_ShouldStoreName" computerName="HP10864-LT" duration="00:00:00.0046704" startTime="2025-10-07T15:00:17.5323003-04:00" endTime="2025-10-07T15:00:17.5323006-04:00" testType="13cdc9d9-ddb5-4fa4-a97d-d965ccfc6d4b" outcome="Passed" testListId="8c84fa94-04c1-424b-9868-57a2d4851a1d" relativeResultsDirectory="3838cbe8-f644-4de4-886b-24454742858d" />
  </Results>
  <TestDefinitions>
    <UnitTest name="ResponseParserTests.ShouldCountSuccessAndErrorLines" storage="c:\users\472709\onedrive - pilot travel centers llc\admlodprototype\admlodprototype.tests\bin\debug\net8.0\admlodprototype.tests.dll" id="07fee0d7-34e5-2871-d964-db0fe5d25f92">
      <Execution id="23903700-a8b6-4810-8a20-c1a14d0fd57f" />
      <TestMethod codeBase="C:\Users\472709\OneDrive - PILOT TRAVEL CENTERS LLC\AdmLodPrototype\AdmLodPrototype.Tests\bin\Debug\net8.0\AdmLodPrototype.Tests.dll" adapterTypeName="executor://xunit/VsTestRunner2/netcoreapp" className="ResponseParserTests" name="ShouldCountSuccessAndErrorLines" />
    </UnitTest>
    <UnitTest name="AppSettingsTests.ShouldLoadAppSettingsFromConfiguration" storage="c:\users\472709\onedrive - pilot travel centers llc\admlodprototype\admlodprototype.tests\bin\debug\net8.0\admlodprototype.tests.dll" id="6618aee7-47d4-7edf-2100-f3f46f6942b5">
      <Execution id="c24ab9ee-ef8a-4a54-b2b2-2737d8a1b911" />
      <TestMethod codeBase="C:\Users\472709\OneDrive - PILOT TRAVEL CENTERS LLC\AdmLodPrototype\AdmLodPrototype.Tests\bin\Debug\net8.0\AdmLodPrototype.Tests.dll" adapterTypeName="executor://xunit/VsTestRunner2/netcoreapp" className="AppSettingsTests" name="ShouldLoadAppSettingsFromConfiguration" />
    </UnitTest>
    <UnitTest name="MockResponseGeneratorTests.ShouldReturnSuccessForMergeLines" storage="c:\users\472709\onedrive - pilot travel centers llc\admlodprototype\admlodprototype.tests\bin\debug\net8.0\admlodprototype.tests.dll" id="9b1a9fc0-9751-1710-ed65-888f7a7925b8">
      <Execution id="20b166bc-e2d1-4fca-a7b7-597da7d0fc3d" />
      <TestMethod codeBase="C:\Users\472709\OneDrive - PILOT TRAVEL CENTERS LLC\AdmLodPrototype\AdmLodPrototype.Tests\bin\Debug\net8.0\AdmLodPrototype.Tests.dll" adapterTypeName="executor://xunit/VsTestRunner2/netcoreapp" className="MockResponseGeneratorTests" name="ShouldReturnSuccessForMergeLines" />
    </UnitTest>
    <UnitTest name="ProgramTest.Main_WithValidArgs_ShouldGenerateExpectedFiles(baseArgs: [&quot;export&quot;, &quot;--error&quot;])" storage="c:\users\472709\onedrive - pilot travel centers llc\admlodprototype\admlodprototype.tests\bin\debug\net8.0\admlodprototype.tests.dll" id="aefc25c3-2bf6-896d-9c70-63f4847ce2fc">
      <Execution id="6a78ba4e-f223-41e0-9c36-8dfcfa576cd7" />
      <TestMethod codeBase="C:\Users\472709\OneDrive - PILOT TRAVEL CENTERS LLC\AdmLodPrototype\AdmLodPrototype.Tests\bin\Debug\net8.0\AdmLodPrototype.Tests.dll" adapterTypeName="executor://xunit/VsTestRunner2/netcoreapp" className="ProgramTest" name="Main_WithValidArgs_ShouldGenerateExpectedFiles" />
    </UnitTest>
    <UnitTest name="ProductTests.Product_ShouldAllowNullValues" storage="c:\users\472709\onedrive - pilot travel centers llc\admlodprototype\admlodprototype.tests\bin\debug\net8.0\admlodprototype.tests.dll" id="0bdcc666-f6cd-653e-32e2-e0a6e4337076">
      <Execution id="6b3b857c-2e17-40dc-b4e8-934007821f9d" />
      <TestMethod codeBase="C:\Users\472709\OneDrive - PILOT TRAVEL CENTERS LLC\AdmLodPrototype\AdmLodPrototype.Tests\bin\Debug\net8.0\AdmLodPrototype.Tests.dll" adapterTypeName="executor://xunit/VsTestRunner2/netcoreapp" className="ProductTests" name="Product_ShouldAllowNullValues" />
    </UnitTest>
    <UnitTest name="LoggerTests.Log_ShouldWriteErrorMessageToFile" storage="c:\users\472709\onedrive - pilot travel centers llc\admlodprototype\admlodprototype.tests\bin\debug\net8.0\admlodprototype.tests.dll" id="95a872a1-1a02-c0fe-8e60-690b35eebaf9">
      <Execution id="6a48e536-e90e-4f90-986c-74c1168d4bfa" />
      <TestMethod codeBase="C:\Users\472709\OneDrive - PILOT TRAVEL CENTERS LLC\AdmLodPrototype\AdmLodPrototype.Tests\bin\Debug\net8.0\AdmLodPrototype.Tests.dll" adapterTypeName="executor://xunit/VsTestRunner2/netcoreapp" className="LoggerTests" name="Log_ShouldWriteErrorMessageToFile" />
    </UnitTest>
    <UnitTest name="MockResponseGeneratorTests.ShouldReturnErrorForErrorLines" storage="c:\users\472709\onedrive - pilot travel centers llc\admlodprototype\admlodprototype.tests\bin\debug\net8.0\admlodprototype.tests.dll" id="a8f27671-537b-52b2-c1a8-ee0fc4977097">
      <Execution id="b478dd6f-7ac2-4b06-b368-369eac790bc5" />
      <TestMethod codeBase="C:\Users\472709\OneDrive - PILOT TRAVEL CENTERS LLC\AdmLodPrototype\AdmLodPrototype.Tests\bin\Debug\net8.0\AdmLodPrototype.Tests.dll" adapterTypeName="executor://xunit/VsTestRunner2/netcoreapp" className="MockResponseGeneratorTests" name="ShouldReturnErrorForErrorLines" />
    </UnitTest>
    <UnitTest name="FtpClientMockTests.UploadFileAsync_ShouldWriteFileToMockDirectory" storage="c:\users\472709\onedrive - pilot travel centers llc\admlodprototype\admlodprototype.tests\bin\debug\net8.0\admlodprototype.tests.dll" id="9d1319bb-7c76-b2a7-7a04-8ffc61d37c9a">
      <Execution id="8b58954a-d4ad-47e2-bb0d-913adb4e2d69" />
      <TestMethod codeBase="C:\Users\472709\OneDrive - PILOT TRAVEL CENTERS LLC\AdmLodPrototype\AdmLodPrototype.Tests\bin\Debug\net8.0\AdmLodPrototype.Tests.dll" adapterTypeName="executor://xunit/VsTestRunner2/netcoreapp" className="FtpClientMockTests" name="UploadFileAsync_ShouldWriteFileToMockDirectory" />
    </UnitTest>
    <UnitTest name="JsonGroupRepositoryTests.GetProductGroupAssignments_ShouldReturnAssignments" storage="c:\users\472709\onedrive - pilot travel centers llc\admlodprototype\admlodprototype.tests\bin\debug\net8.0\admlodprototype.tests.dll" id="c10c8df3-56e6-79e0-8448-1188e776ba58">
      <Execution id="e3069e5a-5ff8-4c58-9fce-e936633cf638" />
      <TestMethod codeBase="C:\Users\472709\OneDrive - PILOT TRAVEL CENTERS LLC\AdmLodPrototype\AdmLodPrototype.Tests\bin\Debug\net8.0\AdmLodPrototype.Tests.dll" adapterTypeName="executor://xunit/VsTestRunner2/netcoreapp" className="JsonGroupRepositoryTests" name="GetProductGroupAssignments_ShouldReturnAssignments" />
    </UnitTest>
    <UnitTest name="ProgramTest.Main_WithValidArgs_ShouldGenerateExpectedFiles(baseArgs: [&quot;export&quot;, &quot;--success&quot;])" storage="c:\users\472709\onedrive - pilot travel centers llc\admlodprototype\admlodprototype.tests\bin\debug\net8.0\admlodprototype.tests.dll" id="017552a4-1174-2cc8-24ab-00a2491983b5">
      <Execution id="40d25836-35e6-4e2f-b604-13596f259063" />
      <TestMethod codeBase="C:\Users\472709\OneDrive - PILOT TRAVEL CENTERS LLC\AdmLodPrototype\AdmLodPrototype.Tests\bin\Debug\net8.0\AdmLodPrototype.Tests.dll" adapterTypeName="executor://xunit/VsTestRunner2/netcoreapp" className="ProgramTest" name="Main_WithValidArgs_ShouldGenerateExpectedFiles" />
    </UnitTest>
    <UnitTest name="AdmLodFileWriterTests.WriteExportFile_ShouldThrowIfPathIsInvalid" storage="c:\users\472709\onedrive - pilot travel centers llc\admlodprototype\admlodprototype.tests\bin\debug\net8.0\admlodprototype.tests.dll" id="25f6f985-8768-d5f9-6b76-f8ef7955cac2">
      <Execution id="fc06dc45-9720-490a-ad15-c29fe0ddfae0" />
      <TestMethod codeBase="C:\Users\472709\OneDrive - PILOT TRAVEL CENTERS LLC\AdmLodPrototype\AdmLodPrototype.Tests\bin\Debug\net8.0\AdmLodPrototype.Tests.dll" adapterTypeName="executor://xunit/VsTestRunner2/netcoreapp" className="AdmLodFileWriterTests" name="WriteExportFile_ShouldThrowIfPathIsInvalid" />
    </UnitTest>
    <UnitTest name="ProductGroupAssignmentTests.ProductGroupAssignment_ShouldThrowIfInvalid" storage="c:\users\472709\onedrive - pilot travel centers llc\admlodprototype\admlodprototype.tests\bin\debug\net8.0\admlodprototype.tests.dll" id="43e785b0-c94e-bd5d-2f90-cb6a334e7a64">
      <Execution id="25fb1a93-30be-4f0f-bf74-b709a3d26e7f" />
      <TestMethod codeBase="C:\Users\472709\OneDrive - PILOT TRAVEL CENTERS LLC\AdmLodPrototype\AdmLodPrototype.Tests\bin\Debug\net8.0\AdmLodPrototype.Tests.dll" adapterTypeName="executor://xunit/VsTestRunner2/netcoreapp" className="ProductGroupAssignmentTests" name="ProductGroupAssignment_ShouldThrowIfInvalid" />
    </UnitTest>
    <UnitTest name="ProductTests.Product_ShouldStorePropertiesCorrectly" storage="c:\users\472709\onedrive - pilot travel centers llc\admlodprototype\admlodprototype.tests\bin\debug\net8.0\admlodprototype.tests.dll" id="685b6528-4258-be1b-e11f-899d4eef4a15">
      <Execution id="9a0acbf6-a28c-4cb1-9170-166cd3835229" />
      <TestMethod codeBase="C:\Users\472709\OneDrive - PILOT TRAVEL CENTERS LLC\AdmLodPrototype\AdmLodPrototype.Tests\bin\Debug\net8.0\AdmLodPrototype.Tests.dll" adapterTypeName="executor://xunit/VsTestRunner2/netcoreapp" className="ProductTests" name="Product_ShouldStorePropertiesCorrectly" />
    </UnitTest>
    <UnitTest name="AdmLodFileWriterTests.WriteExportFile_ShouldCreateFileWithExpectedContent" storage="c:\users\472709\onedrive - pilot travel centers llc\admlodprototype\admlodprototype.tests\bin\debug\net8.0\admlodprototype.tests.dll" id="12b48d8b-3651-4157-4bc2-856a35d8eaf3">
      <Execution id="dee38336-078b-4ca7-93b8-52f576fca214" />
      <TestMethod codeBase="C:\Users\472709\OneDrive - PILOT TRAVEL CENTERS LLC\AdmLodPrototype\AdmLodPrototype.Tests\bin\Debug\net8.0\AdmLodPrototype.Tests.dll" adapterTypeName="executor://xunit/VsTestRunner2/netcoreapp" className="AdmLodFileWriterTests" name="WriteExportFile_ShouldCreateFileWithExpectedContent" />
    </UnitTest>
    <UnitTest name="ProductGroupTests.ProductGroup_ShouldThrowIfNameIsEmpty" storage="c:\users\472709\onedrive - pilot travel centers llc\admlodprototype\admlodprototype.tests\bin\debug\net8.0\admlodprototype.tests.dll" id="e1029a2f-dd08-6044-08b6-6b884db1b807">
      <Execution id="152f1c63-6e47-4ea6-a296-0804f2fb6ec5" />
      <TestMethod codeBase="C:\Users\472709\OneDrive - PILOT TRAVEL CENTERS LLC\AdmLodPrototype\AdmLodPrototype.Tests\bin\Debug\net8.0\AdmLodPrototype.Tests.dll" adapterTypeName="executor://xunit/VsTestRunner2/netcoreapp" className="ProductGroupTests" name="ProductGroup_ShouldThrowIfNameIsEmpty" />
    </UnitTest>
    <UnitTest name="LoggerTests.Log_ShouldNotFailIfLogFileIsNull" storage="c:\users\472709\onedrive - pilot travel centers llc\admlodprototype\admlodprototype.tests\bin\debug\net8.0\admlodprototype.tests.dll" id="dde9be2a-4860-0869-463e-e09eaa4750bf">
      <Execution id="3e3dd89b-392f-4e53-b8f5-0b44f84e2b93" />
      <TestMethod codeBase="C:\Users\472709\OneDrive - PILOT TRAVEL CENTERS LLC\AdmLodPrototype\AdmLodPrototype.Tests\bin\Debug\net8.0\AdmLodPrototype.Tests.dll" adapterTypeName="executor://xunit/VsTestRunner2/netcoreapp" className="LoggerTests" name="Log_ShouldNotFailIfLogFileIsNull" />
    </UnitTest>
    <UnitTest name="ExportServiceTests.RunExport_ShouldLogSuccess_WhenSimulationIsSuccessful" storage="c:\users\472709\onedrive - pilot travel centers llc\admlodprototype\admlodprototype.tests\bin\debug\net8.0\admlodprototype.tests.dll" id="d25f0d51-95ce-b0ca-c566-6464207bc324">
      <Execution id="d98fd61c-48ad-4d5f-8319-4553f4028bbb" />
      <TestMethod codeBase="C:\Users\472709\OneDrive - PILOT TRAVEL CENTERS LLC\AdmLodPrototype\AdmLodPrototype.Tests\bin\Debug\net8.0\AdmLodPrototype.Tests.dll" adapterTypeName="executor://xunit/VsTestRunner2/netcoreapp" className="ExportServiceTests" name="RunExport_ShouldLogSuccess_WhenSimulationIsSuccessful" />
    </UnitTest>
    <UnitTest name="ProgramTest.Main_WithValidArgs_ShouldGenerateExpectedFiles(baseArgs: [&quot;export&quot;, &quot;--success&quot;, &quot;--logfile&quot;])" storage="c:\users\472709\onedrive - pilot travel centers llc\admlodprototype\admlodprototype.tests\bin\debug\net8.0\admlodprototype.tests.dll" id="d427418e-ff77-4a8e-dde5-8eed08b5895b">
      <Execution id="1e32205c-db71-4d7f-9821-b24d3de6e65c" />
      <TestMethod codeBase="C:\Users\472709\OneDrive - PILOT TRAVEL CENTERS LLC\AdmLodPrototype\AdmLodPrototype.Tests\bin\Debug\net8.0\AdmLodPrototype.Tests.dll" adapterTypeName="executor://xunit/VsTestRunner2/netcoreapp" className="ProgramTest" name="Main_WithValidArgs_ShouldGenerateExpectedFiles" />
    </UnitTest>
    <UnitTest name="SmokeTests.ShouldPass" storage="c:\users\472709\onedrive - pilot travel centers llc\admlodprototype\admlodprototype.tests\bin\debug\net8.0\admlodprototype.tests.dll" id="c38470ea-b0ff-6367-f1b4-978310c03bb0">
      <Execution id="01d88652-9772-4228-acef-49f2a1ac0685" />
      <TestMethod codeBase="C:\Users\472709\OneDrive - PILOT TRAVEL CENTERS LLC\AdmLodPrototype\AdmLodPrototype.Tests\bin\Debug\net8.0\AdmLodPrototype.Tests.dll" adapterTypeName="executor://xunit/VsTestRunner2/netcoreapp" className="SmokeTests" name="ShouldPass" />
    </UnitTest>
    <UnitTest name="FtpClientMockTests.Upload_ShouldCopyFileToMockDirectory" storage="c:\users\472709\onedrive - pilot travel centers llc\admlodprototype\admlodprototype.tests\bin\debug\net8.0\admlodprototype.tests.dll" id="721cb35b-9369-929c-c3ce-12f36fdaeb7b">
      <Execution id="cf7d1de1-ac3d-436f-b49c-1f90115d9f6b" />
      <TestMethod codeBase="C:\Users\472709\OneDrive - PILOT TRAVEL CENTERS LLC\AdmLodPrototype\AdmLodPrototype.Tests\bin\Debug\net8.0\AdmLodPrototype.Tests.dll" adapterTypeName="executor://xunit/VsTestRunner2/netcoreapp" className="FtpClientMockTests" name="Upload_ShouldCopyFileToMockDirectory" />
    </UnitTest>
    <UnitTest name="JsonGroupRepositoryTests.GetProductGroups_ShouldReturnGroupNames" storage="c:\users\472709\onedrive - pilot travel centers llc\admlodprototype\admlodprototype.tests\bin\debug\net8.0\admlodprototype.tests.dll" id="c5efe745-68d3-a58d-5d8e-70d4babe9d13">
      <Execution id="916b1ff6-4b60-4b46-a071-ba099b047645" />
      <TestMethod codeBase="C:\Users\472709\OneDrive - PILOT TRAVEL CENTERS LLC\AdmLodPrototype\AdmLodPrototype.Tests\bin\Debug\net8.0\AdmLodPrototype.Tests.dll" adapterTypeName="executor://xunit/VsTestRunner2/netcoreapp" className="JsonGroupRepositoryTests" name="GetProductGroups_ShouldReturnGroupNames" />
    </UnitTest>
    <UnitTest name="ExportServiceTests.RunExport_ShouldLogError_WhenSimulationFails" storage="c:\users\472709\onedrive - pilot travel centers llc\admlodprototype\admlodprototype.tests\bin\debug\net8.0\admlodprototype.tests.dll" id="c77228e2-e714-f75f-b885-6132e3942cab">
      <Execution id="c197fac3-d93f-4c53-9792-0fa8a607e204" />
      <TestMethod codeBase="C:\Users\472709\OneDrive - PILOT TRAVEL CENTERS LLC\AdmLodPrototype\AdmLodPrototype.Tests\bin\Debug\net8.0\AdmLodPrototype.Tests.dll" adapterTypeName="executor://xunit/VsTestRunner2/netcoreapp" className="ExportServiceTests" name="RunExport_ShouldLogError_WhenSimulationFails" />
    </UnitTest>
    <UnitTest name="ProductGroupTests.ProductGroup_ShouldStoreName" storage="c:\users\472709\onedrive - pilot travel centers llc\admlodprototype\admlodprototype.tests\bin\debug\net8.0\admlodprototype.tests.dll" id="e17fcd72-90f2-3bd3-f4c2-cf8f82508923">
      <Execution id="3838cbe8-f644-4de4-886b-24454742858d" />
      <TestMethod codeBase="C:\Users\472709\OneDrive - PILOT TRAVEL CENTERS LLC\AdmLodPrototype\AdmLodPrototype.Tests\bin\Debug\net8.0\AdmLodPrototype.Tests.dll" adapterTypeName="executor://xunit/VsTestRunner2/netcoreapp" className="ProductGroupTests" name="ProductGroup_ShouldStoreName" />
    </UnitTest>
    <UnitTest name="FtpClientMockTests.Upload_ShouldLogMessageAsync" storage="c:\users\472709\onedrive - pilot travel centers llc\admlodprototype\admlodprototype.tests\bin\debug\net8.0\admlodprototype.tests.dll" id="c15ee511-f676-b786-d052-eb0b2e15d6f8">
      <Execution id="02b8cda4-7910-446a-b748-b1f57425ea3a" />
      <TestMethod codeBase="C:\Users\472709\OneDrive - PILOT TRAVEL CENTERS LLC\AdmLodPrototype\AdmLodPrototype.Tests\bin\Debug\net8.0\AdmLodPrototype.Tests.dll" adapterTypeName="executor://xunit/VsTestRunner2/netcoreapp" className="FtpClientMockTests" name="Upload_ShouldLogMessageAsync" />
    </UnitTest>
    <UnitTest name="AdmLodFileGeneratorTests.ShouldReportMissingProductFields" storage="c:\users\472709\onedrive - pilot travel centers llc\admlodprototype\admlodprototype.tests\bin\debug\net8.0\admlodprototype.tests.dll" id="45396e7d-c1c2-fffc-955a-7eed6f226218">
      <Execution id="9b1c0007-1f58-41bd-80eb-123432fdd6eb" />
      <TestMethod codeBase="C:\Users\472709\OneDrive - PILOT TRAVEL CENTERS LLC\AdmLodPrototype\AdmLodPrototype.Tests\bin\Debug\net8.0\AdmLodPrototype.Tests.dll" adapterTypeName="executor://xunit/VsTestRunner2/netcoreapp" className="AdmLodFileGeneratorTests" name="ShouldReportMissingProductFields" />
    </UnitTest>
    <UnitTest name="JsonProductRepositoryTests.GetProducts_ShouldReturnParsedProducts" storage="c:\users\472709\onedrive - pilot travel centers llc\admlodprototype\admlodprototype.tests\bin\debug\net8.0\admlodprototype.tests.dll" id="d08793e1-c5b5-985f-2291-994d928fccec">
      <Execution id="9aca2fd5-e787-4e51-9c2b-5121fed1134c" />
      <TestMethod codeBase="C:\Users\472709\OneDrive - PILOT TRAVEL CENTERS LLC\AdmLodPrototype\AdmLodPrototype.Tests\bin\Debug\net8.0\AdmLodPrototype.Tests.dll" adapterTypeName="executor://xunit/VsTestRunner2/netcoreapp" className="JsonProductRepositoryTests" name="GetProducts_ShouldReturnParsedProducts" />
    </UnitTest>
    <UnitTest name="FtpClientMockTests.Upload_ShouldLogMessage" storage="c:\users\472709\onedrive - pilot travel centers llc\admlodprototype\admlodprototype.tests\bin\debug\net8.0\admlodprototype.tests.dll" id="1f4c58fd-6160-fecb-f1df-f54c45326b97">
      <Execution id="4345dc3a-7b6f-4cf1-b4ba-c6938fe00a4d" />
      <TestMethod codeBase="C:\Users\472709\OneDrive - PILOT TRAVEL CENTERS LLC\AdmLodPrototype\AdmLodPrototype.Tests\bin\Debug\net8.0\AdmLodPrototype.Tests.dll" adapterTypeName="executor://xunit/VsTestRunner2/netcoreapp" className="FtpClientMockTests" name="Upload_ShouldLogMessage" />
    </UnitTest>
    <UnitTest name="LoggerTests.Log_ShouldWriteInfoMessageToFile" storage="c:\users\472709\onedrive - pilot travel centers llc\admlodprototype\admlodprototype.tests\bin\debug\net8.0\admlodprototype.tests.dll" id="641b9667-d560-329a-3ca8-7299a60e4dcc">
      <Execution id="b5fd40b1-c0fd-49b8-91a0-703509c8b733" />
      <TestMethod codeBase="C:\Users\472709\OneDrive - PILOT TRAVEL CENTERS LLC\AdmLodPrototype\AdmLodPrototype.Tests\bin\Debug\net8.0\AdmLodPrototype.Tests.dll" adapterTypeName="executor://xunit/VsTestRunner2/netcoreapp" className="LoggerTests" name="Log_ShouldWriteInfoMessageToFile" />
    </UnitTest>
    <UnitTest name="AdmLodFileGeneratorTests.ShouldGenerateValidMergeLines" storage="c:\users\472709\onedrive - pilot travel centers llc\admlodprototype\admlodprototype.tests\bin\debug\net8.0\admlodprototype.tests.dll" id="9c90d8fc-7408-a914-2f53-f59bfe2d6da7">
      <Execution id="24b6e36d-bbb8-4d9e-acbc-e4ead642dc2c" />
      <TestMethod codeBase="C:\Users\472709\OneDrive - PILOT TRAVEL CENTERS LLC\AdmLodPrototype\AdmLodPrototype.Tests\bin\Debug\net8.0\AdmLodPrototype.Tests.dll" adapterTypeName="executor://xunit/VsTestRunner2/netcoreapp" className="AdmLodFileGeneratorTests" name="ShouldGenerateValidMergeLines" />
    </UnitTest>
  </TestDefinitions>
  <TestEntries>
    <TestEntry testId="d25f0d51-95ce-b0ca-c566-6464207bc324" executionId="d98fd61c-48ad-4d5f-8319-4553f4028bbb" testListId="8c84fa94-04c1-424b-9868-57a2d4851a1d" />
    <TestEntry testId="9d1319bb-7c76-b2a7-7a04-8ffc61d37c9a" executionId="8b58954a-d4ad-47e2-bb0d-913adb4e2d69" testListId="8c84fa94-04c1-424b-9868-57a2d4851a1d" />
    <TestEntry testId="e1029a2f-dd08-6044-08b6-6b884db1b807" executionId="152f1c63-6e47-4ea6-a296-0804f2fb6ec5" testListId="8c84fa94-04c1-424b-9868-57a2d4851a1d" />
    <TestEntry testId="c10c8df3-56e6-79e0-8448-1188e776ba58" executionId="e3069e5a-5ff8-4c58-9fce-e936633cf638" testListId="8c84fa94-04c1-424b-9868-57a2d4851a1d" />
    <TestEntry testId="1f4c58fd-6160-fecb-f1df-f54c45326b97" executionId="4345dc3a-7b6f-4cf1-b4ba-c6938fe00a4d" testListId="8c84fa94-04c1-424b-9868-57a2d4851a1d" />
    <TestEntry testId="d08793e1-c5b5-985f-2291-994d928fccec" executionId="9aca2fd5-e787-4e51-9c2b-5121fed1134c" testListId="8c84fa94-04c1-424b-9868-57a2d4851a1d" />
    <TestEntry testId="45396e7d-c1c2-fffc-955a-7eed6f226218" executionId="9b1c0007-1f58-41bd-80eb-123432fdd6eb" testListId="8c84fa94-04c1-424b-9868-57a2d4851a1d" />
    <TestEntry testId="6618aee7-47d4-7edf-2100-f3f46f6942b5" executionId="c24ab9ee-ef8a-4a54-b2b2-2737d8a1b911" testListId="8c84fa94-04c1-424b-9868-57a2d4851a1d" />
    <TestEntry testId="43e785b0-c94e-bd5d-2f90-cb6a334e7a64" executionId="25fb1a93-30be-4f0f-bf74-b709a3d26e7f" testListId="8c84fa94-04c1-424b-9868-57a2d4851a1d" />
    <TestEntry testId="9b1a9fc0-9751-1710-ed65-888f7a7925b8" executionId="20b166bc-e2d1-4fca-a7b7-597da7d0fc3d" testListId="8c84fa94-04c1-424b-9868-57a2d4851a1d" />
    <TestEntry testId="c15ee511-f676-b786-d052-eb0b2e15d6f8" executionId="02b8cda4-7910-446a-b748-b1f57425ea3a" testListId="8c84fa94-04c1-424b-9868-57a2d4851a1d" />
    <TestEntry testId="aefc25c3-2bf6-896d-9c70-63f4847ce2fc" executionId="6a78ba4e-f223-41e0-9c36-8dfcfa576cd7" testListId="8c84fa94-04c1-424b-9868-57a2d4851a1d" />
    <TestEntry testId="721cb35b-9369-929c-c3ce-12f36fdaeb7b" executionId="cf7d1de1-ac3d-436f-b49c-1f90115d9f6b" testListId="8c84fa94-04c1-424b-9868-57a2d4851a1d" />
    <TestEntry testId="dde9be2a-4860-0869-463e-e09eaa4750bf" executionId="3e3dd89b-392f-4e53-b8f5-0b44f84e2b93" testListId="8c84fa94-04c1-424b-9868-57a2d4851a1d" />
    <TestEntry testId="c5efe745-68d3-a58d-5d8e-70d4babe9d13" executionId="916b1ff6-4b60-4b46-a071-ba099b047645" testListId="8c84fa94-04c1-424b-9868-57a2d4851a1d" />
    <TestEntry testId="c38470ea-b0ff-6367-f1b4-978310c03bb0" executionId="01d88652-9772-4228-acef-49f2a1ac0685" testListId="8c84fa94-04c1-424b-9868-57a2d4851a1d" />
    <TestEntry testId="d427418e-ff77-4a8e-dde5-8eed08b5895b" executionId="1e32205c-db71-4d7f-9821-b24d3de6e65c" testListId="8c84fa94-04c1-424b-9868-57a2d4851a1d" />
    <TestEntry testId="9c90d8fc-7408-a914-2f53-f59bfe2d6da7" executionId="24b6e36d-bbb8-4d9e-acbc-e4ead642dc2c" testListId="8c84fa94-04c1-424b-9868-57a2d4851a1d" />
    <TestEntry testId="c77228e2-e714-f75f-b885-6132e3942cab" executionId="c197fac3-d93f-4c53-9792-0fa8a607e204" testListId="8c84fa94-04c1-424b-9868-57a2d4851a1d" />
    <TestEntry testId="685b6528-4258-be1b-e11f-899d4eef4a15" executionId="9a0acbf6-a28c-4cb1-9170-166cd3835229" testListId="8c84fa94-04c1-424b-9868-57a2d4851a1d" />
    <TestEntry testId="95a872a1-1a02-c0fe-8e60-690b35eebaf9" executionId="6a48e536-e90e-4f90-986c-74c1168d4bfa" testListId="8c84fa94-04c1-424b-9868-57a2d4851a1d" />
    <TestEntry testId="0bdcc666-f6cd-653e-32e2-e0a6e4337076" executionId="6b3b857c-2e17-40dc-b4e8-934007821f9d" testListId="8c84fa94-04c1-424b-9868-57a2d4851a1d" />
    <TestEntry testId="a8f27671-537b-52b2-c1a8-ee0fc4977097" executionId="b478dd6f-7ac2-4b06-b368-369eac790bc5" testListId="8c84fa94-04c1-424b-9868-57a2d4851a1d" />
    <TestEntry testId="12b48d8b-3651-4157-4bc2-856a35d8eaf3" executionId="dee38336-078b-4ca7-93b8-52f576fca214" testListId="8c84fa94-04c1-424b-9868-57a2d4851a1d" />
    <TestEntry testId="641b9667-d560-329a-3ca8-7299a60e4dcc" executionId="b5fd40b1-c0fd-49b8-91a0-703509c8b733" testListId="8c84fa94-04c1-424b-9868-57a2d4851a1d" />
    <TestEntry testId="07fee0d7-34e5-2871-d964-db0fe5d25f92" executionId="23903700-a8b6-4810-8a20-c1a14d0fd57f" testListId="8c84fa94-04c1-424b-9868-57a2d4851a1d" />
    <TestEntry testId="25f6f985-8768-d5f9-6b76-f8ef7955cac2" executionId="fc06dc45-9720-490a-ad15-c29fe0ddfae0" testListId="8c84fa94-04c1-424b-9868-57a2d4851a1d" />
    <TestEntry testId="017552a4-1174-2cc8-24ab-00a2491983b5" executionId="40d25836-35e6-4e2f-b604-13596f259063" testListId="8c84fa94-04c1-424b-9868-57a2d4851a1d" />
    <TestEntry testId="e17fcd72-90f2-3bd3-f4c2-cf8f82508923" executionId="3838cbe8-f644-4de4-886b-24454742858d" testListId="8c84fa94-04c1-424b-9868-57a2d4851a1d" />
  </TestEntries>
  <TestLists>
    <TestList name="Results Not in a List" id="8c84fa94-04c1-424b-9868-57a2d4851a1d" />
    <TestList name="All Loaded Results" id="19431567-8539-422a-85d7-44ee4e166bda" />
  </TestLists>
  <ResultSummary outcome="Failed">
    <Counters total="29" executed="29" passed="27" failed="2" error="0" timeout="0" aborted="0" inconclusive="0" passedButRunAborted="0" notRunnable="0" notExecuted="0" disconnected="0" warning="0" completed="0" inProgress="0" pending="0" />
    <Output>
      <StdOut>[xUnit.net 00:00:00.00] xUnit.net VSTest Adapter v2.4.5+1caef2f33e (64-bit .NET 8.0.20)&#xD;
[xUnit.net 00:00:00.82]   Discovering: AdmLodPrototype.Tests&#xD;
[xUnit.net 00:00:00.91]   Discovered:  AdmLodPrototype.Tests&#xD;
[xUnit.net 00:00:00.92]   Starting:    AdmLodPrototype.Tests&#xD;
2025-10-07 15:00:17 [ERROR] This is an error message&#xD;
2025-10-07 15:00:17 [INFO] Starting ADMLOD Export Prototype&#xD;
2025-10-07 15:00:17 [INFO] Starting ADMLOD Export Prototype&#xD;
2025-10-07 15:00:17 [INFO] Generating ADMLOD export file...&#xD;
2025-10-07 15:00:17 [INFO] [FTP] Uploaded MockFiles/adm_export_255b5c03-1614-4a99-861a-cf60e28de9ad.txt to adm_export.txt&#xD;
2025-10-07 15:00:17 [ERROR] Simulated FTP upload failed.&#xD;
Logger initialized with: C:\Users\472709\AppData\Local\Temp\test_log_d0589b12-147c-45e9-9255-e19cc9c18d5e.txt&#xD;
2025-10-07 15:00:17 [INFO] Generating ADMLOD export file...&#xD;
2025-10-07 15:00:17 [INFO] Starting ADMLOD Export Prototype&#xD;
2025-10-07 15:00:17 [INFO] Generating ADMLOD export file...&#xD;
2025-10-07 15:00:17 [INFO] [FTP] Uploaded C:\Users\472709\AppData\Local\Temp\MockFiles_ddac5797-db88-4b30-9cb1-6281de85123c\testfile.txt to remote_testfile.txt&#xD;
Log file content after timeout:&#xD;
2025-10-07 15:00:22 [INFO] This is an info message&#xD;
[xUnit.net 00:00:06.42]       Expected error message not found in log file: C:\Users\472709\AppData\Local\Temp\AdmLodLoggerTests\test_log_ad37a4fc-df0e-40ac-8bf4-d2b4e8fd7f15.txt&#xD;
[xUnit.net 00:00:06.42]       Stack Trace:&#xD;
[xUnit.net 00:00:06.42]         C:\Users\472709\OneDrive - PILOT TRAVEL CENTERS LLC\AdmLodPrototype\AdmLodPrototype.Tests\Utilities\LoggerTest.cs(55,0): at LoggerTests.Log_ShouldWriteErrorMessageToFile()&#xD;
[xUnit.net 00:00:06.42]         --- End of stack trace from previous location ---&#xD;
[xUnit.net 00:00:06.42]       System.IO.IOException : The process cannot access the file 'C:\Users\472709\AppData\Local\Temp\test_log_d0589b12-147c-45e9-9255-e19cc9c18d5e.txt' because it is being used by another process.&#xD;
[xUnit.net 00:00:06.42]       Stack Trace:&#xD;
[xUnit.net 00:00:06.42]            at Microsoft.Win32.SafeHandles.SafeFileHandle.CreateFile(String fullPath, FileMode mode, FileAccess access, FileShare share, FileOptions options)&#xD;
[xUnit.net 00:00:06.42]            at Microsoft.Win32.SafeHandles.SafeFileHandle.Open(String fullPath, FileMode mode, FileAccess access, FileShare share, FileOptions options, Int64 preallocationSize, Nullable`1 unixCreateMode)&#xD;
[xUnit.net 00:00:06.42]            at System.IO.Strategies.OSFileStreamStrategy..ctor(String path, FileMode mode, FileAccess access, FileShare share, FileOptions options, Int64 preallocationSize, Nullable`1 unixCreateMode)&#xD;
[xUnit.net 00:00:06.42]            at System.IO.Strategies.AsyncWindowsFileStreamStrategy..ctor(String path, FileMode mode, FileAccess access, FileShare share, FileOptions options, Int64 preallocationSize, Nullable`1 unixCreateMode)&#xD;
[xUnit.net 00:00:06.42]            at System.IO.Strategies.FileStreamHelpers.ChooseStrategyCore(String path, FileMode mode, FileAccess access, FileShare share, FileOptions options, Int64 preallocationSize, Nullable`1 unixCreateMode)&#xD;
[xUnit.net 00:00:06.42]            at System.IO.FileStream..ctor(String path, FileMode mode, FileAccess access, FileShare share, Int32 bufferSize, FileOptions options, Int64 preallocationSize)&#xD;
[xUnit.net 00:00:06.42]            at System.IO.File.AsyncStreamReader(String path, Encoding encoding)&#xD;
[xUnit.net 00:00:06.42]            at System.IO.File.InternalReadAllTextAsync(String path, Encoding encoding, CancellationToken cancellationToken)&#xD;
[xUnit.net 00:00:06.43]         C:\Users\472709\OneDrive - PILOT TRAVEL CENTERS LLC\AdmLodPrototype\AdmLodPrototype.Tests\Services\FtpClientMockTests.cs(72,0): at FtpClientMockTests.Upload_ShouldLogMessage()&#xD;
[xUnit.net 00:00:06.43]         --- End of stack trace from previous location ---&#xD;
2025-10-07 15:00:22 [INFO] [FTP] Uploaded C:\Users\472709\AppData\Local\Temp\MockFiles_17e0bae9-4a33-425b-bba5-4156f44faf5a\testfile.txt to remote_testfile.txt&#xD;
[xUnit.net 00:00:06.75]   Finished:    AdmLodPrototype.Tests&#xD;
</StdOut>
    </Output>
    <RunInfos>
      <RunInfo computerName="HP10864-LT" outcome="Error" timestamp="2025-10-07T15:00:22.8558346-04:00">
        <Text>[xUnit.net 00:00:06.42]     LoggerTests.Log_ShouldWriteErrorMessageToFile [FAIL]</Text>
      </RunInfo>
      <RunInfo computerName="HP10864-LT" outcome="Error" timestamp="2025-10-07T15:00:22.8688942-04:00">
        <Text>[xUnit.net 00:00:06.42]     FtpClientMockTests.Upload_ShouldLogMessage [FAIL]</Text>
      </RunInfo>
    </RunInfos>
  </ResultSummary>
</TestRun>