<?xml version="1.0" encoding="utf-8"?>
<TestRun id="2b819d2b-f06c-4454-8b64-53662d5430dd" name="472709@HP10864-LT 2025-10-07 17:53:14" runUser="PILOTCORP\472709" xmlns="http://microsoft.com/schemas/VisualStudio/TeamTest/2010">
  <Times creation="2025-10-07T17:53:14.2535686-04:00" queuing="2025-10-07T17:53:14.2535691-04:00" start="2025-10-07T17:53:12.2693611-04:00" finish="2025-10-07T17:53:20.4792406-04:00" />
  <TestSettings name="default" id="80985dd4-aea6-45c2-bc89-52178e330bc3">
    <Deployment runDeploymentRoot="472709_HP10864-LT_2025-10-07_17_53_14" />
  </TestSettings>
  <Results>
    <UnitTestResult executionId="78158084-b38c-47be-a9b4-294292ecb5f8" testId="e1029a2f-dd08-6044-08b6-6b884db1b807" testName="ProductGroupTests.ProductGroup_ShouldThrowIfNameIsEmpty" computerName="HP10864-LT" duration="00:00:00.0007721" startTime="2025-10-07T17:53:14.2178626-04:00" endTime="2025-10-07T17:53:14.2178627-04:00" testType="13cdc9d9-ddb5-4fa4-a97d-d965ccfc6d4b" outcome="Passed" testListId="8c84fa94-04c1-424b-9868-57a2d4851a1d" relativeResultsDirectory="78158084-b38c-47be-a9b4-294292ecb5f8" />
    <UnitTestResult executionId="aaf62233-fdc9-47e8-950d-f28c3f44724a" testId="685b6528-4258-be1b-e11f-899d4eef4a15" testName="ProductTests.Product_ShouldStorePropertiesCorrectly" computerName="HP10864-LT" duration="00:00:00.0001912" startTime="2025-10-07T17:53:14.2177727-04:00" endTime="2025-10-07T17:53:14.2177728-04:00" testType="13cdc9d9-ddb5-4fa4-a97d-d965ccfc6d4b" outcome="Passed" testListId="8c84fa94-04c1-424b-9868-57a2d4851a1d" relativeResultsDirectory="aaf62233-fdc9-47e8-950d-f28c3f44724a" />
    <UnitTestResult executionId="fe89e3ab-f088-4222-9cc7-4479cfd62a46" testId="45396e7d-c1c2-fffc-955a-7eed6f226218" testName="AdmLodFileGeneratorTests.ShouldReportMissingProductFields" computerName="HP10864-LT" duration="00:00:00.0003470" startTime="2025-10-07T17:53:14.2180258-04:00" endTime="2025-10-07T17:53:14.2180259-04:00" testType="13cdc9d9-ddb5-4fa4-a97d-d965ccfc6d4b" outcome="Passed" testListId="8c84fa94-04c1-424b-9868-57a2d4851a1d" relativeResultsDirectory="fe89e3ab-f088-4222-9cc7-4479cfd62a46" />
    <UnitTestResult executionId="5a395527-c66b-4c8c-bd80-1dd29e6a88f8" testId="07fee0d7-34e5-2871-d964-db0fe5d25f92" testName="ResponseParserTests.ShouldCountSuccessAndErrorLines" computerName="HP10864-LT" duration="00:00:00.0096505" startTime="2025-10-07T17:53:14.1996845-04:00" endTime="2025-10-07T17:53:14.1996845-04:00" testType="13cdc9d9-ddb5-4fa4-a97d-d965ccfc6d4b" outcome="Passed" testListId="8c84fa94-04c1-424b-9868-57a2d4851a1d" relativeResultsDirectory="5a395527-c66b-4c8c-bd80-1dd29e6a88f8" />
    <UnitTestResult executionId="52361c71-2aa2-4046-820d-b5129c6a9066" testId="c77228e2-e714-f75f-b885-6132e3942cab" testName="ExportServiceTests.RunExport_ShouldLogError_WhenSimulationFails" computerName="HP10864-LT" duration="00:00:00.1284168" startTime="2025-10-07T17:53:14.2979675-04:00" endTime="2025-10-07T17:53:14.2979678-04:00" testType="13cdc9d9-ddb5-4fa4-a97d-d965ccfc6d4b" outcome="Passed" testListId="8c84fa94-04c1-424b-9868-57a2d4851a1d" relativeResultsDirectory="52361c71-2aa2-4046-820d-b5129c6a9066" />
    <UnitTestResult executionId="ce1f98e3-4f35-492d-befb-5d23eaf0a5c9" testId="c10c8df3-56e6-79e0-8448-1188e776ba58" testName="JsonGroupRepositoryTests.GetProductGroupAssignments_ShouldReturnAssignments" computerName="HP10864-LT" duration="00:00:00.0400159" startTime="2025-10-07T17:53:14.2201897-04:00" endTime="2025-10-07T17:53:14.2201899-04:00" testType="13cdc9d9-ddb5-4fa4-a97d-d965ccfc6d4b" outcome="Passed" testListId="8c84fa94-04c1-424b-9868-57a2d4851a1d" relativeResultsDirectory="ce1f98e3-4f35-492d-befb-5d23eaf0a5c9" />
    <UnitTestResult executionId="0ba50c96-738e-4e53-8ab3-d3526bd2704d" testId="a8f27671-537b-52b2-c1a8-ee0fc4977097" testName="MockResponseGeneratorTests.ShouldReturnErrorForErrorLines" computerName="HP10864-LT" duration="00:00:00.0051527" startTime="2025-10-07T17:53:14.1996989-04:00" endTime="2025-10-07T17:53:14.1996989-04:00" testType="13cdc9d9-ddb5-4fa4-a97d-d965ccfc6d4b" outcome="Passed" testListId="8c84fa94-04c1-424b-9868-57a2d4851a1d" relativeResultsDirectory="0ba50c96-738e-4e53-8ab3-d3526bd2704d" />
    <UnitTestResult executionId="cc420e73-e08b-419c-9d5b-0c30b77dc827" testId="017552a4-1174-2cc8-24ab-00a2491983b5" testName="ProgramTest.Main_WithValidArgs_ShouldGenerateExpectedFiles(baseArgs: [&quot;export&quot;, &quot;--success&quot;])" computerName="HP10864-LT" duration="00:00:00.0587373" startTime="2025-10-07T17:53:14.2313214-04:00" endTime="2025-10-07T17:53:14.2313220-04:00" testType="13cdc9d9-ddb5-4fa4-a97d-d965ccfc6d4b" outcome="Passed" testListId="8c84fa94-04c1-424b-9868-57a2d4851a1d" relativeResultsDirectory="cc420e73-e08b-419c-9d5b-0c30b77dc827" />
    <UnitTestResult executionId="4cac66a8-93af-4407-a601-e51470ed29ce" testId="6618aee7-47d4-7edf-2100-f3f46f6942b5" testName="AppSettingsTests.ShouldLoadAppSettingsFromConfiguration" computerName="HP10864-LT" duration="00:00:00.0221653" startTime="2025-10-07T17:53:14.2179638-04:00" endTime="2025-10-07T17:53:14.2179639-04:00" testType="13cdc9d9-ddb5-4fa4-a97d-d965ccfc6d4b" outcome="Passed" testListId="8c84fa94-04c1-424b-9868-57a2d4851a1d" relativeResultsDirectory="4cac66a8-93af-4407-a601-e51470ed29ce" />
    <UnitTestResult executionId="1e5b0cdb-9740-435e-83b0-4608211fff4a" testId="9b1a9fc0-9751-1710-ed65-888f7a7925b8" testName="MockResponseGeneratorTests.ShouldReturnSuccessForMergeLines" computerName="HP10864-LT" duration="00:00:00.0001379" startTime="2025-10-07T17:53:14.2178442-04:00" endTime="2025-10-07T17:53:14.2178443-04:00" testType="13cdc9d9-ddb5-4fa4-a97d-d965ccfc6d4b" outcome="Passed" testListId="8c84fa94-04c1-424b-9868-57a2d4851a1d" relativeResultsDirectory="1e5b0cdb-9740-435e-83b0-4608211fff4a" />
    <UnitTestResult executionId="5d450392-417b-429a-b345-4114a5a4e2d2" testId="1f4c58fd-6160-fecb-f1df-f54c45326b97" testName="FtpClientMockTests.Upload_ShouldLogMessage" computerName="HP10864-LT" duration="00:00:00.3183475" startTime="2025-10-07T17:53:14.7245666-04:00" endTime="2025-10-07T17:53:14.7245672-04:00" testType="13cdc9d9-ddb5-4fa4-a97d-d965ccfc6d4b" outcome="Passed" testListId="8c84fa94-04c1-424b-9868-57a2d4851a1d" relativeResultsDirectory="5d450392-417b-429a-b345-4114a5a4e2d2" />
    <UnitTestResult executionId="da46bae9-6486-4e16-8e20-06481edda053" testId="d427418e-ff77-4a8e-dde5-8eed08b5895b" testName="ProgramTest.Main_WithValidArgs_ShouldGenerateExpectedFiles(baseArgs: [&quot;export&quot;, &quot;--success&quot;, &quot;--logfile&quot;])" computerName="HP10864-LT" duration="00:00:00.1256037" startTime="2025-10-07T17:53:14.4033631-04:00" endTime="2025-10-07T17:53:14.4033640-04:00" testType="13cdc9d9-ddb5-4fa4-a97d-d965ccfc6d4b" outcome="Passed" testListId="8c84fa94-04c1-424b-9868-57a2d4851a1d" relativeResultsDirectory="da46bae9-6486-4e16-8e20-06481edda053" />
    <UnitTestResult executionId="8b46d7cf-27a0-46d9-9bbe-93dbc6a4ecfe" testId="c15ee511-f676-b786-d052-eb0b2e15d6f8" testName="FtpClientMockTests.Upload_ShouldLogMessageAsync" computerName="HP10864-LT" duration="00:00:00.4158860" startTime="2025-10-07T17:53:15.2527653-04:00" endTime="2025-10-07T17:53:15.2527661-04:00" testType="13cdc9d9-ddb5-4fa4-a97d-d965ccfc6d4b" outcome="Passed" testListId="8c84fa94-04c1-424b-9868-57a2d4851a1d" relativeResultsDirectory="8b46d7cf-27a0-46d9-9bbe-93dbc6a4ecfe" />
    <UnitTestResult executionId="ed0e8421-a6f0-4c7b-b064-e66ca7ab4593" testId="9d1319bb-7c76-b2a7-7a04-8ffc61d37c9a" testName="FtpClientMockTests.UploadFileAsync_ShouldWriteFileToMockDirectory" computerName="HP10864-LT" duration="00:00:00.0052048" startTime="2025-10-07T17:53:15.3743319-04:00" endTime="2025-10-07T17:53:15.3743324-04:00" testType="13cdc9d9-ddb5-4fa4-a97d-d965ccfc6d4b" outcome="Passed" testListId="8c84fa94-04c1-424b-9868-57a2d4851a1d" relativeResultsDirectory="ed0e8421-a6f0-4c7b-b064-e66ca7ab4593" />
    <UnitTestResult executionId="074674b6-1437-4142-aa58-9c144835efef" testId="95a872a1-1a02-c0fe-8e60-690b35eebaf9" testName="LoggerTests.Log_ShouldWriteErrorMessageToFile" computerName="HP10864-LT" duration="00:00:05.8948111" startTime="2025-10-07T17:53:20.0768365-04:00" endTime="2025-10-07T17:53:20.0768369-04:00" testType="13cdc9d9-ddb5-4fa4-a97d-d965ccfc6d4b" outcome="Failed" testListId="8c84fa94-04c1-424b-9868-57a2d4851a1d" relativeResultsDirectory="074674b6-1437-4142-aa58-9c144835efef">
      <Output>
        <ErrorInfo>
          <Message>Expected error message not found in log file.</Message>
          <StackTrace>   at LoggerTests.Log_ShouldWriteErrorMessageToFile() in C:\Users\472709\OneDrive - PILOT TRAVEL CENTERS LLC\AdmLodPrototype\AdmLodPrototype.Tests\Utilities\LoggerTest.cs:line 32&#xD;
--- End of stack trace from previous location ---</StackTrace>
        </ErrorInfo>
      </Output>
    </UnitTestResult>
    <UnitTestResult executionId="b9509563-6670-466f-9565-97c167eb68d3" testId="25f6f985-8768-d5f9-6b76-f8ef7955cac2" testName="AdmLodFileWriterTests.WriteExportFile_ShouldThrowIfPathIsInvalid" computerName="HP10864-LT" duration="00:00:00.0049810" startTime="2025-10-07T17:53:14.2179348-04:00" endTime="2025-10-07T17:53:14.2179349-04:00" testType="13cdc9d9-ddb5-4fa4-a97d-d965ccfc6d4b" outcome="Passed" testListId="8c84fa94-04c1-424b-9868-57a2d4851a1d" relativeResultsDirectory="b9509563-6670-466f-9565-97c167eb68d3" />
    <UnitTestResult executionId="e073f8eb-d0b9-441e-a2f3-529f75ae03c3" testId="12b48d8b-3651-4157-4bc2-856a35d8eaf3" testName="AdmLodFileWriterTests.WriteExportFile_ShouldCreateFileWithExpectedContent" computerName="HP10864-LT" duration="00:00:00.0117000" startTime="2025-10-07T17:53:14.1996510-04:00" endTime="2025-10-07T17:53:14.1996510-04:00" testType="13cdc9d9-ddb5-4fa4-a97d-d965ccfc6d4b" outcome="Passed" testListId="8c84fa94-04c1-424b-9868-57a2d4851a1d" relativeResultsDirectory="e073f8eb-d0b9-441e-a2f3-529f75ae03c3" />
    <UnitTestResult executionId="80591fab-22e3-4a77-b52e-00be2ce69861" testId="c38470ea-b0ff-6367-f1b4-978310c03bb0" testName="SmokeTests.ShouldPass" computerName="HP10864-LT" duration="00:00:00.0050088" startTime="2025-10-07T17:53:14.1937675-04:00" endTime="2025-10-07T17:53:14.1938024-04:00" testType="13cdc9d9-ddb5-4fa4-a97d-d965ccfc6d4b" outcome="Passed" testListId="8c84fa94-04c1-424b-9868-57a2d4851a1d" relativeResultsDirectory="80591fab-22e3-4a77-b52e-00be2ce69861" />
    <UnitTestResult executionId="aae9aaa4-90eb-4218-8683-0894e58fe099" testId="d25f0d51-95ce-b0ca-c566-6464207bc324" testName="ExportServiceTests.RunExport_ShouldLogSuccess_WhenSimulationIsSuccessful" computerName="HP10864-LT" duration="00:00:00.0090224" startTime="2025-10-07T17:53:14.3071709-04:00" endTime="2025-10-07T17:53:14.3071715-04:00" testType="13cdc9d9-ddb5-4fa4-a97d-d965ccfc6d4b" outcome="Passed" testListId="8c84fa94-04c1-424b-9868-57a2d4851a1d" relativeResultsDirectory="aae9aaa4-90eb-4218-8683-0894e58fe099" />
    <UnitTestResult executionId="1a623e9a-fde5-4055-9e4f-dc697d0cb4bf" testId="721cb35b-9369-929c-c3ce-12f36fdaeb7b" testName="FtpClientMockTests.Upload_ShouldCopyFileToMockDirectory" computerName="HP10864-LT" duration="00:00:00.0154604" startTime="2025-10-07T17:53:14.2961010-04:00" endTime="2025-10-07T17:53:14.2961016-04:00" testType="13cdc9d9-ddb5-4fa4-a97d-d965ccfc6d4b" outcome="Passed" testListId="8c84fa94-04c1-424b-9868-57a2d4851a1d" relativeResultsDirectory="1a623e9a-fde5-4055-9e4f-dc697d0cb4bf" />
    <UnitTestResult executionId="7a05400a-4071-4995-81e7-5b7975af7952" testId="aefc25c3-2bf6-896d-9c70-63f4847ce2fc" testName="ProgramTest.Main_WithValidArgs_ShouldGenerateExpectedFiles(baseArgs: [&quot;export&quot;, &quot;--error&quot;])" computerName="HP10864-LT" duration="00:00:00.0249586" startTime="2025-10-07T17:53:14.2836759-04:00" endTime="2025-10-07T17:53:14.2836764-04:00" testType="13cdc9d9-ddb5-4fa4-a97d-d965ccfc6d4b" outcome="Failed" testListId="8c84fa94-04c1-424b-9868-57a2d4851a1d" relativeResultsDirectory="7a05400a-4071-4995-81e7-5b7975af7952">
      <Output>
        <ErrorInfo>
          <Message>Expected error message not found in response content.</Message>
          <StackTrace>   at ProgramTest.Main_WithValidArgs_ShouldGenerateExpectedFiles(String[] baseArgs) in C:\Users\472709\OneDrive - PILOT TRAVEL CENTERS LLC\AdmLodPrototype\AdmLodPrototype.Tests\ProgramTest.cs:line 76&#xD;
--- End of stack trace from previous location ---</StackTrace>
        </ErrorInfo>
      </Output>
    </UnitTestResult>
    <UnitTestResult executionId="79ed2217-ed47-4d88-980d-32c8c411769a" testId="c5efe745-68d3-a58d-5d8e-70d4babe9d13" testName="JsonGroupRepositoryTests.GetProductGroups_ShouldReturnGroupNames" computerName="HP10864-LT" duration="00:00:00.0052290" startTime="2025-10-07T17:53:14.2202545-04:00" endTime="2025-10-07T17:53:14.2202546-04:00" testType="13cdc9d9-ddb5-4fa4-a97d-d965ccfc6d4b" outcome="Passed" testListId="8c84fa94-04c1-424b-9868-57a2d4851a1d" relativeResultsDirectory="79ed2217-ed47-4d88-980d-32c8c411769a" />
    <UnitTestResult executionId="ea5c3fc0-871a-45a5-b250-dbd3c3b33cf6" testId="641b9667-d560-329a-3ca8-7299a60e4dcc" testName="LoggerTests.Log_ShouldWriteInfoMessageToFile" computerName="HP10864-LT" duration="00:00:00.3132021" startTime="2025-10-07T17:53:20.3896256-04:00" endTime="2025-10-07T17:53:20.3896260-04:00" testType="13cdc9d9-ddb5-4fa4-a97d-d965ccfc6d4b" outcome="Passed" testListId="8c84fa94-04c1-424b-9868-57a2d4851a1d" relativeResultsDirectory="ea5c3fc0-871a-45a5-b250-dbd3c3b33cf6" />
    <UnitTestResult executionId="8d4dd240-f475-40d2-8c45-c74523a832fc" testId="9c90d8fc-7408-a914-2f53-f59bfe2d6da7" testName="AdmLodFileGeneratorTests.ShouldGenerateValidMergeLines" computerName="HP10864-LT" duration="00:00:00.0228149" startTime="2025-10-07T17:53:14.2179901-04:00" endTime="2025-10-07T17:53:14.2179902-04:00" testType="13cdc9d9-ddb5-4fa4-a97d-d965ccfc6d4b" outcome="Passed" testListId="8c84fa94-04c1-424b-9868-57a2d4851a1d" relativeResultsDirectory="8d4dd240-f475-40d2-8c45-c74523a832fc" />
    <UnitTestResult executionId="5981bc47-a996-4972-971a-195bb00c9bf2" testId="0bdcc666-f6cd-653e-32e2-e0a6e4337076" testName="ProductTests.Product_ShouldAllowNullValues" computerName="HP10864-LT" duration="00:00:00.0049168" startTime="2025-10-07T17:53:14.1996171-04:00" endTime="2025-10-07T17:53:14.1996172-04:00" testType="13cdc9d9-ddb5-4fa4-a97d-d965ccfc6d4b" outcome="Passed" testListId="8c84fa94-04c1-424b-9868-57a2d4851a1d" relativeResultsDirectory="5981bc47-a996-4972-971a-195bb00c9bf2" />
    <UnitTestResult executionId="1e425970-0c03-4d6f-9d44-1f6477384084" testId="d08793e1-c5b5-985f-2291-994d928fccec" testName="JsonProductRepositoryTests.GetProducts_ShouldReturnParsedProducts" computerName="HP10864-LT" duration="00:00:00.0394063" startTime="2025-10-07T17:53:14.2180559-04:00" endTime="2025-10-07T17:53:14.2180560-04:00" testType="13cdc9d9-ddb5-4fa4-a97d-d965ccfc6d4b" outcome="Passed" testListId="8c84fa94-04c1-424b-9868-57a2d4851a1d" relativeResultsDirectory="1e425970-0c03-4d6f-9d44-1f6477384084" />
    <UnitTestResult executionId="0d49eff8-3830-45bb-bc65-3406ec79c93b" testId="43e785b0-c94e-bd5d-2f90-cb6a334e7a64" testName="ProductGroupAssignmentTests.ProductGroupAssignment_ShouldThrowIfInvalid" computerName="HP10864-LT" duration="00:00:00.0052125" startTime="2025-10-07T17:53:14.1996659-04:00" endTime="2025-10-07T17:53:14.1996660-04:00" testType="13cdc9d9-ddb5-4fa4-a97d-d965ccfc6d4b" outcome="Passed" testListId="8c84fa94-04c1-424b-9868-57a2d4851a1d" relativeResultsDirectory="0d49eff8-3830-45bb-bc65-3406ec79c93b" />
    <UnitTestResult executionId="660161aa-5eef-4070-b588-5f622def9707" testId="dde9be2a-4860-0869-463e-e09eaa4750bf" testName="LoggerTests.Log_ShouldNotFailIfLogFileIsNull" computerName="HP10864-LT" duration="00:00:00.0112744" startTime="2025-10-07T17:53:14.2176603-04:00" endTime="2025-10-07T17:53:14.2176607-04:00" testType="13cdc9d9-ddb5-4fa4-a97d-d965ccfc6d4b" outcome="Passed" testListId="8c84fa94-04c1-424b-9868-57a2d4851a1d" relativeResultsDirectory="660161aa-5eef-4070-b588-5f622def9707" />
    <UnitTestResult executionId="54f978e1-1728-4b9a-ab28-03fe12e934ba" testId="e17fcd72-90f2-3bd3-f4c2-cf8f82508923" testName="ProductGroupTests.ProductGroup_ShouldStoreName" computerName="HP10864-LT" duration="00:00:00.0054180" startTime="2025-10-07T17:53:14.1989661-04:00" endTime="2025-10-07T17:53:14.1989665-04:00" testType="13cdc9d9-ddb5-4fa4-a97d-d965ccfc6d4b" outcome="Passed" testListId="8c84fa94-04c1-424b-9868-57a2d4851a1d" relativeResultsDirectory="54f978e1-1728-4b9a-ab28-03fe12e934ba" />
  </Results>
  <TestDefinitions>
    <UnitTest name="ResponseParserTests.ShouldCountSuccessAndErrorLines" storage="c:\users\472709\onedrive - pilot travel centers llc\admlodprototype\admlodprototype.tests\bin\debug\net8.0\admlodprototype.tests.dll" id="07fee0d7-34e5-2871-d964-db0fe5d25f92">
      <Execution id="5a395527-c66b-4c8c-bd80-1dd29e6a88f8" />
      <TestMethod codeBase="C:\Users\472709\OneDrive - PILOT TRAVEL CENTERS LLC\AdmLodPrototype\AdmLodPrototype.Tests\bin\Debug\net8.0\AdmLodPrototype.Tests.dll" adapterTypeName="executor://xunit/VsTestRunner2/netcoreapp" className="ResponseParserTests" name="ShouldCountSuccessAndErrorLines" />
    </UnitTest>
    <UnitTest name="AppSettingsTests.ShouldLoadAppSettingsFromConfiguration" storage="c:\users\472709\onedrive - pilot travel centers llc\admlodprototype\admlodprototype.tests\bin\debug\net8.0\admlodprototype.tests.dll" id="6618aee7-47d4-7edf-2100-f3f46f6942b5">
      <Execution id="4cac66a8-93af-4407-a601-e51470ed29ce" />
      <TestMethod codeBase="C:\Users\472709\OneDrive - PILOT TRAVEL CENTERS LLC\AdmLodPrototype\AdmLodPrototype.Tests\bin\Debug\net8.0\AdmLodPrototype.Tests.dll" adapterTypeName="executor://xunit/VsTestRunner2/netcoreapp" className="AppSettingsTests" name="ShouldLoadAppSettingsFromConfiguration" />
    </UnitTest>
    <UnitTest name="MockResponseGeneratorTests.ShouldReturnSuccessForMergeLines" storage="c:\users\472709\onedrive - pilot travel centers llc\admlodprototype\admlodprototype.tests\bin\debug\net8.0\admlodprototype.tests.dll" id="9b1a9fc0-9751-1710-ed65-888f7a7925b8">
      <Execution id="1e5b0cdb-9740-435e-83b0-4608211fff4a" />
      <TestMethod codeBase="C:\Users\472709\OneDrive - PILOT TRAVEL CENTERS LLC\AdmLodPrototype\AdmLodPrototype.Tests\bin\Debug\net8.0\AdmLodPrototype.Tests.dll" adapterTypeName="executor://xunit/VsTestRunner2/netcoreapp" className="MockResponseGeneratorTests" name="ShouldReturnSuccessForMergeLines" />
    </UnitTest>
    <UnitTest name="ProgramTest.Main_WithValidArgs_ShouldGenerateExpectedFiles(baseArgs: [&quot;export&quot;, &quot;--error&quot;])" storage="c:\users\472709\onedrive - pilot travel centers llc\admlodprototype\admlodprototype.tests\bin\debug\net8.0\admlodprototype.tests.dll" id="aefc25c3-2bf6-896d-9c70-63f4847ce2fc">
      <Execution id="7a05400a-4071-4995-81e7-5b7975af7952" />
      <TestMethod codeBase="C:\Users\472709\OneDrive - PILOT TRAVEL CENTERS LLC\AdmLodPrototype\AdmLodPrototype.Tests\bin\Debug\net8.0\AdmLodPrototype.Tests.dll" adapterTypeName="executor://xunit/VsTestRunner2/netcoreapp" className="ProgramTest" name="Main_WithValidArgs_ShouldGenerateExpectedFiles" />
    </UnitTest>
    <UnitTest name="ProductTests.Product_ShouldAllowNullValues" storage="c:\users\472709\onedrive - pilot travel centers llc\admlodprototype\admlodprototype.tests\bin\debug\net8.0\admlodprototype.tests.dll" id="0bdcc666-f6cd-653e-32e2-e0a6e4337076">
      <Execution id="5981bc47-a996-4972-971a-195bb00c9bf2" />
      <TestMethod codeBase="C:\Users\472709\OneDrive - PILOT TRAVEL CENTERS LLC\AdmLodPrototype\AdmLodPrototype.Tests\bin\Debug\net8.0\AdmLodPrototype.Tests.dll" adapterTypeName="executor://xunit/VsTestRunner2/netcoreapp" className="ProductTests" name="Product_ShouldAllowNullValues" />
    </UnitTest>
    <UnitTest name="LoggerTests.Log_ShouldWriteErrorMessageToFile" storage="c:\users\472709\onedrive - pilot travel centers llc\admlodprototype\admlodprototype.tests\bin\debug\net8.0\admlodprototype.tests.dll" id="95a872a1-1a02-c0fe-8e60-690b35eebaf9">
      <Execution id="074674b6-1437-4142-aa58-9c144835efef" />
      <TestMethod codeBase="C:\Users\472709\OneDrive - PILOT TRAVEL CENTERS LLC\AdmLodPrototype\AdmLodPrototype.Tests\bin\Debug\net8.0\AdmLodPrototype.Tests.dll" adapterTypeName="executor://xunit/VsTestRunner2/netcoreapp" className="LoggerTests" name="Log_ShouldWriteErrorMessageToFile" />
    </UnitTest>
    <UnitTest name="MockResponseGeneratorTests.ShouldReturnErrorForErrorLines" storage="c:\users\472709\onedrive - pilot travel centers llc\admlodprototype\admlodprototype.tests\bin\debug\net8.0\admlodprototype.tests.dll" id="a8f27671-537b-52b2-c1a8-ee0fc4977097">
      <Execution id="0ba50c96-738e-4e53-8ab3-d3526bd2704d" />
      <TestMethod codeBase="C:\Users\472709\OneDrive - PILOT TRAVEL CENTERS LLC\AdmLodPrototype\AdmLodPrototype.Tests\bin\Debug\net8.0\AdmLodPrototype.Tests.dll" adapterTypeName="executor://xunit/VsTestRunner2/netcoreapp" className="MockResponseGeneratorTests" name="ShouldReturnErrorForErrorLines" />
    </UnitTest>
    <UnitTest name="FtpClientMockTests.UploadFileAsync_ShouldWriteFileToMockDirectory" storage="c:\users\472709\onedrive - pilot travel centers llc\admlodprototype\admlodprototype.tests\bin\debug\net8.0\admlodprototype.tests.dll" id="9d1319bb-7c76-b2a7-7a04-8ffc61d37c9a">
      <Execution id="ed0e8421-a6f0-4c7b-b064-e66ca7ab4593" />
      <TestMethod codeBase="C:\Users\472709\OneDrive - PILOT TRAVEL CENTERS LLC\AdmLodPrototype\AdmLodPrototype.Tests\bin\Debug\net8.0\AdmLodPrototype.Tests.dll" adapterTypeName="executor://xunit/VsTestRunner2/netcoreapp" className="FtpClientMockTests" name="UploadFileAsync_ShouldWriteFileToMockDirectory" />
    </UnitTest>
    <UnitTest name="JsonGroupRepositoryTests.GetProductGroupAssignments_ShouldReturnAssignments" storage="c:\users\472709\onedrive - pilot travel centers llc\admlodprototype\admlodprototype.tests\bin\debug\net8.0\admlodprototype.tests.dll" id="c10c8df3-56e6-79e0-8448-1188e776ba58">
      <Execution id="ce1f98e3-4f35-492d-befb-5d23eaf0a5c9" />
      <TestMethod codeBase="C:\Users\472709\OneDrive - PILOT TRAVEL CENTERS LLC\AdmLodPrototype\AdmLodPrototype.Tests\bin\Debug\net8.0\AdmLodPrototype.Tests.dll" adapterTypeName="executor://xunit/VsTestRunner2/netcoreapp" className="JsonGroupRepositoryTests" name="GetProductGroupAssignments_ShouldReturnAssignments" />
    </UnitTest>
    <UnitTest name="ProgramTest.Main_WithValidArgs_ShouldGenerateExpectedFiles(baseArgs: [&quot;export&quot;, &quot;--success&quot;])" storage="c:\users\472709\onedrive - pilot travel centers llc\admlodprototype\admlodprototype.tests\bin\debug\net8.0\admlodprototype.tests.dll" id="017552a4-1174-2cc8-24ab-00a2491983b5">
      <Execution id="cc420e73-e08b-419c-9d5b-0c30b77dc827" />
      <TestMethod codeBase="C:\Users\472709\OneDrive - PILOT TRAVEL CENTERS LLC\AdmLodPrototype\AdmLodPrototype.Tests\bin\Debug\net8.0\AdmLodPrototype.Tests.dll" adapterTypeName="executor://xunit/VsTestRunner2/netcoreapp" className="ProgramTest" name="Main_WithValidArgs_ShouldGenerateExpectedFiles" />
    </UnitTest>
    <UnitTest name="AdmLodFileWriterTests.WriteExportFile_ShouldThrowIfPathIsInvalid" storage="c:\users\472709\onedrive - pilot travel centers llc\admlodprototype\admlodprototype.tests\bin\debug\net8.0\admlodprototype.tests.dll" id="25f6f985-8768-d5f9-6b76-f8ef7955cac2">
      <Execution id="b9509563-6670-466f-9565-97c167eb68d3" />
      <TestMethod codeBase="C:\Users\472709\OneDrive - PILOT TRAVEL CENTERS LLC\AdmLodPrototype\AdmLodPrototype.Tests\bin\Debug\net8.0\AdmLodPrototype.Tests.dll" adapterTypeName="executor://xunit/VsTestRunner2/netcoreapp" className="AdmLodFileWriterTests" name="WriteExportFile_ShouldThrowIfPathIsInvalid" />
    </UnitTest>
    <UnitTest name="ProductGroupAssignmentTests.ProductGroupAssignment_ShouldThrowIfInvalid" storage="c:\users\472709\onedrive - pilot travel centers llc\admlodprototype\admlodprototype.tests\bin\debug\net8.0\admlodprototype.tests.dll" id="43e785b0-c94e-bd5d-2f90-cb6a334e7a64">
      <Execution id="0d49eff8-3830-45bb-bc65-3406ec79c93b" />
      <TestMethod codeBase="C:\Users\472709\OneDrive - PILOT TRAVEL CENTERS LLC\AdmLodPrototype\AdmLodPrototype.Tests\bin\Debug\net8.0\AdmLodPrototype.Tests.dll" adapterTypeName="executor://xunit/VsTestRunner2/netcoreapp" className="ProductGroupAssignmentTests" name="ProductGroupAssignment_ShouldThrowIfInvalid" />
    </UnitTest>
    <UnitTest name="ProductTests.Product_ShouldStorePropertiesCorrectly" storage="c:\users\472709\onedrive - pilot travel centers llc\admlodprototype\admlodprototype.tests\bin\debug\net8.0\admlodprototype.tests.dll" id="685b6528-4258-be1b-e11f-899d4eef4a15">
      <Execution id="aaf62233-fdc9-47e8-950d-f28c3f44724a" />
      <TestMethod codeBase="C:\Users\472709\OneDrive - PILOT TRAVEL CENTERS LLC\AdmLodPrototype\AdmLodPrototype.Tests\bin\Debug\net8.0\AdmLodPrototype.Tests.dll" adapterTypeName="executor://xunit/VsTestRunner2/netcoreapp" className="ProductTests" name="Product_ShouldStorePropertiesCorrectly" />
    </UnitTest>
    <UnitTest name="AdmLodFileWriterTests.WriteExportFile_ShouldCreateFileWithExpectedContent" storage="c:\users\472709\onedrive - pilot travel centers llc\admlodprototype\admlodprototype.tests\bin\debug\net8.0\admlodprototype.tests.dll" id="12b48d8b-3651-4157-4bc2-856a35d8eaf3">
      <Execution id="e073f8eb-d0b9-441e-a2f3-529f75ae03c3" />
      <TestMethod codeBase="C:\Users\472709\OneDrive - PILOT TRAVEL CENTERS LLC\AdmLodPrototype\AdmLodPrototype.Tests\bin\Debug\net8.0\AdmLodPrototype.Tests.dll" adapterTypeName="executor://xunit/VsTestRunner2/netcoreapp" className="AdmLodFileWriterTests" name="WriteExportFile_ShouldCreateFileWithExpectedContent" />
    </UnitTest>
    <UnitTest name="ProductGroupTests.ProductGroup_ShouldThrowIfNameIsEmpty" storage="c:\users\472709\onedrive - pilot travel centers llc\admlodprototype\admlodprototype.tests\bin\debug\net8.0\admlodprototype.tests.dll" id="e1029a2f-dd08-6044-08b6-6b884db1b807">
      <Execution id="78158084-b38c-47be-a9b4-294292ecb5f8" />
      <TestMethod codeBase="C:\Users\472709\OneDrive - PILOT TRAVEL CENTERS LLC\AdmLodPrototype\AdmLodPrototype.Tests\bin\Debug\net8.0\AdmLodPrototype.Tests.dll" adapterTypeName="executor://xunit/VsTestRunner2/netcoreapp" className="ProductGroupTests" name="ProductGroup_ShouldThrowIfNameIsEmpty" />
    </UnitTest>
    <UnitTest name="LoggerTests.Log_ShouldNotFailIfLogFileIsNull" storage="c:\users\472709\onedrive - pilot travel centers llc\admlodprototype\admlodprototype.tests\bin\debug\net8.0\admlodprototype.tests.dll" id="dde9be2a-4860-0869-463e-e09eaa4750bf">
      <Execution id="660161aa-5eef-4070-b588-5f622def9707" />
      <TestMethod codeBase="C:\Users\472709\OneDrive - PILOT TRAVEL CENTERS LLC\AdmLodPrototype\AdmLodPrototype.Tests\bin\Debug\net8.0\AdmLodPrototype.Tests.dll" adapterTypeName="executor://xunit/VsTestRunner2/netcoreapp" className="LoggerTests" name="Log_ShouldNotFailIfLogFileIsNull" />
    </UnitTest>
    <UnitTest name="ProgramTest.Main_WithValidArgs_ShouldGenerateExpectedFiles(baseArgs: [&quot;export&quot;, &quot;--success&quot;, &quot;--logfile&quot;])" storage="c:\users\472709\onedrive - pilot travel centers llc\admlodprototype\admlodprototype.tests\bin\debug\net8.0\admlodprototype.tests.dll" id="d427418e-ff77-4a8e-dde5-8eed08b5895b">
      <Execution id="da46bae9-6486-4e16-8e20-06481edda053" />
      <TestMethod codeBase="C:\Users\472709\OneDrive - PILOT TRAVEL CENTERS LLC\AdmLodPrototype\AdmLodPrototype.Tests\bin\Debug\net8.0\AdmLodPrototype.Tests.dll" adapterTypeName="executor://xunit/VsTestRunner2/netcoreapp" className="ProgramTest" name="Main_WithValidArgs_ShouldGenerateExpectedFiles" />
    </UnitTest>
    <UnitTest name="ExportServiceTests.RunExport_ShouldLogSuccess_WhenSimulationIsSuccessful" storage="c:\users\472709\onedrive - pilot travel centers llc\admlodprototype\admlodprototype.tests\bin\debug\net8.0\admlodprototype.tests.dll" id="d25f0d51-95ce-b0ca-c566-6464207bc324">
      <Execution id="aae9aaa4-90eb-4218-8683-0894e58fe099" />
      <TestMethod codeBase="C:\Users\472709\OneDrive - PILOT TRAVEL CENTERS LLC\AdmLodPrototype\AdmLodPrototype.Tests\bin\Debug\net8.0\AdmLodPrototype.Tests.dll" adapterTypeName="executor://xunit/VsTestRunner2/netcoreapp" className="ExportServiceTests" name="RunExport_ShouldLogSuccess_WhenSimulationIsSuccessful" />
    </UnitTest>
    <UnitTest name="SmokeTests.ShouldPass" storage="c:\users\472709\onedrive - pilot travel centers llc\admlodprototype\admlodprototype.tests\bin\debug\net8.0\admlodprototype.tests.dll" id="c38470ea-b0ff-6367-f1b4-978310c03bb0">
      <Execution id="80591fab-22e3-4a77-b52e-00be2ce69861" />
      <TestMethod codeBase="C:\Users\472709\OneDrive - PILOT TRAVEL CENTERS LLC\AdmLodPrototype\AdmLodPrototype.Tests\bin\Debug\net8.0\AdmLodPrototype.Tests.dll" adapterTypeName="executor://xunit/VsTestRunner2/netcoreapp" className="SmokeTests" name="ShouldPass" />
    </UnitTest>
    <UnitTest name="FtpClientMockTests.Upload_ShouldCopyFileToMockDirectory" storage="c:\users\472709\onedrive - pilot travel centers llc\admlodprototype\admlodprototype.tests\bin\debug\net8.0\admlodprototype.tests.dll" id="721cb35b-9369-929c-c3ce-12f36fdaeb7b">
      <Execution id="1a623e9a-fde5-4055-9e4f-dc697d0cb4bf" />
      <TestMethod codeBase="C:\Users\472709\OneDrive - PILOT TRAVEL CENTERS LLC\AdmLodPrototype\AdmLodPrototype.Tests\bin\Debug\net8.0\AdmLodPrototype.Tests.dll" adapterTypeName="executor://xunit/VsTestRunner2/netcoreapp" className="FtpClientMockTests" name="Upload_ShouldCopyFileToMockDirectory" />
    </UnitTest>
    <UnitTest name="JsonGroupRepositoryTests.GetProductGroups_ShouldReturnGroupNames" storage="c:\users\472709\onedrive - pilot travel centers llc\admlodprototype\admlodprototype.tests\bin\debug\net8.0\admlodprototype.tests.dll" id="c5efe745-68d3-a58d-5d8e-70d4babe9d13">
      <Execution id="79ed2217-ed47-4d88-980d-32c8c411769a" />
      <TestMethod codeBase="C:\Users\472709\OneDrive - PILOT TRAVEL CENTERS LLC\AdmLodPrototype\AdmLodPrototype.Tests\bin\Debug\net8.0\AdmLodPrototype.Tests.dll" adapterTypeName="executor://xunit/VsTestRunner2/netcoreapp" className="JsonGroupRepositoryTests" name="GetProductGroups_ShouldReturnGroupNames" />
    </UnitTest>
    <UnitTest name="ExportServiceTests.RunExport_ShouldLogError_WhenSimulationFails" storage="c:\users\472709\onedrive - pilot travel centers llc\admlodprototype\admlodprototype.tests\bin\debug\net8.0\admlodprototype.tests.dll" id="c77228e2-e714-f75f-b885-6132e3942cab">
      <Execution id="52361c71-2aa2-4046-820d-b5129c6a9066" />
      <TestMethod codeBase="C:\Users\472709\OneDrive - PILOT TRAVEL CENTERS LLC\AdmLodPrototype\AdmLodPrototype.Tests\bin\Debug\net8.0\AdmLodPrototype.Tests.dll" adapterTypeName="executor://xunit/VsTestRunner2/netcoreapp" className="ExportServiceTests" name="RunExport_ShouldLogError_WhenSimulationFails" />
    </UnitTest>
    <UnitTest name="ProductGroupTests.ProductGroup_ShouldStoreName" storage="c:\users\472709\onedrive - pilot travel centers llc\admlodprototype\admlodprototype.tests\bin\debug\net8.0\admlodprototype.tests.dll" id="e17fcd72-90f2-3bd3-f4c2-cf8f82508923">
      <Execution id="54f978e1-1728-4b9a-ab28-03fe12e934ba" />
      <TestMethod codeBase="C:\Users\472709\OneDrive - PILOT TRAVEL CENTERS LLC\AdmLodPrototype\AdmLodPrototype.Tests\bin\Debug\net8.0\AdmLodPrototype.Tests.dll" adapterTypeName="executor://xunit/VsTestRunner2/netcoreapp" className="ProductGroupTests" name="ProductGroup_ShouldStoreName" />
    </UnitTest>
    <UnitTest name="FtpClientMockTests.Upload_ShouldLogMessageAsync" storage="c:\users\472709\onedrive - pilot travel centers llc\admlodprototype\admlodprototype.tests\bin\debug\net8.0\admlodprototype.tests.dll" id="c15ee511-f676-b786-d052-eb0b2e15d6f8">
      <Execution id="8b46d7cf-27a0-46d9-9bbe-93dbc6a4ecfe" />
      <TestMethod codeBase="C:\Users\472709\OneDrive - PILOT TRAVEL CENTERS LLC\AdmLodPrototype\AdmLodPrototype.Tests\bin\Debug\net8.0\AdmLodPrototype.Tests.dll" adapterTypeName="executor://xunit/VsTestRunner2/netcoreapp" className="FtpClientMockTests" name="Upload_ShouldLogMessageAsync" />
    </UnitTest>
    <UnitTest name="AdmLodFileGeneratorTests.ShouldReportMissingProductFields" storage="c:\users\472709\onedrive - pilot travel centers llc\admlodprototype\admlodprototype.tests\bin\debug\net8.0\admlodprototype.tests.dll" id="45396e7d-c1c2-fffc-955a-7eed6f226218">
      <Execution id="fe89e3ab-f088-4222-9cc7-4479cfd62a46" />
      <TestMethod codeBase="C:\Users\472709\OneDrive - PILOT TRAVEL CENTERS LLC\AdmLodPrototype\AdmLodPrototype.Tests\bin\Debug\net8.0\AdmLodPrototype.Tests.dll" adapterTypeName="executor://xunit/VsTestRunner2/netcoreapp" className="AdmLodFileGeneratorTests" name="ShouldReportMissingProductFields" />
    </UnitTest>
    <UnitTest name="JsonProductRepositoryTests.GetProducts_ShouldReturnParsedProducts" storage="c:\users\472709\onedrive - pilot travel centers llc\admlodprototype\admlodprototype.tests\bin\debug\net8.0\admlodprototype.tests.dll" id="d08793e1-c5b5-985f-2291-994d928fccec">
      <Execution id="1e425970-0c03-4d6f-9d44-1f6477384084" />
      <TestMethod codeBase="C:\Users\472709\OneDrive - PILOT TRAVEL CENTERS LLC\AdmLodPrototype\AdmLodPrototype.Tests\bin\Debug\net8.0\AdmLodPrototype.Tests.dll" adapterTypeName="executor://xunit/VsTestRunner2/netcoreapp" className="JsonProductRepositoryTests" name="GetProducts_ShouldReturnParsedProducts" />
    </UnitTest>
    <UnitTest name="FtpClientMockTests.Upload_ShouldLogMessage" storage="c:\users\472709\onedrive - pilot travel centers llc\admlodprototype\admlodprototype.tests\bin\debug\net8.0\admlodprototype.tests.dll" id="1f4c58fd-6160-fecb-f1df-f54c45326b97">
      <Execution id="5d450392-417b-429a-b345-4114a5a4e2d2" />
      <TestMethod codeBase="C:\Users\472709\OneDrive - PILOT TRAVEL CENTERS LLC\AdmLodPrototype\AdmLodPrototype.Tests\bin\Debug\net8.0\AdmLodPrototype.Tests.dll" adapterTypeName="executor://xunit/VsTestRunner2/netcoreapp" className="FtpClientMockTests" name="Upload_ShouldLogMessage" />
    </UnitTest>
    <UnitTest name="LoggerTests.Log_ShouldWriteInfoMessageToFile" storage="c:\users\472709\onedrive - pilot travel centers llc\admlodprototype\admlodprototype.tests\bin\debug\net8.0\admlodprototype.tests.dll" id="641b9667-d560-329a-3ca8-7299a60e4dcc">
      <Execution id="ea5c3fc0-871a-45a5-b250-dbd3c3b33cf6" />
      <TestMethod codeBase="C:\Users\472709\OneDrive - PILOT TRAVEL CENTERS LLC\AdmLodPrototype\AdmLodPrototype.Tests\bin\Debug\net8.0\AdmLodPrototype.Tests.dll" adapterTypeName="executor://xunit/VsTestRunner2/netcoreapp" className="LoggerTests" name="Log_ShouldWriteInfoMessageToFile" />
    </UnitTest>
    <UnitTest name="AdmLodFileGeneratorTests.ShouldGenerateValidMergeLines" storage="c:\users\472709\onedrive - pilot travel centers llc\admlodprototype\admlodprototype.tests\bin\debug\net8.0\admlodprototype.tests.dll" id="9c90d8fc-7408-a914-2f53-f59bfe2d6da7">
      <Execution id="8d4dd240-f475-40d2-8c45-c74523a832fc" />
      <TestMethod codeBase="C:\Users\472709\OneDrive - PILOT TRAVEL CENTERS LLC\AdmLodPrototype\AdmLodPrototype.Tests\bin\Debug\net8.0\AdmLodPrototype.Tests.dll" adapterTypeName="executor://xunit/VsTestRunner2/netcoreapp" className="AdmLodFileGeneratorTests" name="ShouldGenerateValidMergeLines" />
    </UnitTest>
  </TestDefinitions>
  <TestEntries>
    <TestEntry testId="e1029a2f-dd08-6044-08b6-6b884db1b807" executionId="78158084-b38c-47be-a9b4-294292ecb5f8" testListId="8c84fa94-04c1-424b-9868-57a2d4851a1d" />
    <TestEntry testId="685b6528-4258-be1b-e11f-899d4eef4a15" executionId="aaf62233-fdc9-47e8-950d-f28c3f44724a" testListId="8c84fa94-04c1-424b-9868-57a2d4851a1d" />
    <TestEntry testId="45396e7d-c1c2-fffc-955a-7eed6f226218" executionId="fe89e3ab-f088-4222-9cc7-4479cfd62a46" testListId="8c84fa94-04c1-424b-9868-57a2d4851a1d" />
    <TestEntry testId="07fee0d7-34e5-2871-d964-db0fe5d25f92" executionId="5a395527-c66b-4c8c-bd80-1dd29e6a88f8" testListId="8c84fa94-04c1-424b-9868-57a2d4851a1d" />
    <TestEntry testId="c77228e2-e714-f75f-b885-6132e3942cab" executionId="52361c71-2aa2-4046-820d-b5129c6a9066" testListId="8c84fa94-04c1-424b-9868-57a2d4851a1d" />
    <TestEntry testId="c10c8df3-56e6-79e0-8448-1188e776ba58" executionId="ce1f98e3-4f35-492d-befb-5d23eaf0a5c9" testListId="8c84fa94-04c1-424b-9868-57a2d4851a1d" />
    <TestEntry testId="a8f27671-537b-52b2-c1a8-ee0fc4977097" executionId="0ba50c96-738e-4e53-8ab3-d3526bd2704d" testListId="8c84fa94-04c1-424b-9868-57a2d4851a1d" />
    <TestEntry testId="017552a4-1174-2cc8-24ab-00a2491983b5" executionId="cc420e73-e08b-419c-9d5b-0c30b77dc827" testListId="8c84fa94-04c1-424b-9868-57a2d4851a1d" />
    <TestEntry testId="6618aee7-47d4-7edf-2100-f3f46f6942b5" executionId="4cac66a8-93af-4407-a601-e51470ed29ce" testListId="8c84fa94-04c1-424b-9868-57a2d4851a1d" />
    <TestEntry testId="9b1a9fc0-9751-1710-ed65-888f7a7925b8" executionId="1e5b0cdb-9740-435e-83b0-4608211fff4a" testListId="8c84fa94-04c1-424b-9868-57a2d4851a1d" />
    <TestEntry testId="1f4c58fd-6160-fecb-f1df-f54c45326b97" executionId="5d450392-417b-429a-b345-4114a5a4e2d2" testListId="8c84fa94-04c1-424b-9868-57a2d4851a1d" />
    <TestEntry testId="d427418e-ff77-4a8e-dde5-8eed08b5895b" executionId="da46bae9-6486-4e16-8e20-06481edda053" testListId="8c84fa94-04c1-424b-9868-57a2d4851a1d" />
    <TestEntry testId="c15ee511-f676-b786-d052-eb0b2e15d6f8" executionId="8b46d7cf-27a0-46d9-9bbe-93dbc6a4ecfe" testListId="8c84fa94-04c1-424b-9868-57a2d4851a1d" />
    <TestEntry testId="9d1319bb-7c76-b2a7-7a04-8ffc61d37c9a" executionId="ed0e8421-a6f0-4c7b-b064-e66ca7ab4593" testListId="8c84fa94-04c1-424b-9868-57a2d4851a1d" />
    <TestEntry testId="95a872a1-1a02-c0fe-8e60-690b35eebaf9" executionId="074674b6-1437-4142-aa58-9c144835efef" testListId="8c84fa94-04c1-424b-9868-57a2d4851a1d" />
    <TestEntry testId="25f6f985-8768-d5f9-6b76-f8ef7955cac2" executionId="b9509563-6670-466f-9565-97c167eb68d3" testListId="8c84fa94-04c1-424b-9868-57a2d4851a1d" />
    <TestEntry testId="12b48d8b-3651-4157-4bc2-856a35d8eaf3" executionId="e073f8eb-d0b9-441e-a2f3-529f75ae03c3" testListId="8c84fa94-04c1-424b-9868-57a2d4851a1d" />
    <TestEntry testId="c38470ea-b0ff-6367-f1b4-978310c03bb0" executionId="80591fab-22e3-4a77-b52e-00be2ce69861" testListId="8c84fa94-04c1-424b-9868-57a2d4851a1d" />
    <TestEntry testId="d25f0d51-95ce-b0ca-c566-6464207bc324" executionId="aae9aaa4-90eb-4218-8683-0894e58fe099" testListId="8c84fa94-04c1-424b-9868-57a2d4851a1d" />
    <TestEntry testId="721cb35b-9369-929c-c3ce-12f36fdaeb7b" executionId="1a623e9a-fde5-4055-9e4f-dc697d0cb4bf" testListId="8c84fa94-04c1-424b-9868-57a2d4851a1d" />
    <TestEntry testId="aefc25c3-2bf6-896d-9c70-63f4847ce2fc" executionId="7a05400a-4071-4995-81e7-5b7975af7952" testListId="8c84fa94-04c1-424b-9868-57a2d4851a1d" />
    <TestEntry testId="c5efe745-68d3-a58d-5d8e-70d4babe9d13" executionId="79ed2217-ed47-4d88-980d-32c8c411769a" testListId="8c84fa94-04c1-424b-9868-57a2d4851a1d" />
    <TestEntry testId="641b9667-d560-329a-3ca8-7299a60e4dcc" executionId="ea5c3fc0-871a-45a5-b250-dbd3c3b33cf6" testListId="8c84fa94-04c1-424b-9868-57a2d4851a1d" />
    <TestEntry testId="9c90d8fc-7408-a914-2f53-f59bfe2d6da7" executionId="8d4dd240-f475-40d2-8c45-c74523a832fc" testListId="8c84fa94-04c1-424b-9868-57a2d4851a1d" />
    <TestEntry testId="0bdcc666-f6cd-653e-32e2-e0a6e4337076" executionId="5981bc47-a996-4972-971a-195bb00c9bf2" testListId="8c84fa94-04c1-424b-9868-57a2d4851a1d" />
    <TestEntry testId="d08793e1-c5b5-985f-2291-994d928fccec" executionId="1e425970-0c03-4d6f-9d44-1f6477384084" testListId="8c84fa94-04c1-424b-9868-57a2d4851a1d" />
    <TestEntry testId="43e785b0-c94e-bd5d-2f90-cb6a334e7a64" executionId="0d49eff8-3830-45bb-bc65-3406ec79c93b" testListId="8c84fa94-04c1-424b-9868-57a2d4851a1d" />
    <TestEntry testId="dde9be2a-4860-0869-463e-e09eaa4750bf" executionId="660161aa-5eef-4070-b588-5f622def9707" testListId="8c84fa94-04c1-424b-9868-57a2d4851a1d" />
    <TestEntry testId="e17fcd72-90f2-3bd3-f4c2-cf8f82508923" executionId="54f978e1-1728-4b9a-ab28-03fe12e934ba" testListId="8c84fa94-04c1-424b-9868-57a2d4851a1d" />
  </TestEntries>
  <TestLists>
    <TestList name="Results Not in a List" id="8c84fa94-04c1-424b-9868-57a2d4851a1d" />
    <TestList name="All Loaded Results" id="19431567-8539-422a-85d7-44ee4e166bda" />
  </TestLists>
  <ResultSummary outcome="Failed">
    <Counters total="29" executed="29" passed="27" failed="2" error="0" timeout="0" aborted="0" inconclusive="0" passedButRunAborted="0" notRunnable="0" notExecuted="0" disconnected="0" warning="0" completed="0" inProgress="0" pending="0" />
    <Output>
      <StdOut>[xUnit.net 00:00:00.00] xUnit.net VSTest Adapter v2.4.5+1caef2f33e (64-bit .NET 8.0.20)&#xD;
[xUnit.net 00:00:00.79]   Discovering: AdmLodPrototype.Tests&#xD;
[xUnit.net 00:00:00.84]   Discovered:  AdmLodPrototype.Tests&#xD;
[xUnit.net 00:00:00.84]   Starting:    AdmLodPrototype.Tests&#xD;
2025-10-07 17:53:14 [ERROR] This is an error message&#xD;
2025-10-07 17:53:14 [INFO] Starting ADMLOD Export Prototype&#xD;
2025-10-07 17:53:14 [INFO] Generating ADMLOD export file...&#xD;
2025-10-07 17:53:14 [INFO] [FTP] Uploaded MockFiles/adm_export_59eacf1e-5069-47e5-9c89-9525604b365f.txt to adm_export.txt&#xD;
2025-10-07 17:53:14 [SUCCESS] Simulated FTP upload completed.&#xD;
2025-10-07 17:53:14 [INFO] Total Successes: 20&#xD;
2025-10-07 17:53:14 [WARN] Total Errors: 0&#xD;
2025-10-07 17:53:14 [INFO] Starting ADMLOD Export Prototype&#xD;
2025-10-07 17:53:14 [INFO] Generating ADMLOD export file...&#xD;
2025-10-07 17:53:14 [INFO] [FTP] Uploaded MockFiles/adm_export_9d063497-7172-4349-b480-22a8a175e16d.txt to adm_export.txt&#xD;
2025-10-07 17:53:14 [ERROR] Simulated FTP upload failed.&#xD;
2025-10-07 17:53:14 [INFO] Generating ADMLOD export file...&#xD;
2025-10-07 17:53:14 [INFO] Starting ADMLOD Export Prototype&#xD;
2025-10-07 17:53:14 [INFO] Generating ADMLOD export file...&#xD;
[xUnit.net 00:00:01.03]       Expected error message not found in response content.&#xD;
[xUnit.net 00:00:01.03]       Stack Trace:&#xD;
[xUnit.net 00:00:01.03]         C:\Users\472709\OneDrive - PILOT TRAVEL CENTERS LLC\AdmLodPrototype\AdmLodPrototype.Tests\ProgramTest.cs(76,0): at ProgramTest.Main_WithValidArgs_ShouldGenerateExpectedFiles(String[] baseArgs)&#xD;
[xUnit.net 00:00:01.03]         --- End of stack trace from previous location ---&#xD;
2025-10-07 17:53:14 [ERROR] Simulated FTP upload failed.&#xD;
2025-10-07 17:53:14 [INFO] [FTP] Uploaded MockFiles/adm_export_406e4cee-7e10-4eaf-809c-4b7897042329.txt to adm_export.txt&#xD;
Logger initialized with: C:\Users\472709\AppData\Local\Temp\test_log_dedcf2fa-8030-45a8-a2be-1781e2f2757a.txt&#xD;
2025-10-07 17:53:14 [INFO] Total Successes: 1&#xD;
2025-10-07 17:53:14 [WARN] Total Errors: 0&#xD;
2025-10-07 17:53:14 [INFO] [FTP] Uploaded C:\Users\472709\AppData\Local\Temp\MockFiles_436e0da6-3409-40d7-9d50-96423f225b39\testfile.txt to remote_testfile.txt&#xD;
2025-10-07 17:53:14 [INFO] [FTP] Uploaded C:\Users\472709\AppData\Local\Temp\MockFiles_dfb9a714-6b91-4d7a-bbb0-f2ba5954ce28\testfile.txt to remote_testfile.txt&#xD;
[xUnit.net 00:00:06.82]       Expected error message not found in log file.&#xD;
[xUnit.net 00:00:06.82]       Stack Trace:&#xD;
[xUnit.net 00:00:06.82]         C:\Users\472709\OneDrive - PILOT TRAVEL CENTERS LLC\AdmLodPrototype\AdmLodPrototype.Tests\Utilities\LoggerTest.cs(32,0): at LoggerTests.Log_ShouldWriteErrorMessageToFile()&#xD;
[xUnit.net 00:00:06.82]         --- End of stack trace from previous location ---&#xD;
2025-10-07 17:53:20 [INFO] This is an info message&#xD;
[xUnit.net 00:00:07.14]   Finished:    AdmLodPrototype.Tests&#xD;
</StdOut>
    </Output>
    <RunInfos>
      <RunInfo computerName="HP10864-LT" outcome="Error" timestamp="2025-10-07T17:53:14.2814208-04:00">
        <Text>[xUnit.net 00:00:01.03]     ProgramTest.Main_WithValidArgs_ShouldGenerateExpectedFiles(baseArgs: ["export", "--error"]) [FAIL]</Text>
      </RunInfo>
      <RunInfo computerName="HP10864-LT" outcome="Error" timestamp="2025-10-07T17:53:20.0767450-04:00">
        <Text>[xUnit.net 00:00:06.82]     LoggerTests.Log_ShouldWriteErrorMessageToFile [FAIL]</Text>
      </RunInfo>
    </RunInfos>
  </ResultSummary>
</TestRun>