<?xml version="1.0" encoding="utf-8"?>
<TestRun id="ca3fbc4f-8516-44a1-9662-122b352936a7" name="472709@HP10864-LT 2025-10-07 16:10:21" runUser="PILOTCORP\472709" xmlns="http://microsoft.com/schemas/VisualStudio/TeamTest/2010">
  <Times creation="2025-10-07T16:10:21.8312767-04:00" queuing="2025-10-07T16:10:21.8312773-04:00" start="2025-10-07T16:10:18.7213600-04:00" finish="2025-10-07T16:10:28.8384383-04:00" />
  <TestSettings name="default" id="59e6fd29-ce46-4174-b54f-1f02b4c59460">
    <Deployment runDeploymentRoot="472709_HP10864-LT_2025-10-07_16_10_21" />
  </TestSettings>
  <Results>
    <UnitTestResult executionId="f489837a-6a9a-4cb4-b33a-c7032ec7c6df" testId="c15ee511-f676-b786-d052-eb0b2e15d6f8" testName="FtpClientMockTests.Upload_ShouldLogMessageAsync" computerName="HP10864-LT" duration="00:00:06.0475133" startTime="2025-10-07T16:10:28.4646664-04:00" endTime="2025-10-07T16:10:28.4646672-04:00" testType="13cdc9d9-ddb5-4fa4-a97d-d965ccfc6d4b" outcome="Failed" testListId="8c84fa94-04c1-424b-9868-57a2d4851a1d" relativeResultsDirectory="f489837a-6a9a-4cb4-b33a-c7032ec7c6df">
      <Output>
        <ErrorInfo>
          <Message>Log message not found within timeout.</Message>
          <StackTrace>   at FtpClientMockTests.Upload_ShouldLogMessageAsync() in C:\Users\472709\OneDrive - PILOT TRAVEL CENTERS LLC\AdmLodPrototype\AdmLodPrototype.Tests\Services\FtpClientMockTests.cs:line 91&#xD;
--- End of stack trace from previous location ---</StackTrace>
        </ErrorInfo>
      </Output>
    </UnitTestResult>
    <UnitTestResult executionId="2412d419-b02a-4224-b139-a4d286c1d156" testId="c10c8df3-56e6-79e0-8448-1188e776ba58" testName="JsonGroupRepositoryTests.GetProductGroupAssignments_ShouldReturnAssignments" computerName="HP10864-LT" duration="00:00:00.0686644" startTime="2025-10-07T16:10:21.7815850-04:00" endTime="2025-10-07T16:10:21.7815851-04:00" testType="13cdc9d9-ddb5-4fa4-a97d-d965ccfc6d4b" outcome="Passed" testListId="8c84fa94-04c1-424b-9868-57a2d4851a1d" relativeResultsDirectory="2412d419-b02a-4224-b139-a4d286c1d156" />
    <UnitTestResult executionId="144d0e2c-c69b-4104-822a-6345953a0275" testId="721cb35b-9369-929c-c3ce-12f36fdaeb7b" testName="FtpClientMockTests.Upload_ShouldCopyFileToMockDirectory" computerName="HP10864-LT" duration="00:00:00.0214872" startTime="2025-10-07T16:10:21.8428073-04:00" endTime="2025-10-07T16:10:21.8428081-04:00" testType="13cdc9d9-ddb5-4fa4-a97d-d965ccfc6d4b" outcome="Passed" testListId="8c84fa94-04c1-424b-9868-57a2d4851a1d" relativeResultsDirectory="144d0e2c-c69b-4104-822a-6345953a0275" />
    <UnitTestResult executionId="f438b059-d818-4951-97ac-74e06e64e36b" testId="017552a4-1174-2cc8-24ab-00a2491983b5" testName="ProgramTest.Main_WithValidArgs_ShouldGenerateExpectedFiles(baseArgs: [&quot;export&quot;, &quot;--success&quot;])" computerName="HP10864-LT" duration="00:00:00.0926599" startTime="2025-10-07T16:10:21.8075241-04:00" endTime="2025-10-07T16:10:21.8075248-04:00" testType="13cdc9d9-ddb5-4fa4-a97d-d965ccfc6d4b" outcome="Passed" testListId="8c84fa94-04c1-424b-9868-57a2d4851a1d" relativeResultsDirectory="f438b059-d818-4951-97ac-74e06e64e36b" />
    <UnitTestResult executionId="d4365bc2-5c3c-474f-8a26-e42d8ba69e3f" testId="e1029a2f-dd08-6044-08b6-6b884db1b807" testName="ProductGroupTests.ProductGroup_ShouldThrowIfNameIsEmpty" computerName="HP10864-LT" duration="00:00:00.0007423" startTime="2025-10-07T16:10:21.7764098-04:00" endTime="2025-10-07T16:10:21.7764099-04:00" testType="13cdc9d9-ddb5-4fa4-a97d-d965ccfc6d4b" outcome="Passed" testListId="8c84fa94-04c1-424b-9868-57a2d4851a1d" relativeResultsDirectory="d4365bc2-5c3c-474f-8a26-e42d8ba69e3f" />
    <UnitTestResult executionId="d98fbb05-9173-4ad6-bfe1-f0d90635f19e" testId="685b6528-4258-be1b-e11f-899d4eef4a15" testName="ProductTests.Product_ShouldStorePropertiesCorrectly" computerName="HP10864-LT" duration="00:00:00.0002718" startTime="2025-10-07T16:10:21.7763594-04:00" endTime="2025-10-07T16:10:21.7763595-04:00" testType="13cdc9d9-ddb5-4fa4-a97d-d965ccfc6d4b" outcome="Passed" testListId="8c84fa94-04c1-424b-9868-57a2d4851a1d" relativeResultsDirectory="d98fbb05-9173-4ad6-bfe1-f0d90635f19e" />
    <UnitTestResult executionId="808749a2-7490-467a-b2f8-f25f30138c4a" testId="c77228e2-e714-f75f-b885-6132e3942cab" testName="ExportServiceTests.RunExport_ShouldLogError_WhenSimulationFails" computerName="HP10864-LT" duration="00:00:00.2122867" startTime="2025-10-07T16:10:21.9216106-04:00" endTime="2025-10-07T16:10:21.9216114-04:00" testType="13cdc9d9-ddb5-4fa4-a97d-d965ccfc6d4b" outcome="Passed" testListId="8c84fa94-04c1-424b-9868-57a2d4851a1d" relativeResultsDirectory="808749a2-7490-467a-b2f8-f25f30138c4a" />
    <UnitTestResult executionId="ec42fb6c-1c61-4b86-b445-cc8822e004e2" testId="45396e7d-c1c2-fffc-955a-7eed6f226218" testName="AdmLodFileGeneratorTests.ShouldReportMissingProductFields" computerName="HP10864-LT" duration="00:00:00.0003844" startTime="2025-10-07T16:10:21.7773234-04:00" endTime="2025-10-07T16:10:21.7773235-04:00" testType="13cdc9d9-ddb5-4fa4-a97d-d965ccfc6d4b" outcome="Passed" testListId="8c84fa94-04c1-424b-9868-57a2d4851a1d" relativeResultsDirectory="ec42fb6c-1c61-4b86-b445-cc8822e004e2" />
    <UnitTestResult executionId="178b29b2-6d17-4aee-9293-6c22dbf71970" testId="c38470ea-b0ff-6367-f1b4-978310c03bb0" testName="SmokeTests.ShouldPass" computerName="HP10864-LT" duration="00:00:00.0066175" startTime="2025-10-07T16:10:21.7513556-04:00" endTime="2025-10-07T16:10:21.7513556-04:00" testType="13cdc9d9-ddb5-4fa4-a97d-d965ccfc6d4b" outcome="Passed" testListId="8c84fa94-04c1-424b-9868-57a2d4851a1d" relativeResultsDirectory="178b29b2-6d17-4aee-9293-6c22dbf71970" />
    <UnitTestResult executionId="b2440b9b-ae95-4af6-ad3e-ef4ad3dbe8d8" testId="9d1319bb-7c76-b2a7-7a04-8ffc61d37c9a" testName="FtpClientMockTests.UploadFileAsync_ShouldWriteFileToMockDirectory" computerName="HP10864-LT" duration="00:00:00.0186695" startTime="2025-10-07T16:10:28.6026917-04:00" endTime="2025-10-07T16:10:28.6026930-04:00" testType="13cdc9d9-ddb5-4fa4-a97d-d965ccfc6d4b" outcome="Passed" testListId="8c84fa94-04c1-424b-9868-57a2d4851a1d" relativeResultsDirectory="b2440b9b-ae95-4af6-ad3e-ef4ad3dbe8d8" />
    <UnitTestResult executionId="7ee78951-9dfe-4e9b-bc00-debee8f21a24" testId="43e785b0-c94e-bd5d-2f90-cb6a334e7a64" testName="ProductGroupAssignmentTests.ProductGroupAssignment_ShouldThrowIfInvalid" computerName="HP10864-LT" duration="00:00:00.0067202" startTime="2025-10-07T16:10:21.7507745-04:00" endTime="2025-10-07T16:10:21.7507748-04:00" testType="13cdc9d9-ddb5-4fa4-a97d-d965ccfc6d4b" outcome="Passed" testListId="8c84fa94-04c1-424b-9868-57a2d4851a1d" relativeResultsDirectory="7ee78951-9dfe-4e9b-bc00-debee8f21a24" />
    <UnitTestResult executionId="ada03b11-c146-4d9f-a6b0-32568a562b1c" testId="0bdcc666-f6cd-653e-32e2-e0a6e4337076" testName="ProductTests.Product_ShouldAllowNullValues" computerName="HP10864-LT" duration="00:00:00.0068555" startTime="2025-10-07T16:10:21.7513118-04:00" endTime="2025-10-07T16:10:21.7513120-04:00" testType="13cdc9d9-ddb5-4fa4-a97d-d965ccfc6d4b" outcome="Passed" testListId="8c84fa94-04c1-424b-9868-57a2d4851a1d" relativeResultsDirectory="ada03b11-c146-4d9f-a6b0-32568a562b1c" />
    <UnitTestResult executionId="78a87fca-c324-4b24-afae-c9fe73e23c8d" testId="d25f0d51-95ce-b0ca-c566-6464207bc324" testName="ExportServiceTests.RunExport_ShouldLogSuccess_WhenSimulationIsSuccessful" computerName="HP10864-LT" duration="00:00:00.0130495" startTime="2025-10-07T16:10:21.9348757-04:00" endTime="2025-10-07T16:10:21.9348765-04:00" testType="13cdc9d9-ddb5-4fa4-a97d-d965ccfc6d4b" outcome="Passed" testListId="8c84fa94-04c1-424b-9868-57a2d4851a1d" relativeResultsDirectory="78a87fca-c324-4b24-afae-c9fe73e23c8d" />
    <UnitTestResult executionId="0cdd9ce0-be7a-4bae-bda4-53f6c3b5a789" testId="25f6f985-8768-d5f9-6b76-f8ef7955cac2" testName="AdmLodFileWriterTests.WriteExportFile_ShouldThrowIfPathIsInvalid" computerName="HP10864-LT" duration="00:00:00.0054986" startTime="2025-10-07T16:10:21.7766086-04:00" endTime="2025-10-07T16:10:21.7766087-04:00" testType="13cdc9d9-ddb5-4fa4-a97d-d965ccfc6d4b" outcome="Passed" testListId="8c84fa94-04c1-424b-9868-57a2d4851a1d" relativeResultsDirectory="0cdd9ce0-be7a-4bae-bda4-53f6c3b5a789" />
    <UnitTestResult executionId="08a8e4e8-c459-44c5-8adf-9906816cfe59" testId="a8f27671-537b-52b2-c1a8-ee0fc4977097" testName="MockResponseGeneratorTests.ShouldReturnErrorForErrorLines" computerName="HP10864-LT" duration="00:00:00.0068214" startTime="2025-10-07T16:10:21.7514621-04:00" endTime="2025-10-07T16:10:21.7514621-04:00" testType="13cdc9d9-ddb5-4fa4-a97d-d965ccfc6d4b" outcome="Passed" testListId="8c84fa94-04c1-424b-9868-57a2d4851a1d" relativeResultsDirectory="08a8e4e8-c459-44c5-8adf-9906816cfe59" />
    <UnitTestResult executionId="0b41b684-270d-4ff3-bf74-dfbe7f9fe8e9" testId="1f4c58fd-6160-fecb-f1df-f54c45326b97" testName="FtpClientMockTests.Upload_ShouldLogMessage" computerName="HP10864-LT" duration="00:00:00.3328996" startTime="2025-10-07T16:10:22.2900746-04:00" endTime="2025-10-07T16:10:22.2900756-04:00" testType="13cdc9d9-ddb5-4fa4-a97d-d965ccfc6d4b" outcome="Passed" testListId="8c84fa94-04c1-424b-9868-57a2d4851a1d" relativeResultsDirectory="0b41b684-270d-4ff3-bf74-dfbe7f9fe8e9" />
    <UnitTestResult executionId="91c2c0d2-8bae-46a1-9020-a3e381ed1c08" testId="d427418e-ff77-4a8e-dde5-8eed08b5895b" testName="ProgramTest.Main_WithValidArgs_ShouldGenerateExpectedFiles(baseArgs: [&quot;export&quot;, &quot;--success&quot;, &quot;--logfile&quot;])" computerName="HP10864-LT" duration="00:00:00.1397347" startTime="2025-10-07T16:10:22.0239905-04:00" endTime="2025-10-07T16:10:22.0239913-04:00" testType="13cdc9d9-ddb5-4fa4-a97d-d965ccfc6d4b" outcome="Passed" testListId="8c84fa94-04c1-424b-9868-57a2d4851a1d" relativeResultsDirectory="91c2c0d2-8bae-46a1-9020-a3e381ed1c08" />
    <UnitTestResult executionId="fd7e0ef8-4b52-4f5d-9e15-99275f4ebcfe" testId="c5efe745-68d3-a58d-5d8e-70d4babe9d13" testName="JsonGroupRepositoryTests.GetProductGroups_ShouldReturnGroupNames" computerName="HP10864-LT" duration="00:00:00.0071891" startTime="2025-10-07T16:10:21.7816833-04:00" endTime="2025-10-07T16:10:21.7816834-04:00" testType="13cdc9d9-ddb5-4fa4-a97d-d965ccfc6d4b" outcome="Passed" testListId="8c84fa94-04c1-424b-9868-57a2d4851a1d" relativeResultsDirectory="fd7e0ef8-4b52-4f5d-9e15-99275f4ebcfe" />
    <UnitTestResult executionId="40ddf8f5-87cc-4129-9d97-c930983c4040" testId="e17fcd72-90f2-3bd3-f4c2-cf8f82508923" testName="ProductGroupTests.ProductGroup_ShouldStoreName" computerName="HP10864-LT" duration="00:00:00.0067571" startTime="2025-10-07T16:10:21.7448794-04:00" endTime="2025-10-07T16:10:21.7449910-04:00" testType="13cdc9d9-ddb5-4fa4-a97d-d965ccfc6d4b" outcome="Passed" testListId="8c84fa94-04c1-424b-9868-57a2d4851a1d" relativeResultsDirectory="40ddf8f5-87cc-4129-9d97-c930983c4040" />
    <UnitTestResult executionId="1ef8deb1-e4bd-4947-8adf-d65352d42327" testId="9b1a9fc0-9751-1710-ed65-888f7a7925b8" testName="MockResponseGeneratorTests.ShouldReturnSuccessForMergeLines" computerName="HP10864-LT" duration="00:00:00.0002938" startTime="2025-10-07T16:10:21.7762852-04:00" endTime="2025-10-07T16:10:21.7762859-04:00" testType="13cdc9d9-ddb5-4fa4-a97d-d965ccfc6d4b" outcome="Passed" testListId="8c84fa94-04c1-424b-9868-57a2d4851a1d" relativeResultsDirectory="1ef8deb1-e4bd-4947-8adf-d65352d42327" />
    <UnitTestResult executionId="8357368d-48de-4d12-a9da-d2ddb7044cd1" testId="6618aee7-47d4-7edf-2100-f3f46f6942b5" testName="AppSettingsTests.ShouldLoadAppSettingsFromConfiguration" computerName="HP10864-LT" duration="00:00:00.0403896" startTime="2025-10-07T16:10:21.7773908-04:00" endTime="2025-10-07T16:10:21.7773909-04:00" testType="13cdc9d9-ddb5-4fa4-a97d-d965ccfc6d4b" outcome="Passed" testListId="8c84fa94-04c1-424b-9868-57a2d4851a1d" relativeResultsDirectory="8357368d-48de-4d12-a9da-d2ddb7044cd1" />
    <UnitTestResult executionId="990fbd8c-e3bc-4412-9731-7df7a322480f" testId="9c90d8fc-7408-a914-2f53-f59bfe2d6da7" testName="AdmLodFileGeneratorTests.ShouldGenerateValidMergeLines" computerName="HP10864-LT" duration="00:00:00.0386913" startTime="2025-10-07T16:10:21.7772090-04:00" endTime="2025-10-07T16:10:21.7772097-04:00" testType="13cdc9d9-ddb5-4fa4-a97d-d965ccfc6d4b" outcome="Passed" testListId="8c84fa94-04c1-424b-9868-57a2d4851a1d" relativeResultsDirectory="990fbd8c-e3bc-4412-9731-7df7a322480f" />
    <UnitTestResult executionId="b5e18fc1-25b8-48fb-ac71-2663e1f94823" testId="d08793e1-c5b5-985f-2291-994d928fccec" testName="JsonProductRepositoryTests.GetProducts_ShouldReturnParsedProducts" computerName="HP10864-LT" duration="00:00:00.0676572" startTime="2025-10-07T16:10:21.7814837-04:00" endTime="2025-10-07T16:10:21.7814841-04:00" testType="13cdc9d9-ddb5-4fa4-a97d-d965ccfc6d4b" outcome="Passed" testListId="8c84fa94-04c1-424b-9868-57a2d4851a1d" relativeResultsDirectory="b5e18fc1-25b8-48fb-ac71-2663e1f94823" />
    <UnitTestResult executionId="24336fa3-ecd1-4df8-80b0-f45761f22eff" testId="12b48d8b-3651-4157-4bc2-856a35d8eaf3" testName="AdmLodFileWriterTests.WriteExportFile_ShouldCreateFileWithExpectedContent" computerName="HP10864-LT" duration="00:00:00.0164755" startTime="2025-10-07T16:10:21.7514474-04:00" endTime="2025-10-07T16:10:21.7514475-04:00" testType="13cdc9d9-ddb5-4fa4-a97d-d965ccfc6d4b" outcome="Passed" testListId="8c84fa94-04c1-424b-9868-57a2d4851a1d" relativeResultsDirectory="24336fa3-ecd1-4df8-80b0-f45761f22eff" />
    <UnitTestResult executionId="effbf7d4-bf00-4136-9ff8-6dedab616e84" testId="641b9667-d560-329a-3ca8-7299a60e4dcc" testName="LoggerTests.Log_ShouldWriteInfoMessageToFile" computerName="HP10864-LT" duration="00:00:00.3231163" startTime="2025-10-07T16:10:22.3972927-04:00" endTime="2025-10-07T16:10:22.3972937-04:00" testType="13cdc9d9-ddb5-4fa4-a97d-d965ccfc6d4b" outcome="Passed" testListId="8c84fa94-04c1-424b-9868-57a2d4851a1d" relativeResultsDirectory="effbf7d4-bf00-4136-9ff8-6dedab616e84" />
    <UnitTestResult executionId="b95faad1-af70-480d-a3a6-57e3908c5ddc" testId="dde9be2a-4860-0869-463e-e09eaa4750bf" testName="LoggerTests.Log_ShouldNotFailIfLogFileIsNull" computerName="HP10864-LT" duration="00:00:00.0343338" startTime="2025-10-07T16:10:21.7768553-04:00" endTime="2025-10-07T16:10:21.7768555-04:00" testType="13cdc9d9-ddb5-4fa4-a97d-d965ccfc6d4b" outcome="Passed" testListId="8c84fa94-04c1-424b-9868-57a2d4851a1d" relativeResultsDirectory="b95faad1-af70-480d-a3a6-57e3908c5ddc" />
    <UnitTestResult executionId="f3654195-5c7c-4d93-8a7a-bc7d424aebc1" testId="95a872a1-1a02-c0fe-8e60-690b35eebaf9" testName="LoggerTests.Log_ShouldWriteErrorMessageToFile" computerName="HP10864-LT" duration="00:00:00.3362536" startTime="2025-10-07T16:10:22.0737179-04:00" endTime="2025-10-07T16:10:22.0737188-04:00" testType="13cdc9d9-ddb5-4fa4-a97d-d965ccfc6d4b" outcome="Passed" testListId="8c84fa94-04c1-424b-9868-57a2d4851a1d" relativeResultsDirectory="f3654195-5c7c-4d93-8a7a-bc7d424aebc1" />
    <UnitTestResult executionId="bca6f1c6-2016-4948-9575-e3a2ee7ccb35" testId="aefc25c3-2bf6-896d-9c70-63f4847ce2fc" testName="ProgramTest.Main_WithValidArgs_ShouldGenerateExpectedFiles(baseArgs: [&quot;export&quot;, &quot;--error&quot;])" computerName="HP10864-LT" duration="00:00:00.0390121" startTime="2025-10-07T16:10:21.8963429-04:00" endTime="2025-10-07T16:10:21.8963441-04:00" testType="13cdc9d9-ddb5-4fa4-a97d-d965ccfc6d4b" outcome="Failed" testListId="8c84fa94-04c1-424b-9868-57a2d4851a1d" relativeResultsDirectory="bca6f1c6-2016-4948-9575-e3a2ee7ccb35">
      <Output>
        <ErrorInfo>
          <Message>Assert.Contains() Failure: Sub-string not found&#xD;
String:    "Warning: Unrecognized line format -&gt; VERS"···&#xD;
Not found: "Error"</Message>
          <StackTrace>   at ProgramTest.Main_WithValidArgs_ShouldGenerateExpectedFiles(String[] baseArgs) in C:\Users\472709\OneDrive - PILOT TRAVEL CENTERS LLC\AdmLodPrototype\AdmLodPrototype.Tests\ProgramTest.cs:line 76&#xD;
--- End of stack trace from previous location ---</StackTrace>
        </ErrorInfo>
      </Output>
    </UnitTestResult>
    <UnitTestResult executionId="307595b3-ffcc-4aa1-a6ba-5ef538b6aa65" testId="07fee0d7-34e5-2871-d964-db0fe5d25f92" testName="ResponseParserTests.ShouldCountSuccessAndErrorLines" computerName="HP10864-LT" duration="00:00:00.0299045" startTime="2025-10-07T16:10:21.7769769-04:00" endTime="2025-10-07T16:10:21.7769771-04:00" testType="13cdc9d9-ddb5-4fa4-a97d-d965ccfc6d4b" outcome="Passed" testListId="8c84fa94-04c1-424b-9868-57a2d4851a1d" relativeResultsDirectory="307595b3-ffcc-4aa1-a6ba-5ef538b6aa65" />
  </Results>
  <TestDefinitions>
    <UnitTest name="ResponseParserTests.ShouldCountSuccessAndErrorLines" storage="c:\users\472709\onedrive - pilot travel centers llc\admlodprototype\admlodprototype.tests\bin\debug\net8.0\admlodprototype.tests.dll" id="07fee0d7-34e5-2871-d964-db0fe5d25f92">
      <Execution id="307595b3-ffcc-4aa1-a6ba-5ef538b6aa65" />
      <TestMethod codeBase="C:\Users\472709\OneDrive - PILOT TRAVEL CENTERS LLC\AdmLodPrototype\AdmLodPrototype.Tests\bin\Debug\net8.0\AdmLodPrototype.Tests.dll" adapterTypeName="executor://xunit/VsTestRunner2/netcoreapp" className="ResponseParserTests" name="ShouldCountSuccessAndErrorLines" />
    </UnitTest>
    <UnitTest name="AppSettingsTests.ShouldLoadAppSettingsFromConfiguration" storage="c:\users\472709\onedrive - pilot travel centers llc\admlodprototype\admlodprototype.tests\bin\debug\net8.0\admlodprototype.tests.dll" id="6618aee7-47d4-7edf-2100-f3f46f6942b5">
      <Execution id="8357368d-48de-4d12-a9da-d2ddb7044cd1" />
      <TestMethod codeBase="C:\Users\472709\OneDrive - PILOT TRAVEL CENTERS LLC\AdmLodPrototype\AdmLodPrototype.Tests\bin\Debug\net8.0\AdmLodPrototype.Tests.dll" adapterTypeName="executor://xunit/VsTestRunner2/netcoreapp" className="AppSettingsTests" name="ShouldLoadAppSettingsFromConfiguration" />
    </UnitTest>
    <UnitTest name="MockResponseGeneratorTests.ShouldReturnSuccessForMergeLines" storage="c:\users\472709\onedrive - pilot travel centers llc\admlodprototype\admlodprototype.tests\bin\debug\net8.0\admlodprototype.tests.dll" id="9b1a9fc0-9751-1710-ed65-888f7a7925b8">
      <Execution id="1ef8deb1-e4bd-4947-8adf-d65352d42327" />
      <TestMethod codeBase="C:\Users\472709\OneDrive - PILOT TRAVEL CENTERS LLC\AdmLodPrototype\AdmLodPrototype.Tests\bin\Debug\net8.0\AdmLodPrototype.Tests.dll" adapterTypeName="executor://xunit/VsTestRunner2/netcoreapp" className="MockResponseGeneratorTests" name="ShouldReturnSuccessForMergeLines" />
    </UnitTest>
    <UnitTest name="ProgramTest.Main_WithValidArgs_ShouldGenerateExpectedFiles(baseArgs: [&quot;export&quot;, &quot;--error&quot;])" storage="c:\users\472709\onedrive - pilot travel centers llc\admlodprototype\admlodprototype.tests\bin\debug\net8.0\admlodprototype.tests.dll" id="aefc25c3-2bf6-896d-9c70-63f4847ce2fc">
      <Execution id="bca6f1c6-2016-4948-9575-e3a2ee7ccb35" />
      <TestMethod codeBase="C:\Users\472709\OneDrive - PILOT TRAVEL CENTERS LLC\AdmLodPrototype\AdmLodPrototype.Tests\bin\Debug\net8.0\AdmLodPrototype.Tests.dll" adapterTypeName="executor://xunit/VsTestRunner2/netcoreapp" className="ProgramTest" name="Main_WithValidArgs_ShouldGenerateExpectedFiles" />
    </UnitTest>
    <UnitTest name="ProductTests.Product_ShouldAllowNullValues" storage="c:\users\472709\onedrive - pilot travel centers llc\admlodprototype\admlodprototype.tests\bin\debug\net8.0\admlodprototype.tests.dll" id="0bdcc666-f6cd-653e-32e2-e0a6e4337076">
      <Execution id="ada03b11-c146-4d9f-a6b0-32568a562b1c" />
      <TestMethod codeBase="C:\Users\472709\OneDrive - PILOT TRAVEL CENTERS LLC\AdmLodPrototype\AdmLodPrototype.Tests\bin\Debug\net8.0\AdmLodPrototype.Tests.dll" adapterTypeName="executor://xunit/VsTestRunner2/netcoreapp" className="ProductTests" name="Product_ShouldAllowNullValues" />
    </UnitTest>
    <UnitTest name="LoggerTests.Log_ShouldWriteErrorMessageToFile" storage="c:\users\472709\onedrive - pilot travel centers llc\admlodprototype\admlodprototype.tests\bin\debug\net8.0\admlodprototype.tests.dll" id="95a872a1-1a02-c0fe-8e60-690b35eebaf9">
      <Execution id="f3654195-5c7c-4d93-8a7a-bc7d424aebc1" />
      <TestMethod codeBase="C:\Users\472709\OneDrive - PILOT TRAVEL CENTERS LLC\AdmLodPrototype\AdmLodPrototype.Tests\bin\Debug\net8.0\AdmLodPrototype.Tests.dll" adapterTypeName="executor://xunit/VsTestRunner2/netcoreapp" className="LoggerTests" name="Log_ShouldWriteErrorMessageToFile" />
    </UnitTest>
    <UnitTest name="MockResponseGeneratorTests.ShouldReturnErrorForErrorLines" storage="c:\users\472709\onedrive - pilot travel centers llc\admlodprototype\admlodprototype.tests\bin\debug\net8.0\admlodprototype.tests.dll" id="a8f27671-537b-52b2-c1a8-ee0fc4977097">
      <Execution id="08a8e4e8-c459-44c5-8adf-9906816cfe59" />
      <TestMethod codeBase="C:\Users\472709\OneDrive - PILOT TRAVEL CENTERS LLC\AdmLodPrototype\AdmLodPrototype.Tests\bin\Debug\net8.0\AdmLodPrototype.Tests.dll" adapterTypeName="executor://xunit/VsTestRunner2/netcoreapp" className="MockResponseGeneratorTests" name="ShouldReturnErrorForErrorLines" />
    </UnitTest>
    <UnitTest name="FtpClientMockTests.UploadFileAsync_ShouldWriteFileToMockDirectory" storage="c:\users\472709\onedrive - pilot travel centers llc\admlodprototype\admlodprototype.tests\bin\debug\net8.0\admlodprototype.tests.dll" id="9d1319bb-7c76-b2a7-7a04-8ffc61d37c9a">
      <Execution id="b2440b9b-ae95-4af6-ad3e-ef4ad3dbe8d8" />
      <TestMethod codeBase="C:\Users\472709\OneDrive - PILOT TRAVEL CENTERS LLC\AdmLodPrototype\AdmLodPrototype.Tests\bin\Debug\net8.0\AdmLodPrototype.Tests.dll" adapterTypeName="executor://xunit/VsTestRunner2/netcoreapp" className="FtpClientMockTests" name="UploadFileAsync_ShouldWriteFileToMockDirectory" />
    </UnitTest>
    <UnitTest name="JsonGroupRepositoryTests.GetProductGroupAssignments_ShouldReturnAssignments" storage="c:\users\472709\onedrive - pilot travel centers llc\admlodprototype\admlodprototype.tests\bin\debug\net8.0\admlodprototype.tests.dll" id="c10c8df3-56e6-79e0-8448-1188e776ba58">
      <Execution id="2412d419-b02a-4224-b139-a4d286c1d156" />
      <TestMethod codeBase="C:\Users\472709\OneDrive - PILOT TRAVEL CENTERS LLC\AdmLodPrototype\AdmLodPrototype.Tests\bin\Debug\net8.0\AdmLodPrototype.Tests.dll" adapterTypeName="executor://xunit/VsTestRunner2/netcoreapp" className="JsonGroupRepositoryTests" name="GetProductGroupAssignments_ShouldReturnAssignments" />
    </UnitTest>
    <UnitTest name="ProgramTest.Main_WithValidArgs_ShouldGenerateExpectedFiles(baseArgs: [&quot;export&quot;, &quot;--success&quot;])" storage="c:\users\472709\onedrive - pilot travel centers llc\admlodprototype\admlodprototype.tests\bin\debug\net8.0\admlodprototype.tests.dll" id="017552a4-1174-2cc8-24ab-00a2491983b5">
      <Execution id="f438b059-d818-4951-97ac-74e06e64e36b" />
      <TestMethod codeBase="C:\Users\472709\OneDrive - PILOT TRAVEL CENTERS LLC\AdmLodPrototype\AdmLodPrototype.Tests\bin\Debug\net8.0\AdmLodPrototype.Tests.dll" adapterTypeName="executor://xunit/VsTestRunner2/netcoreapp" className="ProgramTest" name="Main_WithValidArgs_ShouldGenerateExpectedFiles" />
    </UnitTest>
    <UnitTest name="AdmLodFileWriterTests.WriteExportFile_ShouldThrowIfPathIsInvalid" storage="c:\users\472709\onedrive - pilot travel centers llc\admlodprototype\admlodprototype.tests\bin\debug\net8.0\admlodprototype.tests.dll" id="25f6f985-8768-d5f9-6b76-f8ef7955cac2">
      <Execution id="0cdd9ce0-be7a-4bae-bda4-53f6c3b5a789" />
      <TestMethod codeBase="C:\Users\472709\OneDrive - PILOT TRAVEL CENTERS LLC\AdmLodPrototype\AdmLodPrototype.Tests\bin\Debug\net8.0\AdmLodPrototype.Tests.dll" adapterTypeName="executor://xunit/VsTestRunner2/netcoreapp" className="AdmLodFileWriterTests" name="WriteExportFile_ShouldThrowIfPathIsInvalid" />
    </UnitTest>
    <UnitTest name="ProductGroupAssignmentTests.ProductGroupAssignment_ShouldThrowIfInvalid" storage="c:\users\472709\onedrive - pilot travel centers llc\admlodprototype\admlodprototype.tests\bin\debug\net8.0\admlodprototype.tests.dll" id="43e785b0-c94e-bd5d-2f90-cb6a334e7a64">
      <Execution id="7ee78951-9dfe-4e9b-bc00-debee8f21a24" />
      <TestMethod codeBase="C:\Users\472709\OneDrive - PILOT TRAVEL CENTERS LLC\AdmLodPrototype\AdmLodPrototype.Tests\bin\Debug\net8.0\AdmLodPrototype.Tests.dll" adapterTypeName="executor://xunit/VsTestRunner2/netcoreapp" className="ProductGroupAssignmentTests" name="ProductGroupAssignment_ShouldThrowIfInvalid" />
    </UnitTest>
    <UnitTest name="ProductTests.Product_ShouldStorePropertiesCorrectly" storage="c:\users\472709\onedrive - pilot travel centers llc\admlodprototype\admlodprototype.tests\bin\debug\net8.0\admlodprototype.tests.dll" id="685b6528-4258-be1b-e11f-899d4eef4a15">
      <Execution id="d98fbb05-9173-4ad6-bfe1-f0d90635f19e" />
      <TestMethod codeBase="C:\Users\472709\OneDrive - PILOT TRAVEL CENTERS LLC\AdmLodPrototype\AdmLodPrototype.Tests\bin\Debug\net8.0\AdmLodPrototype.Tests.dll" adapterTypeName="executor://xunit/VsTestRunner2/netcoreapp" className="ProductTests" name="Product_ShouldStorePropertiesCorrectly" />
    </UnitTest>
    <UnitTest name="AdmLodFileWriterTests.WriteExportFile_ShouldCreateFileWithExpectedContent" storage="c:\users\472709\onedrive - pilot travel centers llc\admlodprototype\admlodprototype.tests\bin\debug\net8.0\admlodprototype.tests.dll" id="12b48d8b-3651-4157-4bc2-856a35d8eaf3">
      <Execution id="24336fa3-ecd1-4df8-80b0-f45761f22eff" />
      <TestMethod codeBase="C:\Users\472709\OneDrive - PILOT TRAVEL CENTERS LLC\AdmLodPrototype\AdmLodPrototype.Tests\bin\Debug\net8.0\AdmLodPrototype.Tests.dll" adapterTypeName="executor://xunit/VsTestRunner2/netcoreapp" className="AdmLodFileWriterTests" name="WriteExportFile_ShouldCreateFileWithExpectedContent" />
    </UnitTest>
    <UnitTest name="ProductGroupTests.ProductGroup_ShouldThrowIfNameIsEmpty" storage="c:\users\472709\onedrive - pilot travel centers llc\admlodprototype\admlodprototype.tests\bin\debug\net8.0\admlodprototype.tests.dll" id="e1029a2f-dd08-6044-08b6-6b884db1b807">
      <Execution id="d4365bc2-5c3c-474f-8a26-e42d8ba69e3f" />
      <TestMethod codeBase="C:\Users\472709\OneDrive - PILOT TRAVEL CENTERS LLC\AdmLodPrototype\AdmLodPrototype.Tests\bin\Debug\net8.0\AdmLodPrototype.Tests.dll" adapterTypeName="executor://xunit/VsTestRunner2/netcoreapp" className="ProductGroupTests" name="ProductGroup_ShouldThrowIfNameIsEmpty" />
    </UnitTest>
    <UnitTest name="LoggerTests.Log_ShouldNotFailIfLogFileIsNull" storage="c:\users\472709\onedrive - pilot travel centers llc\admlodprototype\admlodprototype.tests\bin\debug\net8.0\admlodprototype.tests.dll" id="dde9be2a-4860-0869-463e-e09eaa4750bf">
      <Execution id="b95faad1-af70-480d-a3a6-57e3908c5ddc" />
      <TestMethod codeBase="C:\Users\472709\OneDrive - PILOT TRAVEL CENTERS LLC\AdmLodPrototype\AdmLodPrototype.Tests\bin\Debug\net8.0\AdmLodPrototype.Tests.dll" adapterTypeName="executor://xunit/VsTestRunner2/netcoreapp" className="LoggerTests" name="Log_ShouldNotFailIfLogFileIsNull" />
    </UnitTest>
    <UnitTest name="ProgramTest.Main_WithValidArgs_ShouldGenerateExpectedFiles(baseArgs: [&quot;export&quot;, &quot;--success&quot;, &quot;--logfile&quot;])" storage="c:\users\472709\onedrive - pilot travel centers llc\admlodprototype\admlodprototype.tests\bin\debug\net8.0\admlodprototype.tests.dll" id="d427418e-ff77-4a8e-dde5-8eed08b5895b">
      <Execution id="91c2c0d2-8bae-46a1-9020-a3e381ed1c08" />
      <TestMethod codeBase="C:\Users\472709\OneDrive - PILOT TRAVEL CENTERS LLC\AdmLodPrototype\AdmLodPrototype.Tests\bin\Debug\net8.0\AdmLodPrototype.Tests.dll" adapterTypeName="executor://xunit/VsTestRunner2/netcoreapp" className="ProgramTest" name="Main_WithValidArgs_ShouldGenerateExpectedFiles" />
    </UnitTest>
    <UnitTest name="ExportServiceTests.RunExport_ShouldLogSuccess_WhenSimulationIsSuccessful" storage="c:\users\472709\onedrive - pilot travel centers llc\admlodprototype\admlodprototype.tests\bin\debug\net8.0\admlodprototype.tests.dll" id="d25f0d51-95ce-b0ca-c566-6464207bc324">
      <Execution id="78a87fca-c324-4b24-afae-c9fe73e23c8d" />
      <TestMethod codeBase="C:\Users\472709\OneDrive - PILOT TRAVEL CENTERS LLC\AdmLodPrototype\AdmLodPrototype.Tests\bin\Debug\net8.0\AdmLodPrototype.Tests.dll" adapterTypeName="executor://xunit/VsTestRunner2/netcoreapp" className="ExportServiceTests" name="RunExport_ShouldLogSuccess_WhenSimulationIsSuccessful" />
    </UnitTest>
    <UnitTest name="SmokeTests.ShouldPass" storage="c:\users\472709\onedrive - pilot travel centers llc\admlodprototype\admlodprototype.tests\bin\debug\net8.0\admlodprototype.tests.dll" id="c38470ea-b0ff-6367-f1b4-978310c03bb0">
      <Execution id="178b29b2-6d17-4aee-9293-6c22dbf71970" />
      <TestMethod codeBase="C:\Users\472709\OneDrive - PILOT TRAVEL CENTERS LLC\AdmLodPrototype\AdmLodPrototype.Tests\bin\Debug\net8.0\AdmLodPrototype.Tests.dll" adapterTypeName="executor://xunit/VsTestRunner2/netcoreapp" className="SmokeTests" name="ShouldPass" />
    </UnitTest>
    <UnitTest name="FtpClientMockTests.Upload_ShouldCopyFileToMockDirectory" storage="c:\users\472709\onedrive - pilot travel centers llc\admlodprototype\admlodprototype.tests\bin\debug\net8.0\admlodprototype.tests.dll" id="721cb35b-9369-929c-c3ce-12f36fdaeb7b">
      <Execution id="144d0e2c-c69b-4104-822a-6345953a0275" />
      <TestMethod codeBase="C:\Users\472709\OneDrive - PILOT TRAVEL CENTERS LLC\AdmLodPrototype\AdmLodPrototype.Tests\bin\Debug\net8.0\AdmLodPrototype.Tests.dll" adapterTypeName="executor://xunit/VsTestRunner2/netcoreapp" className="FtpClientMockTests" name="Upload_ShouldCopyFileToMockDirectory" />
    </UnitTest>
    <UnitTest name="JsonGroupRepositoryTests.GetProductGroups_ShouldReturnGroupNames" storage="c:\users\472709\onedrive - pilot travel centers llc\admlodprototype\admlodprototype.tests\bin\debug\net8.0\admlodprototype.tests.dll" id="c5efe745-68d3-a58d-5d8e-70d4babe9d13">
      <Execution id="fd7e0ef8-4b52-4f5d-9e15-99275f4ebcfe" />
      <TestMethod codeBase="C:\Users\472709\OneDrive - PILOT TRAVEL CENTERS LLC\AdmLodPrototype\AdmLodPrototype.Tests\bin\Debug\net8.0\AdmLodPrototype.Tests.dll" adapterTypeName="executor://xunit/VsTestRunner2/netcoreapp" className="JsonGroupRepositoryTests" name="GetProductGroups_ShouldReturnGroupNames" />
    </UnitTest>
    <UnitTest name="ExportServiceTests.RunExport_ShouldLogError_WhenSimulationFails" storage="c:\users\472709\onedrive - pilot travel centers llc\admlodprototype\admlodprototype.tests\bin\debug\net8.0\admlodprototype.tests.dll" id="c77228e2-e714-f75f-b885-6132e3942cab">
      <Execution id="808749a2-7490-467a-b2f8-f25f30138c4a" />
      <TestMethod codeBase="C:\Users\472709\OneDrive - PILOT TRAVEL CENTERS LLC\AdmLodPrototype\AdmLodPrototype.Tests\bin\Debug\net8.0\AdmLodPrototype.Tests.dll" adapterTypeName="executor://xunit/VsTestRunner2/netcoreapp" className="ExportServiceTests" name="RunExport_ShouldLogError_WhenSimulationFails" />
    </UnitTest>
    <UnitTest name="ProductGroupTests.ProductGroup_ShouldStoreName" storage="c:\users\472709\onedrive - pilot travel centers llc\admlodprototype\admlodprototype.tests\bin\debug\net8.0\admlodprototype.tests.dll" id="e17fcd72-90f2-3bd3-f4c2-cf8f82508923">
      <Execution id="40ddf8f5-87cc-4129-9d97-c930983c4040" />
      <TestMethod codeBase="C:\Users\472709\OneDrive - PILOT TRAVEL CENTERS LLC\AdmLodPrototype\AdmLodPrototype.Tests\bin\Debug\net8.0\AdmLodPrototype.Tests.dll" adapterTypeName="executor://xunit/VsTestRunner2/netcoreapp" className="ProductGroupTests" name="ProductGroup_ShouldStoreName" />
    </UnitTest>
    <UnitTest name="FtpClientMockTests.Upload_ShouldLogMessageAsync" storage="c:\users\472709\onedrive - pilot travel centers llc\admlodprototype\admlodprototype.tests\bin\debug\net8.0\admlodprototype.tests.dll" id="c15ee511-f676-b786-d052-eb0b2e15d6f8">
      <Execution id="f489837a-6a9a-4cb4-b33a-c7032ec7c6df" />
      <TestMethod codeBase="C:\Users\472709\OneDrive - PILOT TRAVEL CENTERS LLC\AdmLodPrototype\AdmLodPrototype.Tests\bin\Debug\net8.0\AdmLodPrototype.Tests.dll" adapterTypeName="executor://xunit/VsTestRunner2/netcoreapp" className="FtpClientMockTests" name="Upload_ShouldLogMessageAsync" />
    </UnitTest>
    <UnitTest name="AdmLodFileGeneratorTests.ShouldReportMissingProductFields" storage="c:\users\472709\onedrive - pilot travel centers llc\admlodprototype\admlodprototype.tests\bin\debug\net8.0\admlodprototype.tests.dll" id="45396e7d-c1c2-fffc-955a-7eed6f226218">
      <Execution id="ec42fb6c-1c61-4b86-b445-cc8822e004e2" />
      <TestMethod codeBase="C:\Users\472709\OneDrive - PILOT TRAVEL CENTERS LLC\AdmLodPrototype\AdmLodPrototype.Tests\bin\Debug\net8.0\AdmLodPrototype.Tests.dll" adapterTypeName="executor://xunit/VsTestRunner2/netcoreapp" className="AdmLodFileGeneratorTests" name="ShouldReportMissingProductFields" />
    </UnitTest>
    <UnitTest name="JsonProductRepositoryTests.GetProducts_ShouldReturnParsedProducts" storage="c:\users\472709\onedrive - pilot travel centers llc\admlodprototype\admlodprototype.tests\bin\debug\net8.0\admlodprototype.tests.dll" id="d08793e1-c5b5-985f-2291-994d928fccec">
      <Execution id="b5e18fc1-25b8-48fb-ac71-2663e1f94823" />
      <TestMethod codeBase="C:\Users\472709\OneDrive - PILOT TRAVEL CENTERS LLC\AdmLodPrototype\AdmLodPrototype.Tests\bin\Debug\net8.0\AdmLodPrototype.Tests.dll" adapterTypeName="executor://xunit/VsTestRunner2/netcoreapp" className="JsonProductRepositoryTests" name="GetProducts_ShouldReturnParsedProducts" />
    </UnitTest>
    <UnitTest name="FtpClientMockTests.Upload_ShouldLogMessage" storage="c:\users\472709\onedrive - pilot travel centers llc\admlodprototype\admlodprototype.tests\bin\debug\net8.0\admlodprototype.tests.dll" id="1f4c58fd-6160-fecb-f1df-f54c45326b97">
      <Execution id="0b41b684-270d-4ff3-bf74-dfbe7f9fe8e9" />
      <TestMethod codeBase="C:\Users\472709\OneDrive - PILOT TRAVEL CENTERS LLC\AdmLodPrototype\AdmLodPrototype.Tests\bin\Debug\net8.0\AdmLodPrototype.Tests.dll" adapterTypeName="executor://xunit/VsTestRunner2/netcoreapp" className="FtpClientMockTests" name="Upload_ShouldLogMessage" />
    </UnitTest>
    <UnitTest name="LoggerTests.Log_ShouldWriteInfoMessageToFile" storage="c:\users\472709\onedrive - pilot travel centers llc\admlodprototype\admlodprototype.tests\bin\debug\net8.0\admlodprototype.tests.dll" id="641b9667-d560-329a-3ca8-7299a60e4dcc">
      <Execution id="effbf7d4-bf00-4136-9ff8-6dedab616e84" />
      <TestMethod codeBase="C:\Users\472709\OneDrive - PILOT TRAVEL CENTERS LLC\AdmLodPrototype\AdmLodPrototype.Tests\bin\Debug\net8.0\AdmLodPrototype.Tests.dll" adapterTypeName="executor://xunit/VsTestRunner2/netcoreapp" className="LoggerTests" name="Log_ShouldWriteInfoMessageToFile" />
    </UnitTest>
    <UnitTest name="AdmLodFileGeneratorTests.ShouldGenerateValidMergeLines" storage="c:\users\472709\onedrive - pilot travel centers llc\admlodprototype\admlodprototype.tests\bin\debug\net8.0\admlodprototype.tests.dll" id="9c90d8fc-7408-a914-2f53-f59bfe2d6da7">
      <Execution id="990fbd8c-e3bc-4412-9731-7df7a322480f" />
      <TestMethod codeBase="C:\Users\472709\OneDrive - PILOT TRAVEL CENTERS LLC\AdmLodPrototype\AdmLodPrototype.Tests\bin\Debug\net8.0\AdmLodPrototype.Tests.dll" adapterTypeName="executor://xunit/VsTestRunner2/netcoreapp" className="AdmLodFileGeneratorTests" name="ShouldGenerateValidMergeLines" />
    </UnitTest>
  </TestDefinitions>
  <TestEntries>
    <TestEntry testId="c15ee511-f676-b786-d052-eb0b2e15d6f8" executionId="f489837a-6a9a-4cb4-b33a-c7032ec7c6df" testListId="8c84fa94-04c1-424b-9868-57a2d4851a1d" />
    <TestEntry testId="c10c8df3-56e6-79e0-8448-1188e776ba58" executionId="2412d419-b02a-4224-b139-a4d286c1d156" testListId="8c84fa94-04c1-424b-9868-57a2d4851a1d" />
    <TestEntry testId="721cb35b-9369-929c-c3ce-12f36fdaeb7b" executionId="144d0e2c-c69b-4104-822a-6345953a0275" testListId="8c84fa94-04c1-424b-9868-57a2d4851a1d" />
    <TestEntry testId="017552a4-1174-2cc8-24ab-00a2491983b5" executionId="f438b059-d818-4951-97ac-74e06e64e36b" testListId="8c84fa94-04c1-424b-9868-57a2d4851a1d" />
    <TestEntry testId="e1029a2f-dd08-6044-08b6-6b884db1b807" executionId="d4365bc2-5c3c-474f-8a26-e42d8ba69e3f" testListId="8c84fa94-04c1-424b-9868-57a2d4851a1d" />
    <TestEntry testId="685b6528-4258-be1b-e11f-899d4eef4a15" executionId="d98fbb05-9173-4ad6-bfe1-f0d90635f19e" testListId="8c84fa94-04c1-424b-9868-57a2d4851a1d" />
    <TestEntry testId="c77228e2-e714-f75f-b885-6132e3942cab" executionId="808749a2-7490-467a-b2f8-f25f30138c4a" testListId="8c84fa94-04c1-424b-9868-57a2d4851a1d" />
    <TestEntry testId="45396e7d-c1c2-fffc-955a-7eed6f226218" executionId="ec42fb6c-1c61-4b86-b445-cc8822e004e2" testListId="8c84fa94-04c1-424b-9868-57a2d4851a1d" />
    <TestEntry testId="c38470ea-b0ff-6367-f1b4-978310c03bb0" executionId="178b29b2-6d17-4aee-9293-6c22dbf71970" testListId="8c84fa94-04c1-424b-9868-57a2d4851a1d" />
    <TestEntry testId="9d1319bb-7c76-b2a7-7a04-8ffc61d37c9a" executionId="b2440b9b-ae95-4af6-ad3e-ef4ad3dbe8d8" testListId="8c84fa94-04c1-424b-9868-57a2d4851a1d" />
    <TestEntry testId="43e785b0-c94e-bd5d-2f90-cb6a334e7a64" executionId="7ee78951-9dfe-4e9b-bc00-debee8f21a24" testListId="8c84fa94-04c1-424b-9868-57a2d4851a1d" />
    <TestEntry testId="0bdcc666-f6cd-653e-32e2-e0a6e4337076" executionId="ada03b11-c146-4d9f-a6b0-32568a562b1c" testListId="8c84fa94-04c1-424b-9868-57a2d4851a1d" />
    <TestEntry testId="d25f0d51-95ce-b0ca-c566-6464207bc324" executionId="78a87fca-c324-4b24-afae-c9fe73e23c8d" testListId="8c84fa94-04c1-424b-9868-57a2d4851a1d" />
    <TestEntry testId="25f6f985-8768-d5f9-6b76-f8ef7955cac2" executionId="0cdd9ce0-be7a-4bae-bda4-53f6c3b5a789" testListId="8c84fa94-04c1-424b-9868-57a2d4851a1d" />
    <TestEntry testId="a8f27671-537b-52b2-c1a8-ee0fc4977097" executionId="08a8e4e8-c459-44c5-8adf-9906816cfe59" testListId="8c84fa94-04c1-424b-9868-57a2d4851a1d" />
    <TestEntry testId="1f4c58fd-6160-fecb-f1df-f54c45326b97" executionId="0b41b684-270d-4ff3-bf74-dfbe7f9fe8e9" testListId="8c84fa94-04c1-424b-9868-57a2d4851a1d" />
    <TestEntry testId="d427418e-ff77-4a8e-dde5-8eed08b5895b" executionId="91c2c0d2-8bae-46a1-9020-a3e381ed1c08" testListId="8c84fa94-04c1-424b-9868-57a2d4851a1d" />
    <TestEntry testId="c5efe745-68d3-a58d-5d8e-70d4babe9d13" executionId="fd7e0ef8-4b52-4f5d-9e15-99275f4ebcfe" testListId="8c84fa94-04c1-424b-9868-57a2d4851a1d" />
    <TestEntry testId="e17fcd72-90f2-3bd3-f4c2-cf8f82508923" executionId="40ddf8f5-87cc-4129-9d97-c930983c4040" testListId="8c84fa94-04c1-424b-9868-57a2d4851a1d" />
    <TestEntry testId="9b1a9fc0-9751-1710-ed65-888f7a7925b8" executionId="1ef8deb1-e4bd-4947-8adf-d65352d42327" testListId="8c84fa94-04c1-424b-9868-57a2d4851a1d" />
    <TestEntry testId="6618aee7-47d4-7edf-2100-f3f46f6942b5" executionId="8357368d-48de-4d12-a9da-d2ddb7044cd1" testListId="8c84fa94-04c1-424b-9868-57a2d4851a1d" />
    <TestEntry testId="9c90d8fc-7408-a914-2f53-f59bfe2d6da7" executionId="990fbd8c-e3bc-4412-9731-7df7a322480f" testListId="8c84fa94-04c1-424b-9868-57a2d4851a1d" />
    <TestEntry testId="d08793e1-c5b5-985f-2291-994d928fccec" executionId="b5e18fc1-25b8-48fb-ac71-2663e1f94823" testListId="8c84fa94-04c1-424b-9868-57a2d4851a1d" />
    <TestEntry testId="12b48d8b-3651-4157-4bc2-856a35d8eaf3" executionId="24336fa3-ecd1-4df8-80b0-f45761f22eff" testListId="8c84fa94-04c1-424b-9868-57a2d4851a1d" />
    <TestEntry testId="641b9667-d560-329a-3ca8-7299a60e4dcc" executionId="effbf7d4-bf00-4136-9ff8-6dedab616e84" testListId="8c84fa94-04c1-424b-9868-57a2d4851a1d" />
    <TestEntry testId="dde9be2a-4860-0869-463e-e09eaa4750bf" executionId="b95faad1-af70-480d-a3a6-57e3908c5ddc" testListId="8c84fa94-04c1-424b-9868-57a2d4851a1d" />
    <TestEntry testId="95a872a1-1a02-c0fe-8e60-690b35eebaf9" executionId="f3654195-5c7c-4d93-8a7a-bc7d424aebc1" testListId="8c84fa94-04c1-424b-9868-57a2d4851a1d" />
    <TestEntry testId="aefc25c3-2bf6-896d-9c70-63f4847ce2fc" executionId="bca6f1c6-2016-4948-9575-e3a2ee7ccb35" testListId="8c84fa94-04c1-424b-9868-57a2d4851a1d" />
    <TestEntry testId="07fee0d7-34e5-2871-d964-db0fe5d25f92" executionId="307595b3-ffcc-4aa1-a6ba-5ef538b6aa65" testListId="8c84fa94-04c1-424b-9868-57a2d4851a1d" />
  </TestEntries>
  <TestLists>
    <TestList name="Results Not in a List" id="8c84fa94-04c1-424b-9868-57a2d4851a1d" />
    <TestList name="All Loaded Results" id="19431567-8539-422a-85d7-44ee4e166bda" />
  </TestLists>
  <ResultSummary outcome="Failed">
    <Counters total="29" executed="29" passed="27" failed="2" error="0" timeout="0" aborted="0" inconclusive="0" passedButRunAborted="0" notRunnable="0" notExecuted="0" disconnected="0" warning="0" completed="0" inProgress="0" pending="0" />
    <Output>
      <StdOut>[xUnit.net 00:00:00.00] xUnit.net VSTest Adapter v2.4.5+1caef2f33e (64-bit .NET 8.0.20)&#xD;
[xUnit.net 00:00:01.29]   Discovering: AdmLodPrototype.Tests&#xD;
[xUnit.net 00:00:01.39]   Discovered:  AdmLodPrototype.Tests&#xD;
[xUnit.net 00:00:01.39]   Starting:    AdmLodPrototype.Tests&#xD;
2025-10-07 16:10:21 [INFO] Starting ADMLOD Export Prototype&#xD;
2025-10-07 16:10:21 [ERROR] This is an error message&#xD;
2025-10-07 16:10:21 [INFO] Starting ADMLOD Export Prototype&#xD;
2025-10-07 16:10:21 [INFO] Generating ADMLOD export file...&#xD;
2025-10-07 16:10:21 [INFO] [FTP] Uploaded MockFiles/adm_export_c4ca168a-d504-4849-90d9-cf2498e2593f.txt to adm_export.txt&#xD;
2025-10-07 16:10:21 [ERROR] Simulated FTP upload failed.&#xD;
Logger initialized with: C:\Users\472709\AppData\Local\Temp\test_log_9d2aef5f-033c-4150-bca9-979f6e00bb95.txt&#xD;
2025-10-07 16:10:21 [INFO] [FTP] Uploaded C:\Users\472709\AppData\Local\Temp\MockFiles_41f3f759-a8bf-408e-9ee9-4acb7946333e\testfile.txt to remote_testfile.txt&#xD;
2025-10-07 16:10:21 [INFO] Starting ADMLOD Export Prototype&#xD;
2025-10-07 16:10:21 [INFO] Generating ADMLOD export file...&#xD;
2025-10-07 16:10:21 [INFO] Generating ADMLOD export file...&#xD;
[xUnit.net 00:00:01.68]       Assert.Contains() Failure: Sub-string not found&#xD;
[xUnit.net 00:00:01.68]       String:    "Warning: Unrecognized line format -&gt; VERS"···&#xD;
[xUnit.net 00:00:01.68]       Not found: "Error"&#xD;
[xUnit.net 00:00:01.68]       Stack Trace:&#xD;
[xUnit.net 00:00:01.68]         C:\Users\472709\OneDrive - PILOT TRAVEL CENTERS LLC\AdmLodPrototype\AdmLodPrototype.Tests\ProgramTest.cs(76,0): at ProgramTest.Main_WithValidArgs_ShouldGenerateExpectedFiles(String[] baseArgs)&#xD;
[xUnit.net 00:00:01.68]         --- End of stack trace from previous location ---&#xD;
2025-10-07 16:10:21 [INFO] [FTP] Uploaded MockFiles/adm_export_72be49dd-5eab-448d-84ec-1a0b82770cf4.txt to adm_export.txt&#xD;
2025-10-07 16:10:21 [SUCCESS] Simulated FTP upload completed.&#xD;
2025-10-07 16:10:21 [INFO] Total Successes: 20&#xD;
2025-10-07 16:10:21 [WARN] Total Errors: 0&#xD;
2025-10-07 16:10:21 [ERROR] Simulated FTP upload failed.&#xD;
2025-10-07 16:10:22 [INFO] This is an info message&#xD;
[xUnit.net 00:00:08.25]       Log message not found within timeout.&#xD;
[xUnit.net 00:00:08.25]       Stack Trace:&#xD;
[xUnit.net 00:00:08.25]         C:\Users\472709\OneDrive - PILOT TRAVEL CENTERS LLC\AdmLodPrototype\AdmLodPrototype.Tests\Services\FtpClientMockTests.cs(91,0): at FtpClientMockTests.Upload_ShouldLogMessageAsync()&#xD;
[xUnit.net 00:00:08.25]         --- End of stack trace from previous location ---&#xD;
[xUnit.net 00:00:08.40]   Finished:    AdmLodPrototype.Tests&#xD;
</StdOut>
    </Output>
    <RunInfos>
      <RunInfo computerName="HP10864-LT" outcome="Error" timestamp="2025-10-07T16:10:21.8912877-04:00">
        <Text>[xUnit.net 00:00:01.68]     ProgramTest.Main_WithValidArgs_ShouldGenerateExpectedFiles(baseArgs: ["export", "--error"]) [FAIL]</Text>
      </RunInfo>
      <RunInfo computerName="HP10864-LT" outcome="Error" timestamp="2025-10-07T16:10:28.4639814-04:00">
        <Text>[xUnit.net 00:00:08.25]     FtpClientMockTests.Upload_ShouldLogMessageAsync [FAIL]</Text>
      </RunInfo>
    </RunInfos>
  </ResultSummary>
</TestRun>