<?xml version="1.0" encoding="utf-8"?>
<TestRun id="2fc1058c-bd3e-45a4-8206-fa494b2db515" name="472709@HP10864-LT 2025-10-07 14:33:43" runUser="PILOTCORP\472709" xmlns="http://microsoft.com/schemas/VisualStudio/TeamTest/2010">
  <Times creation="2025-10-07T14:33:43.5137443-04:00" queuing="2025-10-07T14:33:43.5137451-04:00" start="2025-10-07T14:33:41.2840990-04:00" finish="2025-10-07T14:33:44.6157573-04:00" />
  <TestSettings name="default" id="75f321e2-2bf5-46f0-beed-14bd47ae1921">
    <Deployment runDeploymentRoot="472709_HP10864-LT_2025-10-07_14_33_43" />
  </TestSettings>
  <Results>
    <UnitTestResult executionId="c9167d6f-7feb-48f1-94de-69863c776b32" testId="641b9667-d560-329a-3ca8-7299a60e4dcc" testName="LoggerTests.Log_ShouldWriteInfoMessageToFile" computerName="HP10864-LT" duration="00:00:00.1171980" startTime="2025-10-07T14:33:43.5861476-04:00" endTime="2025-10-07T14:33:43.5861481-04:00" testType="13cdc9d9-ddb5-4fa4-a97d-d965ccfc6d4b" outcome="Passed" testListId="8c84fa94-04c1-424b-9868-57a2d4851a1d" relativeResultsDirectory="c9167d6f-7feb-48f1-94de-69863c776b32" />
    <UnitTestResult executionId="de084bf3-95c1-481c-98c8-23fa4c1a5aed" testId="d08793e1-c5b5-985f-2291-994d928fccec" testName="JsonProductRepositoryTests.GetProducts_ShouldReturnParsedProducts" computerName="HP10864-LT" duration="00:00:00.0399427" startTime="2025-10-07T14:33:43.4720490-04:00" endTime="2025-10-07T14:33:43.4720492-04:00" testType="13cdc9d9-ddb5-4fa4-a97d-d965ccfc6d4b" outcome="Passed" testListId="8c84fa94-04c1-424b-9868-57a2d4851a1d" relativeResultsDirectory="de084bf3-95c1-481c-98c8-23fa4c1a5aed" />
    <UnitTestResult executionId="5e4ec40e-228a-4210-961a-387c2fdaa7b8" testId="9b1a9fc0-9751-1710-ed65-888f7a7925b8" testName="MockResponseGeneratorTests.ShouldReturnSuccessForMergeLines" computerName="HP10864-LT" duration="00:00:00.0001756" startTime="2025-10-07T14:33:43.4713788-04:00" endTime="2025-10-07T14:33:43.4713789-04:00" testType="13cdc9d9-ddb5-4fa4-a97d-d965ccfc6d4b" outcome="Passed" testListId="8c84fa94-04c1-424b-9868-57a2d4851a1d" relativeResultsDirectory="5e4ec40e-228a-4210-961a-387c2fdaa7b8" />
    <UnitTestResult executionId="56bec154-91e7-4d67-8740-fd4dce1eeb30" testId="07fee0d7-34e5-2871-d964-db0fe5d25f92" testName="ResponseParserTests.ShouldCountSuccessAndErrorLines" computerName="HP10864-LT" duration="00:00:00.0084492" startTime="2025-10-07T14:33:43.4565847-04:00" endTime="2025-10-07T14:33:43.4565848-04:00" testType="13cdc9d9-ddb5-4fa4-a97d-d965ccfc6d4b" outcome="Passed" testListId="8c84fa94-04c1-424b-9868-57a2d4851a1d" relativeResultsDirectory="56bec154-91e7-4d67-8740-fd4dce1eeb30" />
    <UnitTestResult executionId="85864054-61c9-411d-b4ed-a327e38aa432" testId="12b48d8b-3651-4157-4bc2-856a35d8eaf3" testName="AdmLodFileWriterTests.WriteExportFile_ShouldCreateFileWithExpectedContent" computerName="HP10864-LT" duration="00:00:00.0108425" startTime="2025-10-07T14:33:43.4495972-04:00" endTime="2025-10-07T14:33:43.4496368-04:00" testType="13cdc9d9-ddb5-4fa4-a97d-d965ccfc6d4b" outcome="Passed" testListId="8c84fa94-04c1-424b-9868-57a2d4851a1d" relativeResultsDirectory="85864054-61c9-411d-b4ed-a327e38aa432" />
    <UnitTestResult executionId="77b423a3-43cb-4d92-9291-0befa079be34" testId="1f4c58fd-6160-fecb-f1df-f54c45326b97" testName="FtpClientMockTests.Upload_ShouldLogMessage" computerName="HP10864-LT" duration="00:00:00.5120173" startTime="2025-10-07T14:33:44.1756819-04:00" endTime="2025-10-07T14:33:44.1756823-04:00" testType="13cdc9d9-ddb5-4fa4-a97d-d965ccfc6d4b" outcome="Passed" testListId="8c84fa94-04c1-424b-9868-57a2d4851a1d" relativeResultsDirectory="77b423a3-43cb-4d92-9291-0befa079be34" />
    <UnitTestResult executionId="c524b7f2-3b4e-42ce-9fe4-a7dd12805bbd" testId="43e785b0-c94e-bd5d-2f90-cb6a334e7a64" testName="ProductGroupAssignmentTests.ProductGroupAssignment_ShouldThrowIfInvalid" computerName="HP10864-LT" duration="00:00:00.0054238" startTime="2025-10-07T14:33:43.4565626-04:00" endTime="2025-10-07T14:33:43.4565627-04:00" testType="13cdc9d9-ddb5-4fa4-a97d-d965ccfc6d4b" outcome="Passed" testListId="8c84fa94-04c1-424b-9868-57a2d4851a1d" relativeResultsDirectory="c524b7f2-3b4e-42ce-9fe4-a7dd12805bbd" />
    <UnitTestResult executionId="c35ed98d-479a-4afb-a7ce-354ee95b9cc2" testId="45396e7d-c1c2-fffc-955a-7eed6f226218" testName="AdmLodFileGeneratorTests.ShouldReportMissingProductFields" computerName="HP10864-LT" duration="00:00:00.0002456" startTime="2025-10-07T14:33:43.4717425-04:00" endTime="2025-10-07T14:33:43.4717426-04:00" testType="13cdc9d9-ddb5-4fa4-a97d-d965ccfc6d4b" outcome="Passed" testListId="8c84fa94-04c1-424b-9868-57a2d4851a1d" relativeResultsDirectory="c35ed98d-479a-4afb-a7ce-354ee95b9cc2" />
    <UnitTestResult executionId="181e397c-239b-4c69-b550-9ca6523c266c" testId="685b6528-4258-be1b-e11f-899d4eef4a15" testName="ProductTests.Product_ShouldStorePropertiesCorrectly" computerName="HP10864-LT" duration="00:00:00.0001706" startTime="2025-10-07T14:33:43.4713551-04:00" endTime="2025-10-07T14:33:43.4713552-04:00" testType="13cdc9d9-ddb5-4fa4-a97d-d965ccfc6d4b" outcome="Passed" testListId="8c84fa94-04c1-424b-9868-57a2d4851a1d" relativeResultsDirectory="181e397c-239b-4c69-b550-9ca6523c266c" />
    <UnitTestResult executionId="820f708e-3517-4dac-99ee-48f56042b692" testId="c10c8df3-56e6-79e0-8448-1188e776ba58" testName="JsonGroupRepositoryTests.GetProductGroupAssignments_ShouldReturnAssignments" computerName="HP10864-LT" duration="00:00:00.0407254" startTime="2025-10-07T14:33:43.4764143-04:00" endTime="2025-10-07T14:33:43.4764146-04:00" testType="13cdc9d9-ddb5-4fa4-a97d-d965ccfc6d4b" outcome="Passed" testListId="8c84fa94-04c1-424b-9868-57a2d4851a1d" relativeResultsDirectory="820f708e-3517-4dac-99ee-48f56042b692" />
    <UnitTestResult executionId="d429a615-2d58-41de-82e0-156c7ab58d6e" testId="721cb35b-9369-929c-c3ce-12f36fdaeb7b" testName="FtpClientMockTests.Upload_ShouldCopyFileToMockDirectory" computerName="HP10864-LT" duration="00:00:00.0158801" startTime="2025-10-07T14:33:43.5537783-04:00" endTime="2025-10-07T14:33:43.5537790-04:00" testType="13cdc9d9-ddb5-4fa4-a97d-d965ccfc6d4b" outcome="Passed" testListId="8c84fa94-04c1-424b-9868-57a2d4851a1d" relativeResultsDirectory="d429a615-2d58-41de-82e0-156c7ab58d6e" />
    <UnitTestResult executionId="a6acea69-430f-4965-92fb-9f14a79d97c0" testId="d427418e-ff77-4a8e-dde5-8eed08b5895b" testName="ProgramTest.Main_WithValidArgs_ShouldGenerateExpectedFiles(baseArgs: [&quot;export&quot;, &quot;--success&quot;, &quot;--logfile&quot;])" computerName="HP10864-LT" duration="00:00:00.0341040" startTime="2025-10-07T14:33:43.5148641-04:00" endTime="2025-10-07T14:33:43.5148648-04:00" testType="13cdc9d9-ddb5-4fa4-a97d-d965ccfc6d4b" outcome="Passed" testListId="8c84fa94-04c1-424b-9868-57a2d4851a1d" relativeResultsDirectory="a6acea69-430f-4965-92fb-9f14a79d97c0" />
    <UnitTestResult executionId="f86d6cee-ce37-434e-87bc-23c303d57361" testId="95a872a1-1a02-c0fe-8e60-690b35eebaf9" testName="LoggerTests.Log_ShouldWriteErrorMessageToFile" computerName="HP10864-LT" duration="00:00:00.0178641" startTime="2025-10-07T14:33:43.4865597-04:00" endTime="2025-10-07T14:33:43.4865598-04:00" testType="13cdc9d9-ddb5-4fa4-a97d-d965ccfc6d4b" outcome="Failed" testListId="8c84fa94-04c1-424b-9868-57a2d4851a1d" relativeResultsDirectory="f86d6cee-ce37-434e-87bc-23c303d57361">
      <Output>
        <ErrorInfo>
          <Message>System.NullReferenceException : Object reference not set to an instance of an object.</Message>
          <StackTrace>   at AdmLodExportSimulator.Logging.Logger.Log(String message, String severity) in C:\Users\472709\OneDrive - PILOT TRAVEL CENTERS LLC\AdmLodPrototype\src\Utilities\Logger.cs:line 47&#xD;
   at AdmLodExportSimulator.Logging.Logger.Error(String message) in C:\Users\472709\OneDrive - PILOT TRAVEL CENTERS LLC\AdmLodPrototype\src\Utilities\Logger.cs:line 101&#xD;
   at LoggerTests.Log_ShouldWriteErrorMessageToFile() in C:\Users\472709\OneDrive - PILOT TRAVEL CENTERS LLC\AdmLodPrototype\AdmLodPrototype.Tests\Utilities\LoggerTest.cs:line 37&#xD;
--- End of stack trace from previous location ---</StackTrace>
        </ErrorInfo>
      </Output>
    </UnitTestResult>
    <UnitTestResult executionId="b630265a-eaf8-4682-bc3e-fcd1a8aca4b8" testId="c77228e2-e714-f75f-b885-6132e3942cab" testName="ExportServiceTests.RunExport_ShouldLogError_WhenSimulationFails" computerName="HP10864-LT" duration="00:00:00.1351152" startTime="2025-10-07T14:33:43.5596439-04:00" endTime="2025-10-07T14:33:43.5596444-04:00" testType="13cdc9d9-ddb5-4fa4-a97d-d965ccfc6d4b" outcome="Passed" testListId="8c84fa94-04c1-424b-9868-57a2d4851a1d" relativeResultsDirectory="b630265a-eaf8-4682-bc3e-fcd1a8aca4b8" />
    <UnitTestResult executionId="25e8ddf5-8f32-409b-9467-b005c2ed628e" testId="25f6f985-8768-d5f9-6b76-f8ef7955cac2" testName="AdmLodFileWriterTests.WriteExportFile_ShouldThrowIfPathIsInvalid" computerName="HP10864-LT" duration="00:00:00.0046249" startTime="2025-10-07T14:33:43.4715793-04:00" endTime="2025-10-07T14:33:43.4715794-04:00" testType="13cdc9d9-ddb5-4fa4-a97d-d965ccfc6d4b" outcome="Passed" testListId="8c84fa94-04c1-424b-9868-57a2d4851a1d" relativeResultsDirectory="25e8ddf5-8f32-409b-9467-b005c2ed628e" />
    <UnitTestResult executionId="3ade4f2f-b32f-43cb-8626-6022e8cb5f2d" testId="dde9be2a-4860-0869-463e-e09eaa4750bf" testName="LoggerTests.Log_ShouldNotFailIfLogFileIsNull" computerName="HP10864-LT" duration="00:00:00.0106310" startTime="2025-10-07T14:33:43.4713001-04:00" endTime="2025-10-07T14:33:43.4713004-04:00" testType="13cdc9d9-ddb5-4fa4-a97d-d965ccfc6d4b" outcome="Passed" testListId="8c84fa94-04c1-424b-9868-57a2d4851a1d" relativeResultsDirectory="3ade4f2f-b32f-43cb-8626-6022e8cb5f2d" />
    <UnitTestResult executionId="44825fce-0517-40ff-a030-d35344367f55" testId="aefc25c3-2bf6-896d-9c70-63f4847ce2fc" testName="ProgramTest.Main_WithValidArgs_ShouldGenerateExpectedFiles(baseArgs: [&quot;export&quot;, &quot;--error&quot;])" computerName="HP10864-LT" duration="00:00:00.0067300" startTime="2025-10-07T14:33:43.4881524-04:00" endTime="2025-10-07T14:33:43.4881526-04:00" testType="13cdc9d9-ddb5-4fa4-a97d-d965ccfc6d4b" outcome="Failed" testListId="8c84fa94-04c1-424b-9868-57a2d4851a1d" relativeResultsDirectory="44825fce-0517-40ff-a030-d35344367f55">
      <Output>
        <ErrorInfo>
          <Message>System.NullReferenceException : Object reference not set to an instance of an object.</Message>
          <StackTrace>   at AdmLodExportSimulator.Logging.Logger.Log(String message, String severity) in C:\Users\472709\OneDrive - PILOT TRAVEL CENTERS LLC\AdmLodPrototype\src\Utilities\Logger.cs:line 47&#xD;
   at AdmLodExportSimulator.Logging.Logger.Info(String message) in C:\Users\472709\OneDrive - PILOT TRAVEL CENTERS LLC\AdmLodPrototype\src\Utilities\Logger.cs:line 99&#xD;
   at AdmLodPrototype.Services.ExportService.RunExport(Boolean simulateSuccess, String exportFilePath, String responseSuccessPath, String responseErrorPath) in C:\Users\472709\OneDrive - PILOT TRAVEL CENTERS LLC\AdmLodPrototype\src\Services\ExportService.cs:line 35&#xD;
   at Program.Main(String[] args) in C:\Users\472709\OneDrive - PILOT TRAVEL CENTERS LLC\AdmLodPrototype\src\Program.cs:line 80&#xD;
   at ProgramTest.Main_WithValidArgs_ShouldGenerateExpectedFiles(String[] baseArgs) in C:\Users\472709\OneDrive - PILOT TRAVEL CENTERS LLC\AdmLodPrototype\AdmLodPrototype.Tests\ProgramTest.cs:line 42&#xD;
--- End of stack trace from previous location ---</StackTrace>
        </ErrorInfo>
      </Output>
    </UnitTestResult>
    <UnitTestResult executionId="b3d8485a-c25d-48f4-acad-0fb5a7dc53b7" testId="e1029a2f-dd08-6044-08b6-6b884db1b807" testName="ProductGroupTests.ProductGroup_ShouldThrowIfNameIsEmpty" computerName="HP10864-LT" duration="00:00:00.0005140" startTime="2025-10-07T14:33:43.4714482-04:00" endTime="2025-10-07T14:33:43.4714483-04:00" testType="13cdc9d9-ddb5-4fa4-a97d-d965ccfc6d4b" outcome="Passed" testListId="8c84fa94-04c1-424b-9868-57a2d4851a1d" relativeResultsDirectory="b3d8485a-c25d-48f4-acad-0fb5a7dc53b7" />
    <UnitTestResult executionId="70d84cd9-c3e3-41cc-9bf8-7f58fad0dbb4" testId="c38470ea-b0ff-6367-f1b4-978310c03bb0" testName="SmokeTests.ShouldPass" computerName="HP10864-LT" duration="00:00:00.0040062" startTime="2025-10-07T14:33:43.4556354-04:00" endTime="2025-10-07T14:33:43.4556357-04:00" testType="13cdc9d9-ddb5-4fa4-a97d-d965ccfc6d4b" outcome="Passed" testListId="8c84fa94-04c1-424b-9868-57a2d4851a1d" relativeResultsDirectory="70d84cd9-c3e3-41cc-9bf8-7f58fad0dbb4" />
    <UnitTestResult executionId="a7907ca5-f378-488a-8f4b-164555f0f78d" testId="c5efe745-68d3-a58d-5d8e-70d4babe9d13" testName="JsonGroupRepositoryTests.GetProductGroups_ShouldReturnGroupNames" computerName="HP10864-LT" duration="00:00:00.0045120" startTime="2025-10-07T14:33:43.4765357-04:00" endTime="2025-10-07T14:33:43.4765358-04:00" testType="13cdc9d9-ddb5-4fa4-a97d-d965ccfc6d4b" outcome="Passed" testListId="8c84fa94-04c1-424b-9868-57a2d4851a1d" relativeResultsDirectory="a7907ca5-f378-488a-8f4b-164555f0f78d" />
    <UnitTestResult executionId="4dd37057-ebdb-4f53-a518-42d60831199b" testId="c15ee511-f676-b786-d052-eb0b2e15d6f8" testName="FtpClientMockTests.Upload_ShouldLogMessageAsync" computerName="HP10864-LT" duration="00:00:00.1229249" startTime="2025-10-07T14:33:44.4060313-04:00" endTime="2025-10-07T14:33:44.4060329-04:00" testType="13cdc9d9-ddb5-4fa4-a97d-d965ccfc6d4b" outcome="Passed" testListId="8c84fa94-04c1-424b-9868-57a2d4851a1d" relativeResultsDirectory="4dd37057-ebdb-4f53-a518-42d60831199b" />
    <UnitTestResult executionId="9afcf1e8-599e-46ba-9fbd-2d9320efc066" testId="9d1319bb-7c76-b2a7-7a04-8ffc61d37c9a" testName="FtpClientMockTests.UploadFileAsync_ShouldWriteFileToMockDirectory" computerName="HP10864-LT" duration="00:00:00.0072290" startTime="2025-10-07T14:33:44.5308233-04:00" endTime="2025-10-07T14:33:44.5308237-04:00" testType="13cdc9d9-ddb5-4fa4-a97d-d965ccfc6d4b" outcome="Passed" testListId="8c84fa94-04c1-424b-9868-57a2d4851a1d" relativeResultsDirectory="9afcf1e8-599e-46ba-9fbd-2d9320efc066" />
    <UnitTestResult executionId="f7730cf7-306f-4077-9ed2-3b85c91fb4fe" testId="e17fcd72-90f2-3bd3-f4c2-cf8f82508923" testName="ProductGroupTests.ProductGroup_ShouldStoreName" computerName="HP10864-LT" duration="00:00:00.0041196" startTime="2025-10-07T14:33:43.4563664-04:00" endTime="2025-10-07T14:33:43.4563665-04:00" testType="13cdc9d9-ddb5-4fa4-a97d-d965ccfc6d4b" outcome="Passed" testListId="8c84fa94-04c1-424b-9868-57a2d4851a1d" relativeResultsDirectory="f7730cf7-306f-4077-9ed2-3b85c91fb4fe" />
    <UnitTestResult executionId="667d2c87-f08b-49a8-ac4f-7e5e0ef9d296" testId="6618aee7-47d4-7edf-2100-f3f46f6942b5" testName="AppSettingsTests.ShouldLoadAppSettingsFromConfiguration" computerName="HP10864-LT" duration="00:00:00.0222225" startTime="2025-10-07T14:33:43.4716248-04:00" endTime="2025-10-07T14:33:43.4716249-04:00" testType="13cdc9d9-ddb5-4fa4-a97d-d965ccfc6d4b" outcome="Passed" testListId="8c84fa94-04c1-424b-9868-57a2d4851a1d" relativeResultsDirectory="667d2c87-f08b-49a8-ac4f-7e5e0ef9d296" />
    <UnitTestResult executionId="904dfde1-2bc3-46e3-a81a-c438dbe533b9" testId="9c90d8fc-7408-a914-2f53-f59bfe2d6da7" testName="AdmLodFileGeneratorTests.ShouldGenerateValidMergeLines" computerName="HP10864-LT" duration="00:00:00.0238048" startTime="2025-10-07T14:33:43.4716796-04:00" endTime="2025-10-07T14:33:43.4716797-04:00" testType="13cdc9d9-ddb5-4fa4-a97d-d965ccfc6d4b" outcome="Passed" testListId="8c84fa94-04c1-424b-9868-57a2d4851a1d" relativeResultsDirectory="904dfde1-2bc3-46e3-a81a-c438dbe533b9" />
    <UnitTestResult executionId="f282197f-8372-4391-80be-a01fba947681" testId="017552a4-1174-2cc8-24ab-00a2491983b5" testName="ProgramTest.Main_WithValidArgs_ShouldGenerateExpectedFiles(baseArgs: [&quot;export&quot;, &quot;--success&quot;])" computerName="HP10864-LT" duration="00:00:00.0261480" startTime="2025-10-07T14:33:43.4850985-04:00" endTime="2025-10-07T14:33:43.4850989-04:00" testType="13cdc9d9-ddb5-4fa4-a97d-d965ccfc6d4b" outcome="Failed" testListId="8c84fa94-04c1-424b-9868-57a2d4851a1d" relativeResultsDirectory="f282197f-8372-4391-80be-a01fba947681">
      <Output>
        <ErrorInfo>
          <Message>System.NullReferenceException : Object reference not set to an instance of an object.</Message>
          <StackTrace>   at AdmLodExportSimulator.Logging.Logger.Log(String message, String severity) in C:\Users\472709\OneDrive - PILOT TRAVEL CENTERS LLC\AdmLodPrototype\src\Utilities\Logger.cs:line 47&#xD;
   at AdmLodExportSimulator.Logging.Logger.Info(String message) in C:\Users\472709\OneDrive - PILOT TRAVEL CENTERS LLC\AdmLodPrototype\src\Utilities\Logger.cs:line 99&#xD;
   at AdmLodPrototype.Services.ExportService.RunExport(Boolean simulateSuccess, String exportFilePath, String responseSuccessPath, String responseErrorPath) in C:\Users\472709\OneDrive - PILOT TRAVEL CENTERS LLC\AdmLodPrototype\src\Services\ExportService.cs:line 35&#xD;
   at Program.Main(String[] args) in C:\Users\472709\OneDrive - PILOT TRAVEL CENTERS LLC\AdmLodPrototype\src\Program.cs:line 80&#xD;
   at ProgramTest.Main_WithValidArgs_ShouldGenerateExpectedFiles(String[] baseArgs) in C:\Users\472709\OneDrive - PILOT TRAVEL CENTERS LLC\AdmLodPrototype\AdmLodPrototype.Tests\ProgramTest.cs:line 42&#xD;
--- End of stack trace from previous location ---</StackTrace>
        </ErrorInfo>
      </Output>
    </UnitTestResult>
    <UnitTestResult executionId="ff201337-f2c5-4fd6-bf52-3e6a2b147403" testId="d25f0d51-95ce-b0ca-c566-6464207bc324" testName="ExportServiceTests.RunExport_ShouldLogSuccess_WhenSimulationIsSuccessful" computerName="HP10864-LT" duration="00:00:00.0108121" startTime="2025-10-07T14:33:43.5708697-04:00" endTime="2025-10-07T14:33:43.5708700-04:00" testType="13cdc9d9-ddb5-4fa4-a97d-d965ccfc6d4b" outcome="Passed" testListId="8c84fa94-04c1-424b-9868-57a2d4851a1d" relativeResultsDirectory="ff201337-f2c5-4fd6-bf52-3e6a2b147403" />
    <UnitTestResult executionId="0c42e884-7914-4a11-ac80-9d78667f94a1" testId="0bdcc666-f6cd-653e-32e2-e0a6e4337076" testName="ProductTests.Product_ShouldAllowNullValues" computerName="HP10864-LT" duration="00:00:00.0042315" startTime="2025-10-07T14:33:43.4563216-04:00" endTime="2025-10-07T14:33:43.4563217-04:00" testType="13cdc9d9-ddb5-4fa4-a97d-d965ccfc6d4b" outcome="Passed" testListId="8c84fa94-04c1-424b-9868-57a2d4851a1d" relativeResultsDirectory="0c42e884-7914-4a11-ac80-9d78667f94a1" />
    <UnitTestResult executionId="3e5b38b9-ec6d-4a53-b7ba-319733f8766a" testId="a8f27671-537b-52b2-c1a8-ee0fc4977097" testName="MockResponseGeneratorTests.ShouldReturnErrorForErrorLines" computerName="HP10864-LT" duration="00:00:00.0043026" startTime="2025-10-07T14:33:43.4563887-04:00" endTime="2025-10-07T14:33:43.4563888-04:00" testType="13cdc9d9-ddb5-4fa4-a97d-d965ccfc6d4b" outcome="Passed" testListId="8c84fa94-04c1-424b-9868-57a2d4851a1d" relativeResultsDirectory="3e5b38b9-ec6d-4a53-b7ba-319733f8766a" />
  </Results>
  <TestDefinitions>
    <UnitTest name="ResponseParserTests.ShouldCountSuccessAndErrorLines" storage="c:\users\472709\onedrive - pilot travel centers llc\admlodprototype\admlodprototype.tests\bin\debug\net8.0\admlodprototype.tests.dll" id="07fee0d7-34e5-2871-d964-db0fe5d25f92">
      <Execution id="56bec154-91e7-4d67-8740-fd4dce1eeb30" />
      <TestMethod codeBase="C:\Users\472709\OneDrive - PILOT TRAVEL CENTERS LLC\AdmLodPrototype\AdmLodPrototype.Tests\bin\Debug\net8.0\AdmLodPrototype.Tests.dll" adapterTypeName="executor://xunit/VsTestRunner2/netcoreapp" className="ResponseParserTests" name="ShouldCountSuccessAndErrorLines" />
    </UnitTest>
    <UnitTest name="AppSettingsTests.ShouldLoadAppSettingsFromConfiguration" storage="c:\users\472709\onedrive - pilot travel centers llc\admlodprototype\admlodprototype.tests\bin\debug\net8.0\admlodprototype.tests.dll" id="6618aee7-47d4-7edf-2100-f3f46f6942b5">
      <Execution id="667d2c87-f08b-49a8-ac4f-7e5e0ef9d296" />
      <TestMethod codeBase="C:\Users\472709\OneDrive - PILOT TRAVEL CENTERS LLC\AdmLodPrototype\AdmLodPrototype.Tests\bin\Debug\net8.0\AdmLodPrototype.Tests.dll" adapterTypeName="executor://xunit/VsTestRunner2/netcoreapp" className="AppSettingsTests" name="ShouldLoadAppSettingsFromConfiguration" />
    </UnitTest>
    <UnitTest name="MockResponseGeneratorTests.ShouldReturnSuccessForMergeLines" storage="c:\users\472709\onedrive - pilot travel centers llc\admlodprototype\admlodprototype.tests\bin\debug\net8.0\admlodprototype.tests.dll" id="9b1a9fc0-9751-1710-ed65-888f7a7925b8">
      <Execution id="5e4ec40e-228a-4210-961a-387c2fdaa7b8" />
      <TestMethod codeBase="C:\Users\472709\OneDrive - PILOT TRAVEL CENTERS LLC\AdmLodPrototype\AdmLodPrototype.Tests\bin\Debug\net8.0\AdmLodPrototype.Tests.dll" adapterTypeName="executor://xunit/VsTestRunner2/netcoreapp" className="MockResponseGeneratorTests" name="ShouldReturnSuccessForMergeLines" />
    </UnitTest>
    <UnitTest name="ProgramTest.Main_WithValidArgs_ShouldGenerateExpectedFiles(baseArgs: [&quot;export&quot;, &quot;--error&quot;])" storage="c:\users\472709\onedrive - pilot travel centers llc\admlodprototype\admlodprototype.tests\bin\debug\net8.0\admlodprototype.tests.dll" id="aefc25c3-2bf6-896d-9c70-63f4847ce2fc">
      <Execution id="44825fce-0517-40ff-a030-d35344367f55" />
      <TestMethod codeBase="C:\Users\472709\OneDrive - PILOT TRAVEL CENTERS LLC\AdmLodPrototype\AdmLodPrototype.Tests\bin\Debug\net8.0\AdmLodPrototype.Tests.dll" adapterTypeName="executor://xunit/VsTestRunner2/netcoreapp" className="ProgramTest" name="Main_WithValidArgs_ShouldGenerateExpectedFiles" />
    </UnitTest>
    <UnitTest name="ProductTests.Product_ShouldAllowNullValues" storage="c:\users\472709\onedrive - pilot travel centers llc\admlodprototype\admlodprototype.tests\bin\debug\net8.0\admlodprototype.tests.dll" id="0bdcc666-f6cd-653e-32e2-e0a6e4337076">
      <Execution id="0c42e884-7914-4a11-ac80-9d78667f94a1" />
      <TestMethod codeBase="C:\Users\472709\OneDrive - PILOT TRAVEL CENTERS LLC\AdmLodPrototype\AdmLodPrototype.Tests\bin\Debug\net8.0\AdmLodPrototype.Tests.dll" adapterTypeName="executor://xunit/VsTestRunner2/netcoreapp" className="ProductTests" name="Product_ShouldAllowNullValues" />
    </UnitTest>
    <UnitTest name="LoggerTests.Log_ShouldWriteErrorMessageToFile" storage="c:\users\472709\onedrive - pilot travel centers llc\admlodprototype\admlodprototype.tests\bin\debug\net8.0\admlodprototype.tests.dll" id="95a872a1-1a02-c0fe-8e60-690b35eebaf9">
      <Execution id="f86d6cee-ce37-434e-87bc-23c303d57361" />
      <TestMethod codeBase="C:\Users\472709\OneDrive - PILOT TRAVEL CENTERS LLC\AdmLodPrototype\AdmLodPrototype.Tests\bin\Debug\net8.0\AdmLodPrototype.Tests.dll" adapterTypeName="executor://xunit/VsTestRunner2/netcoreapp" className="LoggerTests" name="Log_ShouldWriteErrorMessageToFile" />
    </UnitTest>
    <UnitTest name="MockResponseGeneratorTests.ShouldReturnErrorForErrorLines" storage="c:\users\472709\onedrive - pilot travel centers llc\admlodprototype\admlodprototype.tests\bin\debug\net8.0\admlodprototype.tests.dll" id="a8f27671-537b-52b2-c1a8-ee0fc4977097">
      <Execution id="3e5b38b9-ec6d-4a53-b7ba-319733f8766a" />
      <TestMethod codeBase="C:\Users\472709\OneDrive - PILOT TRAVEL CENTERS LLC\AdmLodPrototype\AdmLodPrototype.Tests\bin\Debug\net8.0\AdmLodPrototype.Tests.dll" adapterTypeName="executor://xunit/VsTestRunner2/netcoreapp" className="MockResponseGeneratorTests" name="ShouldReturnErrorForErrorLines" />
    </UnitTest>
    <UnitTest name="FtpClientMockTests.UploadFileAsync_ShouldWriteFileToMockDirectory" storage="c:\users\472709\onedrive - pilot travel centers llc\admlodprototype\admlodprototype.tests\bin\debug\net8.0\admlodprototype.tests.dll" id="9d1319bb-7c76-b2a7-7a04-8ffc61d37c9a">
      <Execution id="9afcf1e8-599e-46ba-9fbd-2d9320efc066" />
      <TestMethod codeBase="C:\Users\472709\OneDrive - PILOT TRAVEL CENTERS LLC\AdmLodPrototype\AdmLodPrototype.Tests\bin\Debug\net8.0\AdmLodPrototype.Tests.dll" adapterTypeName="executor://xunit/VsTestRunner2/netcoreapp" className="FtpClientMockTests" name="UploadFileAsync_ShouldWriteFileToMockDirectory" />
    </UnitTest>
    <UnitTest name="JsonGroupRepositoryTests.GetProductGroupAssignments_ShouldReturnAssignments" storage="c:\users\472709\onedrive - pilot travel centers llc\admlodprototype\admlodprototype.tests\bin\debug\net8.0\admlodprototype.tests.dll" id="c10c8df3-56e6-79e0-8448-1188e776ba58">
      <Execution id="820f708e-3517-4dac-99ee-48f56042b692" />
      <TestMethod codeBase="C:\Users\472709\OneDrive - PILOT TRAVEL CENTERS LLC\AdmLodPrototype\AdmLodPrototype.Tests\bin\Debug\net8.0\AdmLodPrototype.Tests.dll" adapterTypeName="executor://xunit/VsTestRunner2/netcoreapp" className="JsonGroupRepositoryTests" name="GetProductGroupAssignments_ShouldReturnAssignments" />
    </UnitTest>
    <UnitTest name="ProgramTest.Main_WithValidArgs_ShouldGenerateExpectedFiles(baseArgs: [&quot;export&quot;, &quot;--success&quot;])" storage="c:\users\472709\onedrive - pilot travel centers llc\admlodprototype\admlodprototype.tests\bin\debug\net8.0\admlodprototype.tests.dll" id="017552a4-1174-2cc8-24ab-00a2491983b5">
      <Execution id="f282197f-8372-4391-80be-a01fba947681" />
      <TestMethod codeBase="C:\Users\472709\OneDrive - PILOT TRAVEL CENTERS LLC\AdmLodPrototype\AdmLodPrototype.Tests\bin\Debug\net8.0\AdmLodPrototype.Tests.dll" adapterTypeName="executor://xunit/VsTestRunner2/netcoreapp" className="ProgramTest" name="Main_WithValidArgs_ShouldGenerateExpectedFiles" />
    </UnitTest>
    <UnitTest name="AdmLodFileWriterTests.WriteExportFile_ShouldThrowIfPathIsInvalid" storage="c:\users\472709\onedrive - pilot travel centers llc\admlodprototype\admlodprototype.tests\bin\debug\net8.0\admlodprototype.tests.dll" id="25f6f985-8768-d5f9-6b76-f8ef7955cac2">
      <Execution id="25e8ddf5-8f32-409b-9467-b005c2ed628e" />
      <TestMethod codeBase="C:\Users\472709\OneDrive - PILOT TRAVEL CENTERS LLC\AdmLodPrototype\AdmLodPrototype.Tests\bin\Debug\net8.0\AdmLodPrototype.Tests.dll" adapterTypeName="executor://xunit/VsTestRunner2/netcoreapp" className="AdmLodFileWriterTests" name="WriteExportFile_ShouldThrowIfPathIsInvalid" />
    </UnitTest>
    <UnitTest name="ProductGroupAssignmentTests.ProductGroupAssignment_ShouldThrowIfInvalid" storage="c:\users\472709\onedrive - pilot travel centers llc\admlodprototype\admlodprototype.tests\bin\debug\net8.0\admlodprototype.tests.dll" id="43e785b0-c94e-bd5d-2f90-cb6a334e7a64">
      <Execution id="c524b7f2-3b4e-42ce-9fe4-a7dd12805bbd" />
      <TestMethod codeBase="C:\Users\472709\OneDrive - PILOT TRAVEL CENTERS LLC\AdmLodPrototype\AdmLodPrototype.Tests\bin\Debug\net8.0\AdmLodPrototype.Tests.dll" adapterTypeName="executor://xunit/VsTestRunner2/netcoreapp" className="ProductGroupAssignmentTests" name="ProductGroupAssignment_ShouldThrowIfInvalid" />
    </UnitTest>
    <UnitTest name="ProductTests.Product_ShouldStorePropertiesCorrectly" storage="c:\users\472709\onedrive - pilot travel centers llc\admlodprototype\admlodprototype.tests\bin\debug\net8.0\admlodprototype.tests.dll" id="685b6528-4258-be1b-e11f-899d4eef4a15">
      <Execution id="181e397c-239b-4c69-b550-9ca6523c266c" />
      <TestMethod codeBase="C:\Users\472709\OneDrive - PILOT TRAVEL CENTERS LLC\AdmLodPrototype\AdmLodPrototype.Tests\bin\Debug\net8.0\AdmLodPrototype.Tests.dll" adapterTypeName="executor://xunit/VsTestRunner2/netcoreapp" className="ProductTests" name="Product_ShouldStorePropertiesCorrectly" />
    </UnitTest>
    <UnitTest name="AdmLodFileWriterTests.WriteExportFile_ShouldCreateFileWithExpectedContent" storage="c:\users\472709\onedrive - pilot travel centers llc\admlodprototype\admlodprototype.tests\bin\debug\net8.0\admlodprototype.tests.dll" id="12b48d8b-3651-4157-4bc2-856a35d8eaf3">
      <Execution id="85864054-61c9-411d-b4ed-a327e38aa432" />
      <TestMethod codeBase="C:\Users\472709\OneDrive - PILOT TRAVEL CENTERS LLC\AdmLodPrototype\AdmLodPrototype.Tests\bin\Debug\net8.0\AdmLodPrototype.Tests.dll" adapterTypeName="executor://xunit/VsTestRunner2/netcoreapp" className="AdmLodFileWriterTests" name="WriteExportFile_ShouldCreateFileWithExpectedContent" />
    </UnitTest>
    <UnitTest name="ProductGroupTests.ProductGroup_ShouldThrowIfNameIsEmpty" storage="c:\users\472709\onedrive - pilot travel centers llc\admlodprototype\admlodprototype.tests\bin\debug\net8.0\admlodprototype.tests.dll" id="e1029a2f-dd08-6044-08b6-6b884db1b807">
      <Execution id="b3d8485a-c25d-48f4-acad-0fb5a7dc53b7" />
      <TestMethod codeBase="C:\Users\472709\OneDrive - PILOT TRAVEL CENTERS LLC\AdmLodPrototype\AdmLodPrototype.Tests\bin\Debug\net8.0\AdmLodPrototype.Tests.dll" adapterTypeName="executor://xunit/VsTestRunner2/netcoreapp" className="ProductGroupTests" name="ProductGroup_ShouldThrowIfNameIsEmpty" />
    </UnitTest>
    <UnitTest name="LoggerTests.Log_ShouldNotFailIfLogFileIsNull" storage="c:\users\472709\onedrive - pilot travel centers llc\admlodprototype\admlodprototype.tests\bin\debug\net8.0\admlodprototype.tests.dll" id="dde9be2a-4860-0869-463e-e09eaa4750bf">
      <Execution id="3ade4f2f-b32f-43cb-8626-6022e8cb5f2d" />
      <TestMethod codeBase="C:\Users\472709\OneDrive - PILOT TRAVEL CENTERS LLC\AdmLodPrototype\AdmLodPrototype.Tests\bin\Debug\net8.0\AdmLodPrototype.Tests.dll" adapterTypeName="executor://xunit/VsTestRunner2/netcoreapp" className="LoggerTests" name="Log_ShouldNotFailIfLogFileIsNull" />
    </UnitTest>
    <UnitTest name="ExportServiceTests.RunExport_ShouldLogSuccess_WhenSimulationIsSuccessful" storage="c:\users\472709\onedrive - pilot travel centers llc\admlodprototype\admlodprototype.tests\bin\debug\net8.0\admlodprototype.tests.dll" id="d25f0d51-95ce-b0ca-c566-6464207bc324">
      <Execution id="ff201337-f2c5-4fd6-bf52-3e6a2b147403" />
      <TestMethod codeBase="C:\Users\472709\OneDrive - PILOT TRAVEL CENTERS LLC\AdmLodPrototype\AdmLodPrototype.Tests\bin\Debug\net8.0\AdmLodPrototype.Tests.dll" adapterTypeName="executor://xunit/VsTestRunner2/netcoreapp" className="ExportServiceTests" name="RunExport_ShouldLogSuccess_WhenSimulationIsSuccessful" />
    </UnitTest>
    <UnitTest name="ProgramTest.Main_WithValidArgs_ShouldGenerateExpectedFiles(baseArgs: [&quot;export&quot;, &quot;--success&quot;, &quot;--logfile&quot;])" storage="c:\users\472709\onedrive - pilot travel centers llc\admlodprototype\admlodprototype.tests\bin\debug\net8.0\admlodprototype.tests.dll" id="d427418e-ff77-4a8e-dde5-8eed08b5895b">
      <Execution id="a6acea69-430f-4965-92fb-9f14a79d97c0" />
      <TestMethod codeBase="C:\Users\472709\OneDrive - PILOT TRAVEL CENTERS LLC\AdmLodPrototype\AdmLodPrototype.Tests\bin\Debug\net8.0\AdmLodPrototype.Tests.dll" adapterTypeName="executor://xunit/VsTestRunner2/netcoreapp" className="ProgramTest" name="Main_WithValidArgs_ShouldGenerateExpectedFiles" />
    </UnitTest>
    <UnitTest name="SmokeTests.ShouldPass" storage="c:\users\472709\onedrive - pilot travel centers llc\admlodprototype\admlodprototype.tests\bin\debug\net8.0\admlodprototype.tests.dll" id="c38470ea-b0ff-6367-f1b4-978310c03bb0">
      <Execution id="70d84cd9-c3e3-41cc-9bf8-7f58fad0dbb4" />
      <TestMethod codeBase="C:\Users\472709\OneDrive - PILOT TRAVEL CENTERS LLC\AdmLodPrototype\AdmLodPrototype.Tests\bin\Debug\net8.0\AdmLodPrototype.Tests.dll" adapterTypeName="executor://xunit/VsTestRunner2/netcoreapp" className="SmokeTests" name="ShouldPass" />
    </UnitTest>
    <UnitTest name="FtpClientMockTests.Upload_ShouldCopyFileToMockDirectory" storage="c:\users\472709\onedrive - pilot travel centers llc\admlodprototype\admlodprototype.tests\bin\debug\net8.0\admlodprototype.tests.dll" id="721cb35b-9369-929c-c3ce-12f36fdaeb7b">
      <Execution id="d429a615-2d58-41de-82e0-156c7ab58d6e" />
      <TestMethod codeBase="C:\Users\472709\OneDrive - PILOT TRAVEL CENTERS LLC\AdmLodPrototype\AdmLodPrototype.Tests\bin\Debug\net8.0\AdmLodPrototype.Tests.dll" adapterTypeName="executor://xunit/VsTestRunner2/netcoreapp" className="FtpClientMockTests" name="Upload_ShouldCopyFileToMockDirectory" />
    </UnitTest>
    <UnitTest name="JsonGroupRepositoryTests.GetProductGroups_ShouldReturnGroupNames" storage="c:\users\472709\onedrive - pilot travel centers llc\admlodprototype\admlodprototype.tests\bin\debug\net8.0\admlodprototype.tests.dll" id="c5efe745-68d3-a58d-5d8e-70d4babe9d13">
      <Execution id="a7907ca5-f378-488a-8f4b-164555f0f78d" />
      <TestMethod codeBase="C:\Users\472709\OneDrive - PILOT TRAVEL CENTERS LLC\AdmLodPrototype\AdmLodPrototype.Tests\bin\Debug\net8.0\AdmLodPrototype.Tests.dll" adapterTypeName="executor://xunit/VsTestRunner2/netcoreapp" className="JsonGroupRepositoryTests" name="GetProductGroups_ShouldReturnGroupNames" />
    </UnitTest>
    <UnitTest name="ExportServiceTests.RunExport_ShouldLogError_WhenSimulationFails" storage="c:\users\472709\onedrive - pilot travel centers llc\admlodprototype\admlodprototype.tests\bin\debug\net8.0\admlodprototype.tests.dll" id="c77228e2-e714-f75f-b885-6132e3942cab">
      <Execution id="b630265a-eaf8-4682-bc3e-fcd1a8aca4b8" />
      <TestMethod codeBase="C:\Users\472709\OneDrive - PILOT TRAVEL CENTERS LLC\AdmLodPrototype\AdmLodPrototype.Tests\bin\Debug\net8.0\AdmLodPrototype.Tests.dll" adapterTypeName="executor://xunit/VsTestRunner2/netcoreapp" className="ExportServiceTests" name="RunExport_ShouldLogError_WhenSimulationFails" />
    </UnitTest>
    <UnitTest name="ProductGroupTests.ProductGroup_ShouldStoreName" storage="c:\users\472709\onedrive - pilot travel centers llc\admlodprototype\admlodprototype.tests\bin\debug\net8.0\admlodprototype.tests.dll" id="e17fcd72-90f2-3bd3-f4c2-cf8f82508923">
      <Execution id="f7730cf7-306f-4077-9ed2-3b85c91fb4fe" />
      <TestMethod codeBase="C:\Users\472709\OneDrive - PILOT TRAVEL CENTERS LLC\AdmLodPrototype\AdmLodPrototype.Tests\bin\Debug\net8.0\AdmLodPrototype.Tests.dll" adapterTypeName="executor://xunit/VsTestRunner2/netcoreapp" className="ProductGroupTests" name="ProductGroup_ShouldStoreName" />
    </UnitTest>
    <UnitTest name="FtpClientMockTests.Upload_ShouldLogMessageAsync" storage="c:\users\472709\onedrive - pilot travel centers llc\admlodprototype\admlodprototype.tests\bin\debug\net8.0\admlodprototype.tests.dll" id="c15ee511-f676-b786-d052-eb0b2e15d6f8">
      <Execution id="4dd37057-ebdb-4f53-a518-42d60831199b" />
      <TestMethod codeBase="C:\Users\472709\OneDrive - PILOT TRAVEL CENTERS LLC\AdmLodPrototype\AdmLodPrototype.Tests\bin\Debug\net8.0\AdmLodPrototype.Tests.dll" adapterTypeName="executor://xunit/VsTestRunner2/netcoreapp" className="FtpClientMockTests" name="Upload_ShouldLogMessageAsync" />
    </UnitTest>
    <UnitTest name="AdmLodFileGeneratorTests.ShouldReportMissingProductFields" storage="c:\users\472709\onedrive - pilot travel centers llc\admlodprototype\admlodprototype.tests\bin\debug\net8.0\admlodprototype.tests.dll" id="45396e7d-c1c2-fffc-955a-7eed6f226218">
      <Execution id="c35ed98d-479a-4afb-a7ce-354ee95b9cc2" />
      <TestMethod codeBase="C:\Users\472709\OneDrive - PILOT TRAVEL CENTERS LLC\AdmLodPrototype\AdmLodPrototype.Tests\bin\Debug\net8.0\AdmLodPrototype.Tests.dll" adapterTypeName="executor://xunit/VsTestRunner2/netcoreapp" className="AdmLodFileGeneratorTests" name="ShouldReportMissingProductFields" />
    </UnitTest>
    <UnitTest name="JsonProductRepositoryTests.GetProducts_ShouldReturnParsedProducts" storage="c:\users\472709\onedrive - pilot travel centers llc\admlodprototype\admlodprototype.tests\bin\debug\net8.0\admlodprototype.tests.dll" id="d08793e1-c5b5-985f-2291-994d928fccec">
      <Execution id="de084bf3-95c1-481c-98c8-23fa4c1a5aed" />
      <TestMethod codeBase="C:\Users\472709\OneDrive - PILOT TRAVEL CENTERS LLC\AdmLodPrototype\AdmLodPrototype.Tests\bin\Debug\net8.0\AdmLodPrototype.Tests.dll" adapterTypeName="executor://xunit/VsTestRunner2/netcoreapp" className="JsonProductRepositoryTests" name="GetProducts_ShouldReturnParsedProducts" />
    </UnitTest>
    <UnitTest name="FtpClientMockTests.Upload_ShouldLogMessage" storage="c:\users\472709\onedrive - pilot travel centers llc\admlodprototype\admlodprototype.tests\bin\debug\net8.0\admlodprototype.tests.dll" id="1f4c58fd-6160-fecb-f1df-f54c45326b97">
      <Execution id="77b423a3-43cb-4d92-9291-0befa079be34" />
      <TestMethod codeBase="C:\Users\472709\OneDrive - PILOT TRAVEL CENTERS LLC\AdmLodPrototype\AdmLodPrototype.Tests\bin\Debug\net8.0\AdmLodPrototype.Tests.dll" adapterTypeName="executor://xunit/VsTestRunner2/netcoreapp" className="FtpClientMockTests" name="Upload_ShouldLogMessage" />
    </UnitTest>
    <UnitTest name="LoggerTests.Log_ShouldWriteInfoMessageToFile" storage="c:\users\472709\onedrive - pilot travel centers llc\admlodprototype\admlodprototype.tests\bin\debug\net8.0\admlodprototype.tests.dll" id="641b9667-d560-329a-3ca8-7299a60e4dcc">
      <Execution id="c9167d6f-7feb-48f1-94de-69863c776b32" />
      <TestMethod codeBase="C:\Users\472709\OneDrive - PILOT TRAVEL CENTERS LLC\AdmLodPrototype\AdmLodPrototype.Tests\bin\Debug\net8.0\AdmLodPrototype.Tests.dll" adapterTypeName="executor://xunit/VsTestRunner2/netcoreapp" className="LoggerTests" name="Log_ShouldWriteInfoMessageToFile" />
    </UnitTest>
    <UnitTest name="AdmLodFileGeneratorTests.ShouldGenerateValidMergeLines" storage="c:\users\472709\onedrive - pilot travel centers llc\admlodprototype\admlodprototype.tests\bin\debug\net8.0\admlodprototype.tests.dll" id="9c90d8fc-7408-a914-2f53-f59bfe2d6da7">
      <Execution id="904dfde1-2bc3-46e3-a81a-c438dbe533b9" />
      <TestMethod codeBase="C:\Users\472709\OneDrive - PILOT TRAVEL CENTERS LLC\AdmLodPrototype\AdmLodPrototype.Tests\bin\Debug\net8.0\AdmLodPrototype.Tests.dll" adapterTypeName="executor://xunit/VsTestRunner2/netcoreapp" className="AdmLodFileGeneratorTests" name="ShouldGenerateValidMergeLines" />
    </UnitTest>
  </TestDefinitions>
  <TestEntries>
    <TestEntry testId="641b9667-d560-329a-3ca8-7299a60e4dcc" executionId="c9167d6f-7feb-48f1-94de-69863c776b32" testListId="8c84fa94-04c1-424b-9868-57a2d4851a1d" />
    <TestEntry testId="d08793e1-c5b5-985f-2291-994d928fccec" executionId="de084bf3-95c1-481c-98c8-23fa4c1a5aed" testListId="8c84fa94-04c1-424b-9868-57a2d4851a1d" />
    <TestEntry testId="9b1a9fc0-9751-1710-ed65-888f7a7925b8" executionId="5e4ec40e-228a-4210-961a-387c2fdaa7b8" testListId="8c84fa94-04c1-424b-9868-57a2d4851a1d" />
    <TestEntry testId="07fee0d7-34e5-2871-d964-db0fe5d25f92" executionId="56bec154-91e7-4d67-8740-fd4dce1eeb30" testListId="8c84fa94-04c1-424b-9868-57a2d4851a1d" />
    <TestEntry testId="12b48d8b-3651-4157-4bc2-856a35d8eaf3" executionId="85864054-61c9-411d-b4ed-a327e38aa432" testListId="8c84fa94-04c1-424b-9868-57a2d4851a1d" />
    <TestEntry testId="1f4c58fd-6160-fecb-f1df-f54c45326b97" executionId="77b423a3-43cb-4d92-9291-0befa079be34" testListId="8c84fa94-04c1-424b-9868-57a2d4851a1d" />
    <TestEntry testId="43e785b0-c94e-bd5d-2f90-cb6a334e7a64" executionId="c524b7f2-3b4e-42ce-9fe4-a7dd12805bbd" testListId="8c84fa94-04c1-424b-9868-57a2d4851a1d" />
    <TestEntry testId="45396e7d-c1c2-fffc-955a-7eed6f226218" executionId="c35ed98d-479a-4afb-a7ce-354ee95b9cc2" testListId="8c84fa94-04c1-424b-9868-57a2d4851a1d" />
    <TestEntry testId="685b6528-4258-be1b-e11f-899d4eef4a15" executionId="181e397c-239b-4c69-b550-9ca6523c266c" testListId="8c84fa94-04c1-424b-9868-57a2d4851a1d" />
    <TestEntry testId="c10c8df3-56e6-79e0-8448-1188e776ba58" executionId="820f708e-3517-4dac-99ee-48f56042b692" testListId="8c84fa94-04c1-424b-9868-57a2d4851a1d" />
    <TestEntry testId="721cb35b-9369-929c-c3ce-12f36fdaeb7b" executionId="d429a615-2d58-41de-82e0-156c7ab58d6e" testListId="8c84fa94-04c1-424b-9868-57a2d4851a1d" />
    <TestEntry testId="d427418e-ff77-4a8e-dde5-8eed08b5895b" executionId="a6acea69-430f-4965-92fb-9f14a79d97c0" testListId="8c84fa94-04c1-424b-9868-57a2d4851a1d" />
    <TestEntry testId="95a872a1-1a02-c0fe-8e60-690b35eebaf9" executionId="f86d6cee-ce37-434e-87bc-23c303d57361" testListId="8c84fa94-04c1-424b-9868-57a2d4851a1d" />
    <TestEntry testId="c77228e2-e714-f75f-b885-6132e3942cab" executionId="b630265a-eaf8-4682-bc3e-fcd1a8aca4b8" testListId="8c84fa94-04c1-424b-9868-57a2d4851a1d" />
    <TestEntry testId="25f6f985-8768-d5f9-6b76-f8ef7955cac2" executionId="25e8ddf5-8f32-409b-9467-b005c2ed628e" testListId="8c84fa94-04c1-424b-9868-57a2d4851a1d" />
    <TestEntry testId="dde9be2a-4860-0869-463e-e09eaa4750bf" executionId="3ade4f2f-b32f-43cb-8626-6022e8cb5f2d" testListId="8c84fa94-04c1-424b-9868-57a2d4851a1d" />
    <TestEntry testId="aefc25c3-2bf6-896d-9c70-63f4847ce2fc" executionId="44825fce-0517-40ff-a030-d35344367f55" testListId="8c84fa94-04c1-424b-9868-57a2d4851a1d" />
    <TestEntry testId="e1029a2f-dd08-6044-08b6-6b884db1b807" executionId="b3d8485a-c25d-48f4-acad-0fb5a7dc53b7" testListId="8c84fa94-04c1-424b-9868-57a2d4851a1d" />
    <TestEntry testId="c38470ea-b0ff-6367-f1b4-978310c03bb0" executionId="70d84cd9-c3e3-41cc-9bf8-7f58fad0dbb4" testListId="8c84fa94-04c1-424b-9868-57a2d4851a1d" />
    <TestEntry testId="c5efe745-68d3-a58d-5d8e-70d4babe9d13" executionId="a7907ca5-f378-488a-8f4b-164555f0f78d" testListId="8c84fa94-04c1-424b-9868-57a2d4851a1d" />
    <TestEntry testId="c15ee511-f676-b786-d052-eb0b2e15d6f8" executionId="4dd37057-ebdb-4f53-a518-42d60831199b" testListId="8c84fa94-04c1-424b-9868-57a2d4851a1d" />
    <TestEntry testId="9d1319bb-7c76-b2a7-7a04-8ffc61d37c9a" executionId="9afcf1e8-599e-46ba-9fbd-2d9320efc066" testListId="8c84fa94-04c1-424b-9868-57a2d4851a1d" />
    <TestEntry testId="e17fcd72-90f2-3bd3-f4c2-cf8f82508923" executionId="f7730cf7-306f-4077-9ed2-3b85c91fb4fe" testListId="8c84fa94-04c1-424b-9868-57a2d4851a1d" />
    <TestEntry testId="6618aee7-47d4-7edf-2100-f3f46f6942b5" executionId="667d2c87-f08b-49a8-ac4f-7e5e0ef9d296" testListId="8c84fa94-04c1-424b-9868-57a2d4851a1d" />
    <TestEntry testId="9c90d8fc-7408-a914-2f53-f59bfe2d6da7" executionId="904dfde1-2bc3-46e3-a81a-c438dbe533b9" testListId="8c84fa94-04c1-424b-9868-57a2d4851a1d" />
    <TestEntry testId="017552a4-1174-2cc8-24ab-00a2491983b5" executionId="f282197f-8372-4391-80be-a01fba947681" testListId="8c84fa94-04c1-424b-9868-57a2d4851a1d" />
    <TestEntry testId="d25f0d51-95ce-b0ca-c566-6464207bc324" executionId="ff201337-f2c5-4fd6-bf52-3e6a2b147403" testListId="8c84fa94-04c1-424b-9868-57a2d4851a1d" />
    <TestEntry testId="0bdcc666-f6cd-653e-32e2-e0a6e4337076" executionId="0c42e884-7914-4a11-ac80-9d78667f94a1" testListId="8c84fa94-04c1-424b-9868-57a2d4851a1d" />
    <TestEntry testId="a8f27671-537b-52b2-c1a8-ee0fc4977097" executionId="3e5b38b9-ec6d-4a53-b7ba-319733f8766a" testListId="8c84fa94-04c1-424b-9868-57a2d4851a1d" />
  </TestEntries>
  <TestLists>
    <TestList name="Results Not in a List" id="8c84fa94-04c1-424b-9868-57a2d4851a1d" />
    <TestList name="All Loaded Results" id="19431567-8539-422a-85d7-44ee4e166bda" />
  </TestLists>
  <ResultSummary outcome="Failed">
    <Counters total="29" executed="29" passed="26" failed="3" error="0" timeout="0" aborted="0" inconclusive="0" passedButRunAborted="0" notRunnable="0" notExecuted="0" disconnected="0" warning="0" completed="0" inProgress="0" pending="0" />
    <Output>
      <StdOut>[xUnit.net 00:00:00.00] xUnit.net VSTest Adapter v2.4.5+1caef2f33e (64-bit .NET 8.0.20)&#xD;
[xUnit.net 00:00:00.80]   Discovering: AdmLodPrototype.Tests&#xD;
[xUnit.net 00:00:00.85]   Discovered:  AdmLodPrototype.Tests&#xD;
[xUnit.net 00:00:00.85]   Starting:    AdmLodPrototype.Tests&#xD;
2025-10-07 14:33:43 [ERROR] This is an error message&#xD;
2025-10-07 14:33:43 [INFO] Starting ADMLOD Export Prototype&#xD;
2025-10-07 14:33:43 [INFO] Generating ADMLOD export file...&#xD;
2025-10-07 14:33:43 [INFO] Starting ADMLOD Export Prototype&#xD;
2025-10-07 14:33:43 [INFO] Generating ADMLOD export file...&#xD;
2025-10-07 14:33:43 [INFO] This is an info message&#xD;
2025-10-07 14:33:43 [INFO] Starting ADMLOD Export Prototype&#xD;
2025-10-07 14:33:43 [INFO] Generating ADMLOD export file...&#xD;
[xUnit.net 00:00:00.98]       System.NullReferenceException : Object reference not set to an instance of an object.&#xD;
[xUnit.net 00:00:00.98]       Stack Trace:&#xD;
[xUnit.net 00:00:00.98]         C:\Users\472709\OneDrive - PILOT TRAVEL CENTERS LLC\AdmLodPrototype\src\Utilities\Logger.cs(47,0): at AdmLodExportSimulator.Logging.Logger.Log(String message, String severity)&#xD;
[xUnit.net 00:00:00.98]         C:\Users\472709\OneDrive - PILOT TRAVEL CENTERS LLC\AdmLodPrototype\src\Utilities\Logger.cs(99,0): at AdmLodExportSimulator.Logging.Logger.Info(String message)&#xD;
[xUnit.net 00:00:00.98]         C:\Users\472709\OneDrive - PILOT TRAVEL CENTERS LLC\AdmLodPrototype\src\Services\ExportService.cs(35,0): at AdmLodPrototype.Services.ExportService.RunExport(Boolean simulateSuccess, String exportFilePath, String responseSuccessPath, String responseErrorPath)&#xD;
[xUnit.net 00:00:00.98]         C:\Users\472709\OneDrive - PILOT TRAVEL CENTERS LLC\AdmLodPrototype\src\Program.cs(80,0): at Program.Main(String[] args)&#xD;
[xUnit.net 00:00:00.98]         C:\Users\472709\OneDrive - PILOT TRAVEL CENTERS LLC\AdmLodPrototype\AdmLodPrototype.Tests\ProgramTest.cs(42,0): at ProgramTest.Main_WithValidArgs_ShouldGenerateExpectedFiles(String[] baseArgs)&#xD;
[xUnit.net 00:00:00.98]         --- End of stack trace from previous location ---&#xD;
[xUnit.net 00:00:00.98]       System.NullReferenceException : Object reference not set to an instance of an object.&#xD;
2025-10-07 14:33:43 [INFO] [FTP] Uploaded MockFiles/adm_export_0a3607e0-8e3b-4b39-bbd8-ab78bb274d5c.txt to adm_export.txt&#xD;
[xUnit.net 00:00:00.98]       Stack Trace:&#xD;
[xUnit.net 00:00:00.98]         C:\Users\472709\OneDrive - PILOT TRAVEL CENTERS LLC\AdmLodPrototype\src\Utilities\Logger.cs(47,0): at AdmLodExportSimulator.Logging.Logger.Log(String message, String severity)&#xD;
[xUnit.net 00:00:00.98]         C:\Users\472709\OneDrive - PILOT TRAVEL CENTERS LLC\AdmLodPrototype\src\Utilities\Logger.cs(101,0): at AdmLodExportSimulator.Logging.Logger.Error(String message)&#xD;
[xUnit.net 00:00:00.98]         C:\Users\472709\OneDrive - PILOT TRAVEL CENTERS LLC\AdmLodPrototype\AdmLodPrototype.Tests\Utilities\LoggerTest.cs(37,0): at LoggerTests.Log_ShouldWriteErrorMessageToFile()&#xD;
2025-10-07 14:33:43 [SUCCESS] Simulated FTP upload completed.&#xD;
[xUnit.net 00:00:00.98]         --- End of stack trace from previous location ---&#xD;
[xUnit.net 00:00:00.98]       System.NullReferenceException : Object reference not set to an instance of an object.&#xD;
[xUnit.net 00:00:00.98]       Stack Trace:&#xD;
2025-10-07 14:33:43 [INFO] Total Successes: 2&#xD;
[xUnit.net 00:00:00.98]         C:\Users\472709\OneDrive - PILOT TRAVEL CENTERS LLC\AdmLodPrototype\src\Utilities\Logger.cs(47,0): at AdmLodExportSimulator.Logging.Logger.Log(String message, String severity)&#xD;
[xUnit.net 00:00:00.98]         C:\Users\472709\OneDrive - PILOT TRAVEL CENTERS LLC\AdmLodPrototype\src\Utilities\Logger.cs(99,0): at AdmLodExportSimulator.Logging.Logger.Info(String message)&#xD;
[xUnit.net 00:00:00.98]         C:\Users\472709\OneDrive - PILOT TRAVEL CENTERS LLC\AdmLodPrototype\src\Services\ExportService.cs(35,0): at AdmLodPrototype.Services.ExportService.RunExport(Boolean simulateSuccess, String exportFilePath, String responseSuccessPath, String responseErrorPath)&#xD;
2025-10-07 14:33:43 [WARN] Total Errors: 1&#xD;
[xUnit.net 00:00:00.98]         C:\Users\472709\OneDrive - PILOT TRAVEL CENTERS LLC\AdmLodPrototype\src\Program.cs(80,0): at Program.Main(String[] args)&#xD;
[xUnit.net 00:00:00.98]         C:\Users\472709\OneDrive - PILOT TRAVEL CENTERS LLC\AdmLodPrototype\AdmLodPrototype.Tests\ProgramTest.cs(42,0): at ProgramTest.Main_WithValidArgs_ShouldGenerateExpectedFiles(String[] baseArgs)&#xD;
[xUnit.net 00:00:00.98]         --- End of stack trace from previous location ---&#xD;
2025-10-07 14:33:43 [INFO] Generating ADMLOD export file...&#xD;
2025-10-07 14:33:43 [ERROR] Simulated FTP upload failed.&#xD;
Logger initialized with: C:\Users\472709\AppData\Local\Temp\test_log_15bca336-574d-4fe3-8e4f-d97992c2b034.txt&#xD;
2025-10-07 14:33:43 [INFO] [FTP] Uploaded C:\Users\472709\AppData\Local\Temp\MockFiles_8f3016ba-71e2-4441-884b-b018bc3f1f00\testfile.txt to remote_testfile.txt&#xD;
2025-10-07 14:33:43 [INFO] Generating ADMLOD export file...&#xD;
2025-10-07 14:33:43 [SUCCESS] Simulated FTP upload completed.&#xD;
2025-10-07 14:33:43 [INFO] Total Successes: 1&#xD;
2025-10-07 14:33:43 [WARN] Total Errors: 0&#xD;
2025-10-07 14:33:44 [INFO] [FTP] Uploaded C:\Users\472709\AppData\Local\Temp\MockFiles_1dfa2d81-9415-4306-8da5-2731210e8da4\testfile.txt to remote_testfile.txt&#xD;
[xUnit.net 00:00:02.03]   Finished:    AdmLodPrototype.Tests&#xD;
</StdOut>
    </Output>
    <RunInfos>
      <RunInfo computerName="HP10864-LT" outcome="Error" timestamp="2025-10-07T14:33:43.5256282-04:00">
        <Text>[xUnit.net 00:00:00.98]     ProgramTest.Main_WithValidArgs_ShouldGenerateExpectedFiles(baseArgs: ["export", "--success"]) [FAIL]</Text>
      </RunInfo>
      <RunInfo computerName="HP10864-LT" outcome="Error" timestamp="2025-10-07T14:33:43.5263335-04:00">
        <Text>[xUnit.net 00:00:00.98]     LoggerTests.Log_ShouldWriteErrorMessageToFile [FAIL]</Text>
      </RunInfo>
      <RunInfo computerName="HP10864-LT" outcome="Error" timestamp="2025-10-07T14:33:43.5272363-04:00">
        <Text>[xUnit.net 00:00:00.98]     ProgramTest.Main_WithValidArgs_ShouldGenerateExpectedFiles(baseArgs: ["export", "--error"]) [FAIL]</Text>
      </RunInfo>
    </RunInfos>
  </ResultSummary>
</TestRun>